1   0.0396947   0
2   0.0410817   0.0356048
3   0.0437666   0.0293119
4   0.0438189   0.0245755
5   0.0455657   0.0224433
6   0.0482987   0.0215562
7   0.0490289   0.0200227
8   0.0487416   0.0184528
9   0.0480746   0.0170518
10   0.0475916   0.0159288
11   0.047638   0.0151266
12   0.0469149   0.014225
13   0.0460525   0.0133985
14   0.0455565   0.0127421
15   0.0457898   0.0123374
16   0.0462843   0.012051
17   0.0464471   0.0117052
18   0.0466601   0.0114048
19   0.0469106   0.0111411
20   0.0471321   0.0108932
21   0.0468594   0.0105573
22   0.0465363   0.0102352
23   0.0462229   0.00993564
24   0.0460292   0.00967626
25   0.0459417   0.00945248
26   0.0463848   0.00935729
27   0.0468165   0.00926683
28   0.0467877   0.00908539
29   0.0469949   0.00896029
30   0.0471194   0.00882581
31   0.0473119   0.00871217
32   0.0474682   0.0085976
33   0.0474184   0.00845158
34   0.0475947   0.00835295
35   0.0477344   0.00825232
36   0.0476388   0.00811641
37   0.0475202   0.00798255
38   0.0473873   0.00785186
39   0.0473173   0.00773543
40   0.0475088   0.00766701
41   0.0477917   0.00761882
42   0.0478649   0.00753561
43   0.0479027   0.00744991
44   0.0482096   0.00741427
45   0.0484592   0.00736974
46   0.0485394   0.00729835
47   0.0486721   0.00723792
48   0.0489227   0.00719987
49   0.0490247   0.00713855
50   0.048971   0.00705673
51   0.0487575   0.00695801
52   0.0486444   0.00687353
53   0.0486809   0.0068111
54   0.0487648   0.00675739
55   0.0487304   0.00668895
56   0.0487255   0.00662621
57   0.0485938   0.00654971
58   0.0484085   0.00646938
59   0.0484095   0.00641256
60   0.0484147   0.00635774
61   0.0483986   0.00630163
62   0.0483233   0.00623982
63   0.0483587   0.00619304
64   0.0484541   0.00615557
65   0.048568   0.00612171
66   0.0487639   0.00610093
67   0.0488159   0.00606033
68   0.0488007   0.00601238
69   0.0487086   0.00595693
70   0.0485451   0.00589566
71   0.0483451   0.00583243
72   0.048222   0.00577731
73   0.0484019   0.00576013
74   0.048606   0.00574708
75   0.0486888   0.00571748
76   0.0486932   0.005679
77   0.04868   0.00563932
78   0.0486817   0.00560207
79   0.0486376   0.0055606
80   0.0485484   0.00551542
81   0.0484154   0.00546709
82   0.048322   0.00542312
83   0.04836   0.00539361
84   0.0484306   0.00536853
85   0.0484087   0.00533355
86   0.0484328   0.00530414
87   0.048418   0.00527107
88   0.0484338   0.00524184
89   0.0485986   0.00523142
90   0.0487072   0.00521392
91   0.0486586   0.00517948
92   0.0485436   0.00513975
93   0.0484467   0.00510213
94   0.0483842   0.00506805
95   0.0483667   0.00503874
96   0.0482923   0.00500463
97   0.048225   0.00497165
98   0.0481796   0.0049411
99   0.048108   0.0049087
100   0.0480643   0.0048792
