1   -0.299839   0
2   -0.31776   0.275771
3   -0.315842   0.210824
4   -0.321573   0.18001
5   -0.321262   0.157554
6   -0.316297   0.139689
7   -0.316429   0.128024
8   -0.318235   0.119486
9   -0.320425   0.112729
10   -0.32175   0.106842
11   -0.320889   0.101169
12   -0.322589   0.0970411
13   -0.324961   0.0936613
14   -0.327087   0.0906268
15   -0.327861   0.0875596
16   -0.328334   0.0847285
17   -0.329986   0.082478
18   -0.331145   0.0803121
19   -0.331816   0.0782161
20   -0.331939   0.076163
21   -0.333109   0.0745084
22   -0.333851   0.0728805
23   -0.334411   0.0713281
24   -0.334777   0.0698386
25   -0.335385   0.0684958
26   -0.334728   0.0669846
27   -0.334398   0.0656203
28   -0.335721   0.0646615
29   -0.336233   0.0635946
30   -0.337294   0.0626937
31   -0.338289   0.0618283
32   -0.339521   0.0610552
33   -0.341593   0.0604932
34   -0.342996   0.0598272
35   -0.344565   0.0592274
36   -0.346857   0.0588031
37   -0.349198   0.0584123
38   -0.351754   0.0580873
39   -0.354435   0.0578066
40   -0.356543   0.0574279
41   -0.358501   0.0570391
42   -0.361189   0.056812
43   -0.364   0.0566229
44   -0.365841   0.0562594
45   -0.367655   0.0559069
46   -0.369659   0.0556044
47   -0.371151   0.0552247
48   -0.371841   0.0547281
49   -0.372526   0.0542476
50   -0.37311   0.0537679
51   -0.373807   0.053321
52   -0.374   0.0528143
53   -0.373719   0.052258
54   -0.37325   0.0516931
55   -0.373061   0.0511797
56   -0.372557   0.0506403
57   -0.3724   0.0501587
58   -0.372514   0.0497252
59   -0.372228   0.049252
60   -0.372248   0.0488293
61   -0.372551   0.0484546
62   -0.373316   0.0481535
63   -0.373952   0.0478426
64   -0.374593   0.0475404
65   -0.375314   0.0472573
66   -0.375742   0.046942
67   -0.376537   0.046684
68   -0.377296   0.0464278
69   -0.378075   0.0461808
70   -0.378955   0.0459539
71   -0.380003   0.0457563
72   -0.381086   0.0455688
73   -0.381453   0.045291
74   -0.381936   0.045034
75   -0.382757   0.0448266
76   -0.383656   0.0446346
77   -0.384472   0.0444361
78   -0.385133   0.0442222
79   -0.385876   0.0440234
80   -0.386718   0.0438419
81   -0.387728   0.0436868
82   -0.388728   0.0435339
83   -0.389443   0.0433478
84   -0.390169   0.043167
85   -0.391339   0.043048
86   -0.392424   0.0429205
87   -0.393741   0.0428273
88   -0.395056   0.0427363
89   -0.395893   0.0425852
90   -0.396756   0.0424406
91   -0.39782   0.0423245
92   -0.398833   0.0422045
93   -0.399639   0.0420613
94   -0.400279   0.0419011
95   -0.400697   0.0417183
96   -0.401215   0.04155
97   -0.401592   0.0413689
98   -0.401831   0.0411761
99   -0.40217   0.040997
100   -0.40245   0.0408146
