1   1.48914   0
2   1.57333   1.36514
3   1.59332   1.06351
4   1.61009   0.900991
5   1.61647   0.792562
6   1.61588   0.71302
7   1.61913   0.654614
8   1.62329   0.609059
9   1.62732   0.572065
10   1.63014   0.540902
11   1.63048   0.51368
12   1.63316   0.490897
13   1.63638   0.471164
14   1.63924   0.453652
15   1.64066   0.437666
16   1.64168   0.423192
17   1.64381   0.410376
18   1.64541   0.398581
19   1.64648   0.387658
20   1.64695   0.377472
21   1.64843   0.368286
22   1.64947   0.359669
23   1.65029   0.351604
24   1.6509   0.344025
25   1.65173   0.336972
26   1.65129   0.330093
27   1.65114   0.323668
28   1.65264   0.317922
29   1.65333   0.312335
30   1.65453   0.307138
31   1.65568   0.302195
32   1.65704   0.297536
33   1.65923   0.293252
34   1.66077   0.289052
35   1.66244   0.285065
36   1.66484   0.281383
37   1.66728   0.277868
38   1.66993   0.274538
39   1.6727   0.271368
40   1.6749   0.26823
41   1.67694   0.265186
42   1.6797   0.262379
43   1.68259   0.259699
44   1.68452   0.256961
45   1.68639   0.254314
46   1.68847   0.251789
47   1.69003   0.249272
48   1.69078   0.246715
49   1.69152   0.24424
50   1.69216   0.241825
51   1.69291   0.239502
52   1.69316   0.237176
53   1.69293   0.234852
54   1.69251   0.232567
55   1.69236   0.230383
56   1.6919   0.228217
57   1.69178   0.226153
58   1.69194   0.224181
59   1.69169   0.222207
60   1.69174   0.220322
61   1.69208   0.218521
62   1.69288   0.216825
63   1.69355   0.215155
64   1.69422   0.213525
65   1.69498   0.211946
66   1.69543   0.210365
67   1.69625   0.208867
68   1.69704   0.2074
69   1.69785   0.205968
70   1.69875   0.20458
71   1.69983   0.203244
72   1.70094   0.201942
73   1.70134   0.200581
74   1.70184   0.199261
75   1.70268   0.198009
76   1.70361   0.196792
77   1.70445   0.195591
78   1.70513   0.194395
79   1.70589   0.193232
80   1.70676   0.192103
81   1.70778   0.191016
82   1.70881   0.189948
83   1.70954   0.188869
84   1.71029   0.18781
85   1.71147   0.186821
86   1.71258   0.185841
87   1.71391   0.184905
88   1.71525   0.183986
89   1.7161   0.18303
90   1.71698   0.182093
91   1.71806   0.181195
92   1.71909   0.180306
93   1.71991   0.17941
94   1.72057   0.178512
95   1.721   0.177604
96   1.72153   0.176721
97   1.72193   0.175838
98   1.72218   0.174954
99   1.72253   0.174094
100   1.72282   0.173241
