1   1.1893   0
2   1.25557   1.08937
3   1.27748   0.852794
4   1.28852   0.721062
5   1.29521   0.635074
6   1.29958   0.573484
7   1.3027   0.526711
8   1.30505   0.489675
9   1.30689   0.459431
10   1.30839   0.434144
11   1.30959   0.412589
12   1.31057   0.393932
13   1.31142   0.37759
14   1.31215   0.363119
15   1.3128   0.350192
16   1.31334   0.338541
17   1.31383   0.32798
18   1.31427   0.31835
19   1.31466   0.309517
20   1.31501   0.301379
21   1.31532   0.293849
22   1.31562   0.286857
23   1.31588   0.28034
24   1.31612   0.274248
25   1.31635   0.268535
26   1.31657   0.263168
27   1.31674   0.258104
28   1.31692   0.253324
29   1.31709   0.248801
30   1.31724   0.244509
31   1.31739   0.240434
32   1.31752   0.236554
33   1.31764   0.232856
34   1.31777   0.229329
35   1.31788   0.225953
36   1.31798   0.222724
37   1.31808   0.219629
38   1.31817   0.216659
39   1.31827   0.213808
40   1.31836   0.211067
41   1.31844   0.208427
42   1.31851   0.205883
43   1.3186   0.203432
44   1.31868   0.201067
45   1.31874   0.19878
46   1.31881   0.196571
47   1.31888   0.194434
48   1.31894   0.192365
49   1.319   0.19036
50   1.31905   0.188416
51   1.3191   0.186532
52   1.31916   0.184703
53   1.31921   0.182926
54   1.31926   0.181199
55   1.3193   0.179521
56   1.31935   0.177888
57   1.31938   0.176298
58   1.31942   0.174751
59   1.31946   0.173244
60   1.3195   0.171774
61   1.31953   0.170341
62   1.31956   0.168944
63   1.3196   0.167581
64   1.31962   0.16625
65   1.31966   0.164951
66   1.31969   0.163681
67   1.31972   0.16244
68   1.31975   0.161227
69   1.31977   0.160041
70   1.3198   0.15888
71   1.31982   0.157744
72   1.31986   0.156634
73   1.31988   0.155546
74   1.3199   0.154479
75   1.31993   0.153435
76   1.31995   0.152411
77   1.31997   0.151408
78   1.32   0.150425
79   1.32002   0.14946
80   1.32004   0.148514
81   1.32006   0.147584
82   1.32008   0.146673
83   1.3201   0.145779
84   1.32012   0.1449
85   1.32013   0.144037
86   1.32015   0.143189
87   1.32017   0.142356
88   1.32019   0.141538
89   1.32021   0.140734
90   1.32022   0.139943
91   1.32024   0.139165
92   1.32026   0.1384
93   1.32027   0.137647
94   1.32029   0.136907
95   1.32031   0.136179
96   1.32032   0.135462
97   1.32034   0.134756
98   1.32035   0.134061
99   1.32036   0.133377
100   1.32038   0.132703
