1   0.992762   0
2   1.04888   0.910092
3   1.06221   0.709009
4   1.07339   0.600661
5   1.07765   0.528375
6   1.07725   0.475347
7   1.07942   0.43641
8   1.08219   0.406039
9   1.08488   0.381377
10   1.08676   0.360601
11   1.08699   0.342454
12   1.08877   0.327265
13   1.09092   0.314109
14   1.09283   0.302435
15   1.09378   0.291777
16   1.09445   0.282128
17   1.09587   0.273584
18   1.09694   0.265721
19   1.09765   0.258439
20   1.09796   0.251648
21   1.09895   0.245524
22   1.09964   0.23978
23   1.10019   0.234402
24   1.1006   0.22935
25   1.10115   0.224648
26   1.10086   0.220062
27   1.10076   0.215778
28   1.10176   0.211948
29   1.10222   0.208223
30   1.10302   0.204759
31   1.10379   0.201464
32   1.10469   0.198357
33   1.10616   0.195501
34   1.10718   0.192701
35   1.10829   0.190044
36   1.10989   0.187589
37   1.11152   0.185246
38   1.11329   0.183026
39   1.11514   0.180912
40   1.1166   0.17882
41   1.11796   0.176791
42   1.1198   0.174919
43   1.12173   0.173133
44   1.12301   0.171307
45   1.12426   0.169542
46   1.12564   0.167859
47   1.12669   0.166181
48   1.12719   0.164477
49   1.12768   0.162826
50   1.12811   0.161217
51   1.12861   0.159668
52   1.12877   0.158117
53   1.12862   0.156568
54   1.12834   0.155045
55   1.12824   0.153589
56   1.12794   0.152145
57   1.12785   0.150769
58   1.12796   0.149454
59   1.1278   0.148138
60   1.12783   0.146881
61   1.12805   0.145681
62   1.12858   0.14455
63   1.12903   0.143437
64   1.12948   0.14235
65   1.12998   0.141297
66   1.13029   0.140243
67   1.13084   0.139245
68   1.13136   0.138267
69   1.1319   0.137312
70   1.1325   0.136387
71   1.13322   0.135496
72   1.13396   0.134628
73   1.13422   0.133721
74   1.13456   0.132841
75   1.13512   0.132006
76   1.13574   0.131195
77   1.1363   0.130394
78   1.13675   0.129597
79   1.13726   0.128821
80   1.13784   0.128069
81   1.13852   0.127344
82   1.1392   0.126632
83   1.1397   0.125912
84   1.14019   0.125206
85   1.14098   0.124547
86   1.14172   0.123894
87   1.14261   0.12327
88   1.1435   0.122657
89   1.14407   0.12202
90   1.14465   0.121395
91   1.14537   0.120796
92   1.14606   0.120204
93   1.14661   0.119607
94   1.14705   0.119008
95   1.14734   0.118402
96   1.14769   0.117814
97   1.14795   0.117225
98   1.14812   0.116636
99   1.14835   0.116063
100   1.14855   0.115494
