-5.45666
-5.45581
-5.45633
-5.45546
-5.45762
-5.45562
-5.45703
-5.4558
-5.45619
-5.45572
-5.45506
-5.45572
-5.45606
-5.4564
-5.45774
-5.4567
-5.4562
-5.45615
-5.45768
-5.45672
-5.45694
-5.4569
-5.45622
-5.45488
-5.45721
-5.4575
-5.45679
-5.45552
-5.45463
-5.45704
-5.4582
-5.45603
-5.45795
-5.4577
-5.45819
-5.45901
-5.45797
-5.45849
-5.45631
-5.45809
-5.45576
-5.45503
-5.457
-5.45747
-5.45605
-5.45795
-5.45598
-5.45657
-5.45671
-5.45703
-5.45704
-5.45486
-5.45474
-5.45717
-5.45685
-5.45687
-5.45805
-5.45637
-5.45593
-5.4561
-5.45588
-5.45812
-5.45535
-5.45586
-5.45633
-5.45666
-5.45745
-5.45624
-5.45626
-5.45592
-5.45763
-5.45776
-5.45589
-5.45835
-5.45633
-5.457
-5.45724
-5.45706
-5.45625
-5.45852
-5.45823
-5.45562
-5.45497
-5.4576
-5.4557
-5.45811
-5.45756
-5.45607
-5.45547
-5.45833
-5.45812
-5.45686
-5.45739
-5.4567
-5.45775
-5.45695
-5.45712
-5.45511
-5.45633
-5.4573
