0.802929
0.796648
0.813217
0.800974
0.801813
0.815201
0.803749
0.802054
0.80648
0.793735
0.801966
0.806153
0.810172
0.806123
0.804385
0.801897
0.800378
0.806679
0.807969
0.8036
0.813981
0.791699
0.8143
0.804588
0.803101
0.798347
0.794803
0.817086
0.777058
0.806023
0.820155
0.790825
0.805236
0.81839
0.813939
0.795863
0.815474
0.802855
0.798299
0.808696
0.811433
0.790475
0.803758
0.808815
0.803787
0.80417
0.79997
0.80081
0.814461
0.806178
0.807522
0.802584
0.798239
0.800013
0.80429
0.792735
0.809608
0.802944
0.806058
0.819052
0.790628
0.804944
0.80755
0.789842
0.808952
0.802275
0.797708
0.81838
0.798395
0.810508
0.817871
0.799661
0.795434
0.804837
0.814115
0.797733
0.825047
0.799827
0.78984
0.816245
0.810143
0.791531
0.803001
0.817591
0.793623
0.812946
0.803587
0.798316
0.8079
0.807273
0.819754
0.794374
0.809536
0.802922
0.806923
0.807849
0.809254
0.796299
0.798202
0.816476
