-6.66105
-6.65079
-6.67615
-6.65692
-6.66034
-6.67843
-6.66266
-6.65888
-6.66591
-6.64632
-6.658
-6.66495
-6.67131
-6.66559
-6.66432
-6.65954
-6.65677
-6.66617
-6.66963
-6.66212
-6.67791
-6.64445
-6.67767
-6.66176
-6.66186
-6.65502
-6.649
-6.68114
-6.62021
-6.66608
-6.68843
-6.64226
-6.66581
-6.68528
-6.6791
-6.65281
-6.68118
-6.66277
-6.65376
-6.67113
-6.67291
-6.64074
-6.66264
-6.67069
-6.66173
-6.66421
-6.65593
-6.65779
-6.6784
-6.66629
-6.66832
-6.65874
-6.6521
-6.65719
-6.66329
-6.64597
-6.67246
-6.66078
-6.66502
-6.68467
-6.64182
-6.66554
-6.66667
-6.64063
-6.66976
-6.66007
-6.65401
-6.68381
-6.65385
-6.67168
-6.68444
-6.65725
-6.64904
-6.66561
-6.6775
-6.6536
-6.69481
-6.6568
-6.64101
-6.68289
-6.67345
-6.64292
-6.65947
-6.68399
-6.64613
-6.67753
-6.66294
-6.65355
-6.66732
-6.66924
-6.68775
-6.64842
-6.6717
-6.66108
-6.66814
-6.66872
-6.671
-6.64956
-6.65363
-6.68201
