1   -799.326   0
2   -798.71   0.615792
3   -799.519   0.884023
4   -799.348   0.648422
5   -799.326   0.50272
6   -799.674   0.537838
7   -799.651   0.45509
8   -799.578   0.400865
9   -799.615   0.355436
10   -799.409   0.378607
11   -799.368   0.344885
12   -799.404   0.316825
13   -799.493   0.304651
14   -799.519   0.28334
15   -799.532   0.264108
16   -799.508   0.248237
17   -799.468   0.236746
18   -799.494   0.224746
19   -799.54   0.217368
20   -799.535   0.206258
21   -799.621   0.214372
22   -799.518   0.229326
23   -799.596   0.232718
24   -799.589   0.222943
25   -799.582   0.213941
26   -799.544   0.208966
27   -799.482   0.210316
28   -799.562   0.218081
29   -799.386   0.275066
30   -799.404   0.266357
31   -799.507   0.277633
32   -799.432   0.279386
33   -799.445   0.271154
34   -799.528   0.275549
35   -799.584   0.273384
36   -799.549   0.26793
37   -799.608   0.267241
38   -799.606   0.260122
39   -799.577   0.255088
40   -799.601   0.249784
41   -799.628   0.245219
42   -799.564   0.248038
43   -799.562   0.242203
44   -799.583   0.237559
45   -799.579   0.232253
46   -799.582   0.227164
47   -799.564   0.223048
48   -799.55   0.218744
49   -799.589   0.217562
50   -799.596   0.213293
51   -799.608   0.209402
52   -799.597   0.205618
53   -799.571   0.203291
54   -799.558   0.199921
55   -799.559   0.196254
56   -799.523   0.196139
57   -799.543   0.193762
58   -799.538   0.19044
59   -799.543   0.187238
60   -799.586   0.189191
61   -799.544   0.190769
62   -799.549   0.187738
63   -799.556   0.184872
64   -799.516   0.186724
65   -799.529   0.184298
66   -799.523   0.181549
67   -799.508   0.179495
68   -799.546   0.180767
69   -799.53   0.178819
70   -799.544   0.17691
71   -799.582   0.178168
72   -799.572   0.175954
73   -799.548   0.175057
74   -799.553   0.172732
75   -799.576   0.171998
76   -799.561   0.170387
77   -799.61   0.175313
78   -799.601   0.17335
79   -799.566   0.174469
80   -799.596   0.174824
81   -799.612   0.173305
82   -799.582   0.17379
83   -799.576   0.171767
84   -799.606   0.172306
85   -799.582   0.171998
86   -799.601   0.171162
87   -799.601   0.169184
88   -799.588   0.167783
89   -799.592   0.165978
90   -799.601   0.164317
91   -799.633   0.165659
92   -799.613   0.165042
93   -799.624   0.163604
94   -799.621   0.161885
95   -799.627   0.160278
96   -799.633   0.158731
97   -799.643   0.157352
98   -799.625   0.156697
99   -799.613   0.15557
100   -799.636   0.155611
