1   96.3515   0
2   95.9747   0.376859
3   96.5118   0.57952
4   96.413   0.421511
5   96.3739   0.328834
6   96.6157   0.361253
7   96.592   0.306232
8   96.5488   0.268698
9   96.5742   0.23833
10   96.4416   0.251042
11   96.4229   0.227845
12   96.4492   0.209647
13   96.5086   0.201772
14   96.5248   0.187501
15   96.5248   0.174554
16   96.5063   0.164334
17   96.4792   0.156727
18   96.497   0.148844
19   96.5212   0.142853
20   96.5167   0.135595
21   96.572   0.140327
22   96.5008   0.151598
23   96.5536   0.154193
24   96.5534   0.147629
25   96.5462   0.141786
26   96.5176   0.139201
27   96.4753   0.140458
28   96.5316   0.14657
29   96.4183   0.181189
30   96.4284   0.175339
31   96.4926   0.181334
32   96.4428   0.182502
33   96.4484   0.176975
34   96.5002   0.17931
35   96.5336   0.177305
36   96.5051   0.17467
37   96.5416   0.173767
38   96.5364   0.169214
39   96.5173   0.165908
40   96.5305   0.162241
41   96.551   0.15956
42   96.5107   0.160854
43   96.5093   0.157074
44   96.5218   0.153968
45   96.5203   0.150515
46   96.5198   0.147208
47   96.5087   0.144472
48   96.5002   0.141689
49   96.5254   0.141038
50   96.5297   0.138257
51   96.537   0.135715
52   96.5327   0.133151
53   96.5186   0.131366
54   96.509   0.129266
55   96.5092   0.126894
56   96.4844   0.127025
57   96.4962   0.125326
58   96.4937   0.12317
59   96.4976   0.121129
60   96.5275   0.122767
61   96.5004   0.123739
62   96.5018   0.121736
63   96.5083   0.11996
64   96.4813   0.121116
65   96.4904   0.119586
66   96.4872   0.117807
67   96.4758   0.116591
68   96.5012   0.117647
69   96.4912   0.116365
70   96.5022   0.115216
71   96.5252   0.115913
72   96.5174   0.114562
73   96.5028   0.113921
74   96.5039   0.112375
75   96.5197   0.111996
76   96.5093   0.111003
77   96.5418   0.114248
78   96.5345   0.113004
79   96.5123   0.113752
80   96.5303   0.113748
81   96.5388   0.112655
82   96.5198   0.112877
83   96.5179   0.111525
84   96.5369   0.111809
85   96.5215   0.111543
86   96.5335   0.11089
87   96.5323   0.109614
88   96.524   0.108682
89   96.5287   0.10756
90   96.5326   0.106427
91   96.5528   0.107171
92   96.5394   0.106836
93   96.546   0.105881
94   96.5438   0.104769
95   96.5468   0.103705
96   96.551   0.102701
97   96.5568   0.101801
98   96.5466   0.101273
99   96.5388   0.10054
100   96.5532   0.100563
