-3.65984
-3.65828
-3.65655
-3.65769
-3.65487
-3.65643
-3.65759
-3.65347
-3.65617
-3.65631
-3.65684
-3.65501
-3.65697
-3.66118
-3.6594
-3.65806
-3.65759
-3.65576
-3.65583
-3.65736
-3.65826
-3.65692
-3.65573
-3.66166
-3.659
-3.66014
-3.65957
-3.65727
-3.65667
-3.65633
-3.65711
-3.65788
-3.65826
-3.65721
-3.65568
-3.65863
-3.65625
-3.65706
-3.65553
-3.65622
-3.65985
-3.65984
-3.66005
-3.6569
-3.65629
-3.65768
-3.65938
-3.66148
-3.65773
-3.65813
-3.65967
-3.66015
-3.65915
-3.65467
-3.65737
-3.65674
-3.65949
-3.66035
-3.65747
-3.65728
-3.65596
-3.65648
-3.66024
-3.6598
-3.65761
-3.65844
-3.65818
-3.65461
-3.65782
-3.65789
-3.65779
-3.65977
-3.65971
-3.65924
-3.65974
-3.66028
-3.65478
-3.6549
-3.6607
-3.66004
-3.6583
-3.65875
-3.65819
-3.65747
-3.65892
-3.65889
-3.6571
-3.65514
-3.65577
-3.65913
-3.65658
-3.65978
-3.66089
-3.66073
-3.65934
-3.65743
-3.65698
-3.6567
-3.65439
-3.65703
