1.55852
1.51933
1.46212
1.46441
1.48957
1.46263
1.44303
1.43242
1.4517
1.47359
1.52242
1.4327
1.50468
1.49379
1.46954
1.47526
1.51392
1.45716
1.43066
1.46656
1.4498
1.45164
1.43535
1.46692
1.50945
1.53471
1.56084
1.53544
1.44432
1.45968
1.5062
1.42982
1.42846
1.48375
1.40468
1.44311
1.47687
1.51264
1.49959
1.46929
1.47643
1.4988
1.48107
1.49134
1.46217
1.52657
1.476
1.51252
1.41929
1.47559
1.47273
1.51907
1.4814
1.44607
1.45548
1.3957
1.46752
1.48071
1.46133
1.48856
1.49117
1.49086
1.44594
1.51517
1.44672
1.45898
1.39424
1.41884
1.41707
1.46978
1.47228
1.46232
1.47334
1.46367
1.44618
1.5034
1.46183
1.48469
1.48147
1.49849
1.53484
1.50141
1.4482
1.51251
1.49115
1.45376
1.51105
1.52294
1.51345
1.53986
1.4685
1.41723
1.46224
1.51434
1.51754
1.47764
1.52946
1.56271
1.44179
1.46381
