1.58579
1.77746
1.81465
1.78788
1.60314
1.78597
2.0238
1.86498
1.87874
1.72622
1.36278
1.82497
1.4195
1.50304
1.46814
1.6616
1.46803
1.68085
1.84269
1.64005
1.73415
1.72053
1.76853
1.62001
1.43803
1.26475
1.31817
1.37692
1.80356
1.69746
1.50732
1.77783
1.79481
1.61041
1.9651
1.71835
1.58964
1.5224
1.49619
1.57817
1.584
1.45344
1.61314
1.60946
1.67461
1.44357
1.7437
1.56107
2.1776
1.67583
1.63124
1.43266
1.78093
1.98915
1.66146
2.0087
1.73824
1.41128
1.71118
1.5401
1.69417
1.51431
1.78678
1.46293
1.7499
1.68573
1.83307
1.78048
1.66819
1.61021
1.5905
1.55742
1.61708
1.70425
1.72224
1.41366
1.66808
1.68343
1.57747
1.57014
1.3225
1.34227
1.69616
1.29622
1.52469
1.93755
1.41736
1.55233
1.47635
1.33853
1.79037
2.0243
1.68971
1.33198
1.34619
1.52888
1.46689
1.32954
2.03
1.7208
