1.03901
1.01289
0.974744
0.976275
0.993047
0.975087
0.962019
0.954947
0.967801
0.982392
1.01494
0.955136
1.00312
0.995862
0.979694
0.983509
1.00928
0.971437
0.953774
0.97771
0.966534
0.96776
0.956902
0.977946
1.0063
1.02314
1.04056
1.02362
0.962882
0.973119
1.00413
0.953217
0.952305
0.989164
0.936452
0.962076
0.984578
1.00842
0.999728
0.979524
0.984286
0.999198
0.987379
0.994228
0.974777
1.01771
0.984002
1.00834
0.946195
0.983727
0.981821
1.01271
0.987597
0.96405
0.97032
0.930464
0.978345
0.987141
0.974219
0.992373
0.994115
0.993906
0.963963
1.01011
0.96448
0.972652
0.929492
0.945893
0.944712
0.979853
0.98152
0.974878
0.982225
0.97578
0.964118
1.00227
0.974553
0.989795
0.987647
0.998995
1.02323
1.00094
0.965466
1.00834
0.994101
0.969174
1.00737
1.0153
1.00897
1.02657
0.979
0.94482
0.974826
1.00956
1.01169
0.985092
1.01964
1.04181
0.961196
0.97587
