-5.21835
-5.17761
-5.11866
-5.1221
-5.14444
-5.11906
-5.10062
-5.08589
-5.10787
-5.12989
-5.17926
-5.08771
-5.16165
-5.15497
-5.12894
-5.13332
-5.17151
-5.11291
-5.08649
-5.12392
-5.10806
-5.10856
-5.09108
-5.12858
-5.16846
-5.19485
-5.22041
-5.1927
-5.10099
-5.11601
-5.1633
-5.0877
-5.08672
-5.14095
-5.06036
-5.10175
-5.13311
-5.1697
-5.15512
-5.12551
-5.13628
-5.15864
-5.14112
-5.14824
-5.11846
-5.18424
-5.13539
-5.174
-5.07702
-5.13372
-5.1324
-5.17922
-5.14055
-5.10074
-5.11285
-5.05243
-5.12701
-5.14106
-5.1188
-5.14584
-5.14713
-5.14733
-5.10618
-5.17497
-5.10433
-5.11742
-5.05242
-5.07345
-5.07489
-5.12766
-5.13007
-5.12209
-5.13305
-5.12291
-5.10592
-5.16368
-5.11661
-5.13959
-5.14217
-5.15854
-5.19315
-5.16016
-5.10639
-5.16998
-5.15008
-5.11265
-5.16815
-5.17809
-5.16923
-5.19899
-5.12508
-5.07701
-5.12313
-5.17507
-5.17688
-5.13507
-5.18645
-5.21941
-5.09618
-5.12083
