1   5.23183   0
2   5.06939   0.162442
3   5.0841   0.0949328
4   5.04234   0.0790585
5   5.05265   0.0621005
6   5.0301   0.0554926
7   5.02079   0.0478159
8   5.02555   0.0416823
9   5.01319   0.0387811
10   5.0174   0.0349406
11   5.02212   0.0319568
12   5.01478   0.0300839
13   4.99757   0.0325841
14   4.98614   0.0322608
15   4.98761   0.0300693
16   4.98268   0.0285563
17   4.97675   0.027472
18   4.9748   0.0259742
19   4.98044   0.0252094
20   4.98801   0.0250832
21   4.98918   0.0238876
22   4.99581   0.0237225
23   4.99065   0.023249
24   4.99238   0.0223264
25   4.99045   0.0215017
26   4.9964   0.0214989
27   4.99491   0.0207412
28   5.00086   0.0208555
29   5.0024   0.0201818
30   4.99925   0.0197494
31   4.99923   0.0191017
32   5.00126   0.0186066
33   5.00348   0.0181699
34   5.00475   0.0176732
35   5.00394   0.0171802
36   5.00543   0.0167631
37   5.00531   0.0163042
38   5.00383   0.0159387
39   5.00776   0.0160158
40   5.00449   0.01595
41   5.00425   0.0155578
42   5.00639   0.0153326
43   5.00609   0.0149748
44   5.00779   0.0147295
45   5.0073   0.014407
46   5.00683   0.0140983
47   5.00738   0.0138062
48   5.00841   0.0135547
49   5.00774   0.0132922
50   5.00407   0.0135303
51   5.00246   0.0133597
52   5.00414   0.0132077
53   5.00518   0.0129976
54   5.00324   0.0129022
55   5.00326   0.0126655
56   5.00938   0.0138612
57   5.01   0.0136299
58   5.01044   0.0134
59   5.01054   0.0131713
60   5.0141   0.0134297
61   5.01301   0.0132522
62   5.01234   0.0130542
63   5.01091   0.0129244
64   5.00982   0.0127673
65   5.00897   0.0125982
66   5.0081   0.0124365
67   5.00627   0.012385
68   5.00494   0.0122738
69   5.00666   0.0122172
70   5.00632   0.0120464
71   5.0066   0.0118789
72   5.00492   0.011833
73   5.00395   0.0117102
74   5.00234   0.0116628
75   5.00009   0.0117241
76   4.99983   0.0115717
77   5.00004   0.0114225
78   5.00047   0.011283
79   5.00046   0.0111393
80   5.00103   0.0110142
81   5.00038   0.010897
82   5.00352   0.0112133
83   5.0034   0.011078
84   5.00274   0.0109652
85   5.00222   0.010848
86   5.00325   0.0107704
87   5.00238   0.0106812
88   5.00108   0.0106384
89   5.00208   0.0105659
90   5.00217   0.0104482
91   5.00418   0.0105267
92   5.00427   0.010412
93   5.0051   0.010333
94   5.00459   0.0102353
95   5.0022   0.0104042
96   5.00075   0.0103968
97   5.00056   0.010291
98   5.00063   0.0101857
99   5.00065   0.0100823
100   4.99972   0.0100235
