1   810.764   0
2   926.183   810.361
3   938.235   629.147
4   929.102   521.665
5   955.299   470.252
6   999.493   444.532
7   985.607   401.488
8   987.627   372.982
9   997.686   352.85
10   987.882   329.758
11   982.382   311.251
12   969.214   293.174
13   963.315   279.067
14   964.145   268.334
15   971.841   260.709
16   984.263   255.328
17   993.28   249.578
18   1002.43   244.452
19   1019.1   241.99
20   1017.58   235.123
21   1009.28   227.418
22   1003.81   220.756
23   1011.04   217.266
24   1003.2   210.954
25   1000.5   205.924
26   995.499   200.776
27   998.261   197.377
28   1002.1   194.407
29   1000.42   190.548
30   999.563   187.033
31   999.048   183.755
32   1000.15   180.927
33   998.4   177.744
34   998.891   175.082
35   998.108   172.325
36   997.83   169.77
37   989.865   166.24
38   985.204   163.253
39   985.889   161.172
40   989.114   159.608
41   991.283   157.927
42   994.512   156.496
43   995.365   154.729
44   993.377   152.607
45   988.234   150.157
46   982.817   147.754
47   983.624   146.234
48   985.468   144.924
49   986.436   143.525
50   982.076   141.48
51   981.349   139.936
52   981.353   138.537
53   980.556   137.07
54   978.318   135.465
55   977.526   134.082
56   977.633   132.853
57   971.104   130.941
58   966.313   129.228
59   963.144   127.716
60   960.943   126.345
61   961.823   125.383
62   962.875   124.469
63   965.085   123.741
64   965.734   122.82
65   967.416   122.059
66   972.74   121.87
67   979.097   121.866
68   983.197   121.499
69   985.255   120.847
70   989.596   120.544
71   992.251   120.003
72   994.123   119.37
73   995.351   118.669
74   995.346   117.834
75   996.667   117.177
76   999.025   116.67
77   1001.42   116.179
78   1001.37   115.401
79   1000.58   114.557
80   1002.59   114.055
81   1001.34   113.193
82   1001.23   112.465
83   999.757   111.612
84   999.359   110.881
85   998.469   110.113
86   997.325   109.333
87   996.449   108.593
88   993.989   107.721
89   991.709   106.879
90   990.259   106.122
91   990.393   105.532
92   987.335   104.666
93   983.883   103.785
94   981.905   103.029
95   983.012   102.586
96   984.263   102.166
97   985.889   101.799
98   982.994   101.011
99   980.422   100.259
100   980.07   99.7047
