1   240.836   0
2   246.987   213.986
3   251.647   167.867
4   255.089   142.701
5   254.641   124.819
6   252.294   111.329
7   255.076   103.163
8   256.501   96.2764
9   256.893   90.3371
10   258.646   85.8635
11   259.645   81.8422
12   260.909   78.4692
13   261.509   75.3367
14   261.621   72.437
15   261.452   69.7761
16   261.191   67.3582
17   261.232   65.2415
18   261.08   63.2661
19   260.05   61.2576
20   260.257   59.6771
21   260.837   58.3031
22   261.214   56.9851
23   260.525   55.5358
24   261.068   54.4332
25   261.14   53.3038
26   261.511   52.3035
27   261.309   51.2502
28   261.06   50.2458
29   261.193   49.3668
30   261.168   48.5043
31   261.065   47.6709
32   260.945   46.8748
33   261.095   46.1639
34   261.044   45.4503
35   261.098   44.7866
36   261.08   44.1393
37   261.698   43.6297
38   262.123   43.1079
39   262.234   42.555
40   262.144   41.9915
41   262.118   41.4592
42   261.944   40.9237
43   261.906   40.4275
44   262.069   39.9798
45   262.495   39.5893
46   262.953   39.2176
47   262.923   38.7844
48   262.889   38.3645
49   262.908   37.9653
50   263.336   37.6393
51   263.358   37.2638
52   263.256   36.8823
53   263.246   36.5243
54   263.395   36.1986
55   263.5   35.8761
56   263.546   35.5545
57   264.084   35.3113
58   264.411   35.0447
59   264.601   34.7665
60   264.709   34.4844
61   264.607   34.1827
62   264.594   33.8993
63   264.525   33.6159
64   264.598   33.3568
65   264.612   33.0968
66   264.335   32.8079
67   263.951   32.5132
68   263.735   32.2437
69   263.691   32.0002
70   263.418   31.7355
71   263.25   31.488
72   263.117   31.2497
73   263.012   31.0195
74   263.023   30.8072
75   262.969   30.5919
76   262.877   30.3766
77   262.751   30.1617
78   262.8   29.9707
79   262.895   29.7886
80   262.735   29.5815
81   262.803   29.4036
82   262.772   29.2179
83   262.879   29.0508
84   262.877   28.875
85   262.918   28.7067
86   262.984   28.5445
87   262.974   28.3768
88   263.069   28.2234
89   263.2   28.0765
90   263.327   27.932
91   263.312   27.7745
92   263.525   27.6445
93   263.737   27.5164
94   263.833   27.3782
95   263.692   27.2178
96   263.538   27.0585
97   263.312   26.895
98   263.458   26.7709
99   263.597   26.6484
100   263.546   26.5081
