1   160.557   0
2   164.658   142.657
3   167.765   111.911
4   170.058   95.1336
5   169.761   83.2126
6   168.197   74.2193
7   170.05   68.7754
8   171   64.1842
9   171.262   60.2247
10   172.43   57.2424
11   173.097   54.5615
12   173.94   52.3129
13   174.34   50.2245
14   174.414   48.2914
15   174.301   46.5175
16   174.127   44.9055
17   174.155   43.4944
18   174.053   42.1775
19   173.368   40.8385
20   173.504   39.7848
21   173.891   38.8688
22   174.142   37.9901
23   173.684   37.0238
24   174.045   36.2888
25   174.094   35.5358
26   174.34   34.869
27   174.206   34.1668
28   174.04   33.4972
29   174.129   32.9112
30   174.112   32.3362
31   174.043   31.7806
32   173.963   31.2499
33   174.063   30.7759
34   174.029   30.3003
35   174.065   29.8577
36   174.053   29.4262
37   174.466   29.0864
38   174.749   28.7385
39   174.822   28.37
40   174.763   27.9943
41   174.745   27.6394
42   174.63   27.2825
43   174.604   26.9518
44   174.712   26.6531
45   174.998   26.3928
46   175.301   26.145
47   175.282   25.8562
48   175.26   25.5763
49   175.272   25.3101
50   175.557   25.0928
51   175.572   24.8426
52   175.505   24.5882
53   175.496   24.3494
54   175.596   24.1324
55   175.667   23.9174
56   175.698   23.7031
57   176.056   23.5409
58   176.274   23.3631
59   176.402   23.1776
60   176.472   22.9895
61   176.405   22.7885
62   176.395   22.5995
63   176.351   22.4106
64   176.398   22.2379
65   176.408   22.0646
66   176.223   21.8719
67   175.967   21.6754
68   175.823   21.4958
69   175.793   21.3334
70   175.611   21.157
71   175.5   20.992
72   175.411   20.8332
73   175.341   20.6796
74   175.349   20.5382
75   175.313   20.3947
76   175.25   20.251
77   175.167   20.1077
78   175.2   19.9804
79   175.264   19.8591
80   175.155   19.721
81   175.201   19.6023
82   175.182   19.4786
83   175.252   19.3673
84   175.252   19.25
85   175.278   19.1378
86   175.323   19.0296
87   175.316   18.9177
88   175.38   18.8156
89   175.467   18.7176
90   175.552   18.6214
91   175.541   18.5163
92   175.683   18.4297
93   175.824   18.3442
94   175.888   18.2521
95   175.795   18.1451
96   175.692   18.039
97   175.542   17.93
98   175.639   17.8473
99   175.731   17.7655
100   175.698   17.672
