1   -746.029   0
2   -780.232   676.566
3   -794.444   530.187
4   -802.595   449.068
5   -804.94   394.62
6   -804.499   354.96
7   -808.63   326.924
8   -810.995   304.284
9   -812.203   285.516
10   -814.604   270.3
11   -816.156   257.136
12   -817.879   245.846
13   -818.87   235.781
14   -819.287   226.733
15   -819.365   218.573
16   -819.323   211.204
17   -819.579   204.603
18   -819.616   198.537
19   -818.754   192.769
20   -819.132   187.737
21   -819.872   183.17
22   -820.389   178.885
23   -819.834   174.668
24   -820.513   170.983
25   -820.704   167.431
26   -821.184   164.154
27   -821.066   160.95
28   -820.904   157.917
29   -821.125   155.119
30   -821.173   152.434
31   -821.13   149.869
32   -821.068   147.424
33   -821.279   145.143
34   -821.274   142.93
35   -821.379   140.833
36   -821.425   138.817
37   -822.106   136.992
38   -822.578   135.209
39   -822.731   133.444
40   -822.673   131.715
41   -822.673   130.059
42   -822.532   128.443
43   -822.521   126.904
44   -822.719   125.451
45   -823.18   124.088
46   -823.659   122.775
47   -823.657   121.434
48   -823.644   120.134
49   -823.701   118.885
50   -824.154   117.732
51   -824.202   116.555
52   -824.126   115.397
53   -824.134   114.284
54   -824.302   113.224
55   -824.417   112.187
56   -824.482   111.171
57   -825.038   110.25
58   -825.382   109.325
59   -825.591   108.407
60   -825.71   107.5
61   -825.624   106.589
62   -825.619   105.712
63   -825.556   104.848
64   -825.64   104.023
65   -825.658   103.21
66   -825.391   102.38
67   -825.012   101.556
68   -824.8   100.769
69   -824.761   100.021
70   -824.494   99.262
71   -824.328   98.5309
72   -824.2   97.8194
73   -824.097   97.1257
74   -824.118   96.4607
75   -824.072   95.8014
76   -823.987   95.1508
77   -823.872   94.5098
78   -823.934   93.9012
79   -824.038   93.3091
80   -823.882   92.6992
81   -823.964   92.1273
82   -823.943   91.5546
83   -824.059   91.0075
84   -824.061   90.4578
85   -824.108   89.923
86   -824.179   89.4002
87   -824.177   88.8788
88   -824.287   88.3783
89   -824.426   87.8896
90   -824.564   87.4092
91   -824.559   86.9216
92   -824.786   86.4667
93   -825.009   86.0191
94   -825.115   85.5667
95   -824.984   85.0968
96   -824.841   84.6332
97   -824.628   84.1697
98   -824.784   83.7505
99   -824.927   83.3368
100   -824.881   82.9102
