1   150.896   0
2   153.823   2.92675
3   155.021   2.07103
4   155.879   1.6976
5   156.244   1.3644
6   156.348   1.119
7   156.4   0.947134
8   156.448   0.821622
9   156.704   0.768818
10   156.898   0.714198
11   157.296   0.758916
12   157.621   0.765274
13   157.817   0.73081
14   158.052   0.716099
15   158.293   0.709042
16   158.454   0.682364
17   158.786   0.722185
18   159.239   0.817351
19   159.57   0.841027
20   159.674   0.804778
21   159.841   0.783318
22   159.902   0.74944
23   159.91   0.716144
24   159.899   0.685741
25   159.892   0.657778
26   159.816   0.636508
27   159.841   0.613019
28   159.88   0.591943
29   159.87   0.57125
30   159.893   0.552361
31   159.989   0.542699
32   160.104   0.538128
33   160.306   0.558856
34   160.457   0.562896
35   160.559   0.556064
36   160.721   0.56411
37   160.939   0.590563
38   161.09   0.594305
39   161.152   0.582079
40   161.165   0.567505
41   161.264   0.562301
42   161.38   0.560909
43   161.531   0.567934
44   161.725   0.588336
45   161.878   0.594775
46   162.056   0.608624
47   162.232   0.620911
48   162.304   0.612022
49   162.412   0.609089
50   162.515   0.605696
51   162.557   0.595106
52   162.569   0.583684
53   162.58   0.57267
54   162.581   0.561967
55   162.58   0.551657
56   162.604   0.542208
57   162.624   0.533011
58   162.668   0.525625
59   162.7   0.517573
60   162.716   0.509159
61   162.696   0.501172
62   162.668   0.493742
63   162.694   0.486461
64   162.773   0.485245
65   162.822   0.48033
66   162.845   0.473548
67   162.895   0.469094
68   162.907   0.462307
69   162.886   0.456072
70   162.905   0.449921
71   162.937   0.444737
72   162.971   0.439816
73   162.968   0.433762
74   162.924   0.430081
75   162.908   0.424622
76   162.938   0.4201
77   163.002   0.419426
78   163.037   0.415452
79   163.027   0.41027
80   163.006   0.40566
81   162.972   0.402036
82   162.943   0.398132
83   162.924   0.393781
84   162.912   0.389238
85   162.901   0.3848
86   162.872   0.38136
87   162.84   0.378401
88   162.816   0.374796
89   162.792   0.371366
90   162.751   0.369442
91   162.724   0.366404
92   162.745   0.362996
93   162.778   0.360562
94   162.76   0.357138
95   162.743   0.353771
96   162.742   0.350068
97   162.746   0.346468
98   162.748   0.342918
99   162.755   0.339508
100   162.779   0.336978
