1   -25.771   0
2   -30.1585   4.38766
3   -31.9495   3.10238
4   -33.2375   2.54383
5   -33.7823   2.04437
6   -33.9406   1.67671
7   -34.0165   1.41912
8   -34.0891   1.23113
9   -34.4753   1.1524
10   -34.7648   1.07062
11   -35.3635   1.13852
12   -35.8504   1.14771
13   -36.1452   1.09613
14   -36.4969   1.07404
15   -36.8592   1.06348
16   -37.0996   1.02343
17   -37.5992   1.08347
18   -38.2781   1.22644
19   -38.7737   1.26152
20   -38.932   1.20721
21   -39.181   1.17498
22   -39.2736   1.12413
23   -39.2834   1.07419
24   -39.267   1.02859
25   -39.2564   0.986642
26   -39.1426   0.954749
27   -39.1819   0.919547
28   -39.2388   0.887923
29   -39.2239   0.856886
30   -39.2588   0.828566
31   -39.4019   0.814055
32   -39.5758   0.807155
33   -39.8767   0.838237
34   -40.103   0.844114
35   -40.2566   0.8339
36   -40.5   0.846146
37   -40.8276   0.885781
38   -41.0539   0.891378
39   -41.1457   0.873053
40   -41.1666   0.851206
41   -41.3159   0.843491
42   -41.4906   0.841489
43   -41.7163   0.852126
44   -42.0098   0.882788
45   -42.2372   0.892405
46   -42.5064   0.913349
47   -42.77   0.931758
48   -42.8771   0.91841
49   -43.0396   0.914021
50   -43.1945   0.908866
51   -43.256   0.89299
52   -43.2746   0.875845
53   -43.2912   0.85932
54   -43.2936   0.84326
55   -43.2918   0.827789
56   -43.3265   0.813614
57   -43.3576   0.799814
58   -43.4243   0.788735
59   -43.4708   0.776642
60   -43.4962   0.764011
61   -43.4651   0.752027
62   -43.4252   0.74087
63   -43.4623   0.729956
64   -43.5808   0.728155
65   -43.6554   0.720746
66   -43.6901   0.710588
67   -43.7652   0.703926
68   -43.7838   0.693744
69   -43.7516   0.684373
70   -43.7807   0.67515
71   -43.8299   0.66739
72   -43.8809   0.66003
73   -43.8761   0.650944
74   -43.8107   0.645401
75   -43.7864   0.637202
76   -43.832   0.630422
77   -43.9273   0.629417
78   -43.9788   0.623432
79   -43.9645   0.615656
80   -43.9327   0.608741
81   -43.8821   0.603314
82   -43.8391   0.59746
83   -43.8101   0.590932
84   -43.7927   0.584113
85   -43.7754   0.577457
86   -43.7328   0.572293
87   -43.6831   0.567854
88   -43.6483   0.562445
89   -43.6115   0.557309
90   -43.5508   0.554416
91   -43.509   0.54987
92   -43.5404   0.544764
93   -43.5896   0.541115
94   -43.5632   0.535975
95   -43.5378   0.530915
96   -43.5367   0.525356
97   -43.5433   0.519954
98   -43.5462   0.514628
99   -43.5566   0.509512
100   -43.5932   0.505716
