1   226.344   0
2   230.735   4.39013
3   232.531   3.10655
4   233.819   2.5464
5   234.365   2.04661
6   234.522   1.6785
7   234.6   1.4207
8   234.671   1.23244
9   235.057   1.15323
10   235.346   1.0713
11   235.944   1.13837
12   236.431   1.14791
13   236.725   1.09621
14   237.078   1.07415
15   237.439   1.06356
16   237.68   1.02355
17   238.18   1.08328
18   238.858   1.22603
19   239.354   1.26154
20   239.512   1.20716
21   239.761   1.17498
22   239.855   1.12416
23   239.864   1.07422
24   239.848   1.02861
25   239.838   0.986668
26   239.724   0.954762
27   239.762   0.919528
28   239.819   0.887915
29   239.804   0.856876
30   239.839   0.828542
31   239.982   0.814048
32   240.156   0.807191
33   240.457   0.838283
34   240.684   0.844344
35   240.838   0.834096
36   241.081   0.846164
37   241.409   0.885845
38   241.634   0.891457
39   241.727   0.873119
40   241.747   0.851257
41   241.896   0.843451
42   242.07   0.841364
43   242.296   0.8519
44   242.588   0.882504
45   242.816   0.892164
46   243.085   0.912936
47   243.348   0.931367
48   243.456   0.918034
49   243.618   0.913632
50   243.773   0.908545
51   243.834   0.89266
52   243.853   0.875526
53   243.87   0.859006
54   243.872   0.842951
55   243.87   0.827485
56   243.905   0.813313
57   243.936   0.799517
58   244.002   0.788437
59   244.049   0.77636
60   244.074   0.763739
61   244.044   0.751758
62   244.003   0.740614
63   244.04   0.729691
64   244.158   0.727868
65   244.234   0.720494
66   244.267   0.710322
67   244.343   0.70364
68   244.361   0.693462
69   244.328   0.684109
70   244.357   0.67488
71   244.406   0.667105
72   244.457   0.659724
73   244.452   0.650641
74   244.387   0.645121
75   244.362   0.636934
76   244.408   0.630149
77   244.504   0.62914
78   244.555   0.623177
79   244.541   0.615407
80   244.508   0.60849
81   244.458   0.603053
82   244.415   0.597198
83   244.386   0.590672
84   244.369   0.583858
85   244.351   0.577201
86   244.309   0.57204
87   244.26   0.567601
88   244.225   0.562194
89   244.188   0.557051
90   244.127   0.554161
91   244.086   0.549607
92   244.117   0.544494
93   244.166   0.540841
94   244.14   0.535706
95   244.114   0.530657
96   244.112   0.525101
97   244.12   0.519701
98   244.122   0.514378
99   244.133   0.509261
100   244.169   0.505466
