1   200.574   0
2   200.576   0.00248008
3   200.581   0.00538079
4   200.581   0.00380515
5   200.582   0.00318371
6   200.582   0.00262771
7   200.584   0.00266947
8   200.582   0.00260396
9   200.581   0.00241493
10   200.581   0.00216538
11   200.58   0.00233186
12   200.581   0.00225869
13   200.58   0.00210377
14   200.58   0.00194953
15   200.58   0.00181531
16   200.581   0.00170812
17   200.58   0.0017188
18   200.58   0.0016883
19   200.58   0.00185154
20   200.58   0.00181018
21   200.58   0.00173256
22   200.581   0.00170012
23   200.581   0.00162893
24   200.581   0.00157858
25   200.581   0.00151448
26   200.581   0.00145795
27   200.58   0.00159372
28   200.58   0.00154536
29   200.581   0.00150612
30   200.58   0.00148817
31   200.58   0.00144178
32   200.581   0.00141121
33   200.581   0.0013682
34   200.581   0.00150023
35   200.581   0.00146298
36   200.581   0.00153109
37   200.581   0.00149452
38   200.581   0.00145674
39   200.581   0.00142282
40   200.58   0.00147826
41   200.58   0.00152759
42   200.58   0.00154877
43   200.579   0.00156691
44   200.579   0.00154838
45   200.579   0.00151772
46   200.579   0.00161573
47   200.579   0.00158104
48   200.579   0.00154813
49   200.578   0.00152251
50   200.579   0.0015248
51   200.579   0.00151211
52   200.579   0.00149293
53   200.579   0.00146735
54   200.579   0.00144242
55   200.579   0.00141625
56   200.578   0.00139378
57   200.578   0.00136993
58   200.578   0.001348
59   200.578   0.00133559
60   200.579   0.00131953
61   200.579   0.00129798
62   200.578   0.0012862
63   200.578   0.00129412
64   200.578   0.00128692
65   200.578   0.00129776
66   200.578   0.00133718
67   200.578   0.00133472
68   200.578   0.00131831
69   200.578   0.00133268
70   200.576   0.00133282
71   200.576   0.00133787
72   200.576   0.00136416
73   200.576   0.00134768
74   200.576   0.00134023
75   200.576   0.00133336
76   200.576   0.00132139
77   200.575   0.00130572
78   200.576   0.00130595
79   200.576   0.00129156
80   200.576   0.0012783
81   200.576   0.00127318
82   200.576   0.00125915
83   200.576   0.00124408
84   200.576   0.00122928
85   200.576   0.00121645
86   200.576   0.00120276
87   200.576   0.00118956
88   200.576   0.00117603
89   200.576   0.00117334
90   200.576   0.00116025
91   200.576   0.00115883
92   200.576   0.00115927
93   200.576   0.00114935
94   200.576   0.00113729
95   200.576   0.00113454
96   200.576   0.00114058
97   200.576   0.00112904
98   200.576   0.00112983
99   200.576   0.001122
100   200.575   0.00111135
