-3   0
-2.9925   0
-2.985   0
-2.9775   0
-2.97   0
-2.9625   0
-2.955   0
-2.9475   0
-2.94   0
-2.9325   0
-2.925   0
-2.9175   0
-2.91   0
-2.9025   0
-2.895   0
-2.8875   0
-2.88   0
-2.8725   0
-2.865   0
-2.8575   0
-2.85   0
-2.8425   0
-2.835   0
-2.8275   0
-2.82   0
-2.8125   0
-2.805   0
-2.7975   0
-2.79   0
-2.7825   0
-2.775   0
-2.7675   0
-2.76   0
-2.7525   0
-2.745   0
-2.7375   0
-2.73   0
-2.7225   0
-2.715   0
-2.7075   0
-2.7   0
-2.6925   0
-2.685   0
-2.6775   0
-2.67   0
-2.6625   0
-2.655   0
-2.6475   0
-2.64   0
-2.6325   0
-2.625   0
-2.6175   0
-2.61   0
-2.6025   0
-2.595   0
-2.5875   0
-2.58   0
-2.5725   0
-2.565   0
-2.5575   0
-2.55   0
-2.5425   0
-2.535   0
-2.5275   0
-2.52   0
-2.5125   0
-2.505   0
-2.4975   0
-2.49   0
-2.4825   0
-2.475   0
-2.4675   0
-2.46   0
-2.4525   1
-2.445   0
-2.4375   0
-2.43   1
-2.4225   0
-2.415   0
-2.4075   0
-2.4   0
-2.3925   2
-2.385   2
-2.3775   0
-2.37   0
-2.3625   0
-2.355   0
-2.3475   0
-2.34   0
-2.3325   0
-2.325   0
-2.3175   0
-2.31   0
-2.3025   3
-2.295   0
-2.2875   1
-2.28   0
-2.2725   0
-2.265   0
-2.2575   0
-2.25   1
-2.2425   1
-2.235   3
-2.2275   0
-2.22   4
-2.2125   1
-2.205   3
-2.1975   2
-2.19   0
-2.1825   2
-2.175   5
-2.1675   0
-2.16   0
-2.1525   4
-2.145   0
-2.1375   2
-2.13   2
-2.1225   0
-2.115   5
-2.1075   3
-2.1   1
-2.0925   1
-2.085   4
-2.0775   11
-2.07   3
-2.0625   0
-2.055   5
-2.0475   4
-2.04   2
-2.0325   3
-2.025   2
-2.0175   2
-2.01   15
-2.0025   10
-1.995   3
-1.9875   0
-1.98   2
-1.9725   13
-1.965   9
-1.9575   8
-1.95   2
-1.9425   4
-1.935   3
-1.9275   14
-1.92   11
-1.9125   9
-1.905   11
-1.8975   7
-1.89   10
-1.8825   14
-1.875   14
-1.8675   23
-1.86   10
-1.8525   17
-1.845   15
-1.8375   6
-1.83   16
-1.8225   23
-1.815   11
-1.8075   23
-1.8   23
-1.7925   19
-1.785   25
-1.7775   19
-1.77   10
-1.7625   23
-1.755   41
-1.7475   24
-1.74   30
-1.7325   22
-1.725   30
-1.7175   35
-1.71   30
-1.7025   34
-1.695   20
-1.6875   44
-1.68   30
-1.6725   48
-1.665   28
-1.6575   44
-1.65   63
-1.6425   33
-1.635   38
-1.6275   27
-1.62   37
-1.6125   44
-1.605   35
-1.5975   47
-1.59   57
-1.5825   54
-1.575   59
-1.5675   44
-1.56   80
-1.5525   45
-1.545   74
-1.5375   76
-1.53   47
-1.5225   65
-1.515   64
-1.5075   55
-1.5   73
-1.4925   53
-1.485   85
-1.4775   90
-1.47   93
-1.4625   79
-1.455   85
-1.4475   90
-1.44   79
-1.4325   133
-1.425   86
-1.4175   131
-1.41   103
-1.4025   104
-1.395   108
-1.3875   103
-1.38   118
-1.3725   154
-1.365   115
-1.3575   106
-1.35   119
-1.3425   145
-1.335   103
-1.3275   127
-1.32   131
-1.3125   164
-1.305   151
-1.2975   174
-1.29   164
-1.2825   114
-1.275   165
-1.2675   131
-1.26   178
-1.2525   127
-1.245   140
-1.2375   182
-1.23   186
-1.2225   164
-1.215   206
-1.2075   225
-1.2   190
-1.1925   172
-1.185   176
-1.1775   202
-1.17   190
-1.1625   218
-1.155   199
-1.1475   224
-1.14   210
-1.1325   177
-1.125   198
-1.1175   197
-1.11   259
-1.1025   260
-1.095   247
-1.0875   263
-1.08   240
-1.0725   239
-1.065   282
-1.0575   277
-1.05   229
-1.0425   254
-1.035   220
-1.0275   241
-1.02   221
-1.0125   270
-1.005   294
-0.9975   250
-0.99   296
-0.9825   261
-0.975   302
-0.9675   246
-0.96   273
-0.9525   287
-0.945   251
-0.9375   258
-0.93   309
-0.9225   312
-0.915   304
-0.9075   267
-0.9   270
-0.8925   276
-0.885   288
-0.8775   331
-0.87   334
-0.8625   332
-0.855   246
-0.8475   331
-0.84   282
-0.8325   302
-0.825   378
-0.8175   280
-0.81   348
-0.8025   336
-0.795   287
-0.7875   343
-0.78   356
-0.7725   316
-0.765   326
-0.7575   334
-0.75   335
-0.7425   370
-0.735   357
-0.7275   284
-0.72   376
-0.7125   306
-0.705   303
-0.6975   277
-0.69   316
-0.6825   327
-0.675   317
-0.6675   286
-0.66   292
-0.6525   334
-0.645   339
-0.6375   315
-0.63   256
-0.6225   345
-0.615   329
-0.6075   333
-0.6   313
-0.5925   290
-0.585   312
-0.5775   323
-0.57   305
-0.5625   230
-0.555   287
-0.5475   303
-0.54   359
-0.5325   285
-0.525   309
-0.5175   306
-0.51   278
-0.5025   278
-0.495   294
-0.4875   283
-0.48   290
-0.4725   222
-0.465   323
-0.4575   293
-0.45   309
-0.4425   270
-0.435   266
-0.4275   290
-0.42   280
-0.4125   287
-0.405   267
-0.3975   276
-0.39   252
-0.3825   288
-0.375   227
-0.3675   241
-0.36   269
-0.3525   291
-0.345   273
-0.3375   251
-0.33   249
-0.3225   258
-0.315   244
-0.3075   258
-0.3   257
-0.2925   248
-0.285   275
-0.2775   250
-0.27   225
-0.2625   229
-0.255   224
-0.2475   231
-0.24   232
-0.2325   231
-0.225   206
-0.2175   282
-0.21   191
-0.2025   226
-0.195   235
-0.1875   226
-0.18   256
-0.1725   223
-0.165   226
-0.1575   243
-0.15   246
-0.1425   218
-0.135   224
-0.1275   245
-0.12   256
-0.1125   254
-0.105   249
-0.0975   204
-0.09   221
-0.0825   231
-0.075   221
-0.0675   227
-0.06   238
-0.0525   208
-0.045   205
-0.0375   218
-0.03   214
-0.0225   238
-0.015   211
-0.0075   242
0   189
0.0075   227
0.015   246
0.0225   218
0.03   215
0.0375   212
0.045   233
0.0525   219
0.06   225
0.0675   213
0.075   220
0.0825   257
0.09   224
0.0975   208
0.105   242
0.1125   239
0.12   232
0.1275   194
0.135   208
0.1425   233
0.15   215
0.1575   204
0.165   265
0.1725   225
0.18   243
0.1875   271
0.195   247
0.2025   215
0.21   259
0.2175   261
0.225   234
0.2325   251
0.24   197
0.2475   243
0.255   234
0.2625   236
0.27   248
0.2775   221
0.285   256
0.2925   253
0.3   255
0.3075   242
0.315   274
0.3225   270
0.33   249
0.3375   289
0.345   259
0.3525   264
0.36   253
0.3675   277
0.375   270
0.3825   265
0.39   248
0.3975   279
0.405   265
0.4125   227
0.42   316
0.4275   245
0.435   311
0.4425   308
0.45   282
0.4575   297
0.465   281
0.4725   331
0.48   297
0.4875   309
0.495   219
0.5025   255
0.51   312
0.5175   244
0.525   303
0.5325   317
0.54   305
0.5475   270
0.555   310
0.5625   296
0.57   289
0.5775   284
0.585   321
0.5925   306
0.6   285
0.6075   289
0.615   324
0.6225   293
0.63   257
0.6375   268
0.645   320
0.6525   353
0.66   321
0.6675   297
0.675   308
0.6825   340
0.69   324
0.6975   331
0.705   328
0.7125   348
0.72   376
0.7275   249
0.735   363
0.7425   330
0.75   335
0.7575   309
0.765   330
0.7725   294
0.78   297
0.7875   363
0.795   304
0.8025   324
0.81   354
0.8175   351
0.825   330
0.8325   326
0.84   302
0.8475   328
0.855   295
0.8625   333
0.87   285
0.8775   317
0.885   328
0.8925   266
0.9   329
0.9075   310
0.915   278
0.9225   251
0.93   283
0.9375   265
0.945   281
0.9525   275
0.96   246
0.9675   259
0.975   244
0.9825   249
0.99   232
0.9975   239
1.005   233
1.0125   232
1.02   231
1.0275   240
1.035   225
1.0425   269
1.05   286
1.0575   257
1.065   238
1.0725   228
1.08   195
1.0875   251
1.095   204
1.1025   205
1.11   261
1.1175   227
1.125   203
1.1325   202
1.14   197
1.1475   224
1.155   188
1.1625   199
1.17   222
1.1775   182
1.185   188
1.1925   170
1.2   192
1.2075   190
1.215   194
1.2225   186
1.23   178
1.2375   138
1.245   180
1.2525   139
1.26   134
1.2675   172
1.275   151
1.2825   170
1.29   151
1.2975   173
1.305   156
1.3125   153
1.32   151
1.3275   127
1.335   99
1.3425   134
1.35   146
1.3575   153
1.365   137
1.3725   98
1.38   93
1.3875   120
1.395   118
1.4025   106
1.41   94
1.4175   95
1.425   99
1.4325   114
1.44   92
1.4475   122
1.455   66
1.4625   65
1.47   92
1.4775   89
1.485   63
1.4925   71
1.5   83
1.5075   78
1.515   59
1.5225   69
1.53   68
1.5375   60
1.545   72
1.5525   77
1.56   61
1.5675   57
1.575   28
1.5825   47
1.59   32
1.5975   37
1.605   55
1.6125   49
1.62   32
1.6275   33
1.635   36
1.6425   53
1.65   45
1.6575   41
1.665   30
1.6725   37
1.68   35
1.6875   35
1.695   29
1.7025   35
1.71   36
1.7175   38
1.725   27
1.7325   13
1.74   26
1.7475   29
1.755   26
1.7625   30
1.77   11
1.7775   17
1.785   31
1.7925   16
1.8   29
1.8075   21
1.815   20
1.8225   20
1.83   13
1.8375   13
1.845   16
1.8525   7
1.86   6
1.8675   12
1.875   12
1.8825   13
1.89   8
1.8975   15
1.905   12
1.9125   24
1.92   8
1.9275   18
1.935   16
1.9425   7
1.95   7
1.9575   10
1.965   16
1.9725   6
1.98   8
1.9875   8
1.995   8
2.0025   1
2.01   6
2.0175   4
2.025   2
2.0325   3
2.04   3
2.0475   3
2.055   2
2.0625   1
2.07   8
2.0775   7
2.085   5
2.0925   0
2.1   4
2.1075   7
2.115   5
2.1225   4
2.13   2
2.1375   6
2.145   2
2.1525   2
2.16   3
2.1675   0
2.175   0
2.1825   5
2.19   4
2.1975   0
2.205   0
2.2125   0
2.22   0
2.2275   1
2.235   0
2.2425   0
2.25   0
2.2575   0
2.265   4
2.2725   0
2.28   0
2.2875   0
2.295   0
2.3025   0
2.31   2
2.3175   2
2.325   0
2.3325   0
2.34   1
2.3475   0
2.355   0
2.3625   0
2.37   0
2.3775   0
2.385   0
2.3925   0
2.4   0
2.4075   0
2.415   0
2.4225   0
2.43   3
2.4375   0
2.445   0
2.4525   0
2.46   0
2.4675   2
2.475   0
2.4825   0
2.49   0
2.4975   0
2.505   0
2.5125   0
2.52   0
2.5275   0
2.535   0
2.5425   0
2.55   0
2.5575   0
2.565   0
2.5725   0
2.58   0
2.5875   0
2.595   0
2.6025   0
2.61   1
2.6175   0
2.625   0
2.6325   0
2.64   0
2.6475   0
2.655   0
2.6625   0
2.67   0
2.6775   0
2.685   0
2.6925   0
2.7   0
2.7075   0
2.715   0
2.7225   0
2.73   0
2.7375   0
2.745   0
2.7525   0
2.76   0
2.7675   0
2.775   0
2.7825   0
2.79   0
2.7975   0
2.805   0
2.8125   0
2.82   0
2.8275   0
2.835   0
2.8425   0
2.85   0
2.8575   0
2.865   0
2.8725   0
2.88   0
2.8875   0
2.895   0
2.9025   0
2.91   0
2.9175   0
2.925   0
2.9325   0
2.94   0
2.9475   0
2.955   0
2.9625   0
2.97   0
2.9775   0
2.985   0
2.9925   0
