1   -0.46379   0
2   -0.429975   0.033815
3   -0.42592   0.0199397
4   -0.42275   0.0144515
5   -0.422928   0.0111955
6   -0.429949   0.0115263
7   -0.434639   0.0108114
8   -0.4319   0.00975527
9   -0.434828   0.00908798
10   -0.437297   0.00849516
11   -0.436893   0.00769476
12   -0.437258   0.00703381
13   -0.433278   0.0075964
14   -0.432892   0.00704348
15   -0.433391   0.00657606
16   -0.434719   0.00629323
17   -0.436278   0.00611339
18   -0.438654   0.00623437
19   -0.438204   0.00591423
20   -0.437226   0.00569541
21   -0.437381   0.00541964
22   -0.436456   0.00524959
23   -0.437159   0.00506514
24   -0.437168   0.00484951
25   -0.43828   0.00478252
26   -0.439277   0.00470187
27   -0.440475   0.00468039
28   -0.441345   0.0045933
29   -0.442002   0.00448039
30   -0.442356   0.00434295
31   -0.441471   0.00429267
32   -0.442005   0.00419041
33   -0.441566   0.004085
34   -0.441361   0.00396837
35   -0.440471   0.00395471
36   -0.440905   0.0038677
37   -0.440886   0.00376177
38   -0.440664   0.00366817
39   -0.44059   0.00357364
40   -0.440782   0.00348845
41   -0.442274   0.00371501
42   -0.442198   0.00362627
43   -0.441163   0.00368899
44   -0.442643   0.00389624
45   -0.442621   0.00380874
46   -0.440964   0.00407698
47   -0.440917   0.00398957
48   -0.440902   0.0039056
49   -0.441331   0.00384901
50   -0.441253   0.00377203
51   -0.440605   0.00375377
52   -0.441433   0.00377291
53   -0.441734   0.0037133
54   -0.44144   0.00365574
55   -0.441065   0.0036082
56   -0.440777   0.00355485
57   -0.440956   0.00349652
58   -0.440833   0.00343793
59   -0.441143   0.00339333
60   -0.44104   0.00333787
61   -0.441411   0.00330356
62   -0.441451   0.00325008
63   -0.441866   0.00322487
64   -0.442087   0.00318176
65   -0.442707   0.00319331
66   -0.443228   0.00318731
67   -0.443545   0.00315536
68   -0.443157   0.00313272
69   -0.442684   0.00312294
70   -0.442611   0.00307888
71   -0.44291   0.00304992
72   -0.443124   0.00301487
73   -0.443252   0.00297603
74   -0.443469   0.00294358
75   -0.443492   0.00290416
76   -0.443852   0.0028882
77   -0.443373   0.00289047
78   -0.443415   0.00285347
79   -0.44408   0.00289471
80   -0.44394   0.00286176
81   -0.443143   0.00293646
82   -0.442431   0.00298639
83   -0.442427   0.00295019
84   -0.442191   0.00292445
85   -0.44196   0.00289906
86   -0.441969   0.00286517
87   -0.441668   0.00284791
88   -0.441883   0.00282353
89   -0.4418   0.00279285
90   -0.441837   0.00276188
91   -0.442256   0.00276338
92   -0.44237   0.00273554
93   -0.442075   0.00272192
94   -0.442363   0.00270815
95   -0.442324   0.00267978
96   -0.44239   0.00265253
97   -0.442424   0.00262526
98   -0.442487   0.00259909
99   -0.442569   0.00257402
100   -0.442013   0.00260814
