1   0.802929   0
2   0.799789   0.00314049
3   0.804265   0.00482933
4   0.803442   0.00351259
5   0.803116   0.00274028
6   0.805131   0.00301044
7   0.804933   0.00255193
8   0.804573   0.00223915
9   0.804785   0.00198608
10   0.80368   0.00209202
11   0.803524   0.00189871
12   0.803743   0.00174706
13   0.804238   0.00168143
14   0.804373   0.00156251
15   0.804373   0.00145462
16   0.804219   0.00136945
17   0.803993   0.00130606
18   0.804142   0.00124037
19   0.804343   0.00119044
20   0.804306   0.00112996
21   0.804767   0.00116939
22   0.804173   0.00126332
23   0.804613   0.00128494
24   0.804612   0.00123024
25   0.804552   0.00118155
26   0.804313   0.00116001
27   0.803961   0.00117048
28   0.80443   0.00122142
29   0.803486   0.00150991
30   0.80357   0.00146116
31   0.804105   0.00151112
32   0.80369   0.00152085
33   0.803737   0.00147479
34   0.804168   0.00149425
35   0.804447   0.00147754
36   0.804209   0.00145558
37   0.804513   0.00144806
38   0.80447   0.00141012
39   0.804311   0.00138257
40   0.804421   0.00135201
41   0.804592   0.00132967
42   0.804256   0.00134045
43   0.804244   0.00130895
44   0.804348   0.00128307
45   0.804336   0.00125429
46   0.804332   0.00122673
47   0.804239   0.00120393
48   0.804168   0.00118074
49   0.804378   0.00117532
50   0.804414   0.00115214
51   0.804475   0.00113096
52   0.804439   0.00110959
53   0.804322   0.00109472
54   0.804242   0.00107722
55   0.804243   0.00105745
56   0.804037   0.00105854
57   0.804135   0.00104438
58   0.804114   0.00102642
59   0.804147   0.00100941
60   0.804396   0.00102306
61   0.80417   0.00103116
62   0.804182   0.00101447
63   0.804236   0.000999664
64   0.804011   0.0010093
65   0.804087   0.000996553
66   0.80406   0.000981722
67   0.803965   0.000971594
68   0.804177   0.000980391
69   0.804093   0.000969705
70   0.804185   0.000960136
71   0.804377   0.000965945
72   0.804312   0.000954685
73   0.80419   0.000949338
74   0.804199   0.000936462
75   0.804331   0.000933303
76   0.804244   0.000925024
77   0.804515   0.000952068
78   0.804454   0.000941703
79   0.804269   0.000947931
80   0.804419   0.000947901
81   0.80449   0.000938789
82   0.804332   0.000940639
83   0.804316   0.000929375
84   0.804474   0.000931745
85   0.804346   0.000929526
86   0.804446   0.000924081
87   0.804436   0.000913451
88   0.804367   0.000905685
89   0.804406   0.000896331
90   0.804438   0.000886888
91   0.804607   0.000893089
92   0.804495   0.000890304
93   0.80455   0.000882344
94   0.804532   0.000873079
95   0.804557   0.000864206
96   0.804592   0.000855844
97   0.80464   0.000848338
98   0.804555   0.000843939
99   0.80449   0.000837832
100   0.80461   0.000838026
