1   -971.215   0
2   -1032.21   895.998
3   -1059.86   707.991
4   -1068.59   598.264
5   -1071.55   525.574
6   -1076.47   475.164
7   -1079.53   436.583
8   -1080.72   405.585
9   -1080.94   380.067
10   -1081.49   358.912
11   -1083.1   341.281
12   -1084.6   326.055
13   -1085.04   312.45
14   -1085.58   300.455
15   -1086.01   289.726
16   -1086.21   280.022
17   -1086.86   271.348
18   -1087.28   263.391
19   -1087.08   255.96
20   -1087.83   249.334
21   -1088.66   243.233
22   -1088.38   237.331
23   -1089.19   232.065
24   -1089.18   226.978
25   -1089.46   222.268
26   -1089.51   217.797
27   -1089.41   213.559
28   -1089.37   209.567
29   -1090.02   205.92
30   -1090.19   202.378
31   -1090.3   199.001
32   -1090.26   195.764
33   -1090.36   192.703
34   -1090.44   189.778
35   -1090.47   186.975
36   -1089.94   184.2
37   -1090.43   181.707
38   -1090.75   179.291
39   -1090.64   176.9
40   -1090.63   174.619
41   -1090.99   172.48
42   -1090.98   170.365
43   -1090.82   168.302
44   -1090.92   166.348
45   -1090.91   164.446
46   -1090.88   162.607
47   -1090.82   160.822
48   -1090.85   159.106
49   -1091.22   157.496
50   -1091.35   155.9
51   -1091.19   154.311
52   -1090.97   152.76
53   -1090.98   151.287
54   -1091.12   149.873
55   -1091.23   148.494
56   -1091.4   147.162
57   -1091.42   145.844
58   -1091.36   144.552
59   -1091.24   143.286
60   -1091.24   142.067
61   -1091.16   140.867
62   -1091.36   139.734
63   -1091.56   138.629
64   -1091.61   137.53
65   -1091.44   136.431
66   -1091.49   135.383
67   -1091.63   134.371
68   -1091.7   133.373
69   -1091.51   132.366
70   -1091.54   131.407
71   -1091.67   130.482
72   -1091.62   129.553
73   -1091.62   128.65
74   -1091.68   127.774
75   -1091.9   126.933
76   -1091.86   126.08
77   -1091.86   125.248
78   -1091.74   124.418
79   -1091.72   123.616
80   -1091.86   122.847
81   -1091.68   122.057
82   -1091.87   121.323
83   -1092.05   120.6
84   -1092.02   119.868
85   -1091.94   119.145
86   -1091.95   118.442
87   -1092.18   117.777
88   -1092.21   117.101
89   -1092.29   116.442
90   -1092.24   115.781
91   -1092.34   115.147
92   -1092.12   114.49
93   -1092.24   113.879
94   -1092.3   113.271
95   -1092.33   112.669
96   -1092.35   112.077
97   -1092.4   111.497
98   -1092.32   110.913
99   -1092.31   110.345
100   -1092.4   109.795
