1   164.825   0
2   180.594   157.192
3   193.263   129.783
4   194.658   109.384
5   193.172   95.0375
6   195.04   86.3201
7   195.972   79.4352
8   195.578   73.5458
9   194.57   68.5422
10   194.092   64.5258
11   194.934   61.5251
12   195.791   58.9529
13   195.708   56.4391
14   195.721   54.2432
15   195.716   52.2798
16   195.552   50.4731
17   195.887   48.9614
18   196.026   47.5384
19   195.591   46.1025
20   196.078   44.9898
21   196.734   44.004
22   196.216   42.8355
23   196.854   41.9922
24   196.667   41.0313
25   196.795   40.1941
26   196.715   39.3664
27   196.5   38.5607
28   196.369   37.8148
29   196.884   37.2344
30   196.962   36.6012
31   196.98   35.989
32   196.864   35.3828
33   196.895   34.831
34   196.898   34.2993
35   196.841   33.7814
36   196.252   33.2007
37   196.666   32.8074
38   196.948   32.4079
39   196.789   31.9529
40   196.715   31.5285
41   197   31.1777
42   196.957   30.7879
43   196.749   30.3874
44   196.785   30.0369
45   196.725   29.6842
46   196.652   29.3416
47   196.564   29.0075
48   196.541   28.6936
49   196.882   28.444
50   196.971   28.1645
51   196.784   27.8554
52   196.531   27.5463
53   196.506   27.2763
54   196.616   27.0326
55   196.677   26.7892
56   196.821   26.5639
57   196.803   26.3231
58   196.72   26.0798
59   196.579   25.8356
60   196.557   25.6125
61   196.442   25.3834
62   196.62   25.1973
63   196.797   25.0162
64   196.823   24.8198
65   196.634   24.6021
66   196.657   24.4147
67   196.779   24.244
68   196.83   24.0683
69   196.628   23.8666
70   196.639   23.6942
71   196.757   23.5386
72   196.685   23.3636
73   196.659   23.1973
74   196.702   23.0427
75   196.893   22.9092
76   196.841   22.7498
77   196.826   22.5977
78   196.693   22.4355
79   196.659   22.2871
80   196.787   22.1602
81   196.602   22.0011
82   196.775   21.8847
83   196.934   21.7687
84   196.892   21.6323
85   196.807   21.4938
86   196.797   21.3658
87   197.003   21.2641
88   197.007   21.1417
89   197.076   21.0286
90   197.01   20.9031
91   197.107   20.7968
92   196.889   20.6602
93   197.002   20.5595
94   197.044   20.4531
95   197.066   20.3458
96   197.079   20.2397
97   197.128   20.1389
98   197.044   20.0262
99   197.025   19.9217
100   197.103   19.8287
