1   -806.39   0
2   -851.614   738.905
3   -866.599   578.517
4   -873.935   489.063
5   -878.377   430.692
6   -881.429   388.964
7   -883.555   357.241
8   -885.139   332.118
9   -886.374   311.6
10   -887.397   294.454
11   -888.16   279.817
12   -888.808   267.159
13   -889.334   256.061
14   -889.859   246.256
15   -890.29   237.487
16   -890.658   229.585
17   -890.978   222.422
18   -891.251   215.885
19   -891.493   209.889
20   -891.75   204.375
21   -891.93   199.262
22   -892.163   194.527
23   -892.339   190.107
24   -892.516   185.979
25   -892.667   182.104
26   -892.795   178.46
27   -892.913   175.026
28   -893.005   171.779
29   -893.133   168.715
30   -893.229   165.804
31   -893.316   163.037
32   -893.393   160.404
33   -893.469   157.895
34   -893.543   155.501
35   -893.629   153.215
36   -893.692   151.024
37   -893.761   148.925
38   -893.807   146.909
39   -893.856   144.973
40   -893.918   143.114
41   -893.985   141.326
42   -894.028   139.6
43   -894.076   137.937
44   -894.133   136.334
45   -894.182   134.785
46   -894.228   133.286
47   -894.258   131.835
48   -894.303   130.433
49   -894.341   129.073
50   -894.381   127.756
51   -894.404   126.476
52   -894.438   125.235
53   -894.474   124.031
54   -894.508   122.86
55   -894.553   121.724
56   -894.582   120.617
57   -894.612   119.54
58   -894.638   118.49
59   -894.666   117.468
60   -894.687   116.472
61   -894.712   115.501
62   -894.743   114.554
63   -894.766   113.63
64   -894.786   112.727
65   -894.807   111.846
66   -894.832   110.986
67   -894.85   110.144
68   -894.868   109.322
69   -894.881   108.517
70   -894.899   107.73
71   -894.915   106.96
72   -894.933   106.206
73   -894.958   105.469
74   -894.978   104.747
75   -895.004   104.04
76   -895.022   103.346
77   -895.033   102.665
78   -895.046   101.998
79   -895.064   101.344
80   -895.076   100.702
81   -895.079   100.071
82   -895.096   99.4537
83   -895.114   98.8476
84   -895.125   98.2516
85   -895.135   97.6663
86   -895.153   97.0921
87   -895.179   96.5288
88   -895.199   95.9746
89   -895.21   95.429
90   -895.228   94.8934
91   -895.233   94.3654
92   -895.237   93.8457
93   -895.243   93.3352
94   -895.255   92.8333
95   -895.263   92.3389
96   -895.268   91.8523
97   -895.273   91.3733
98   -895.278   90.9016
99   -895.286   90.4375
100   -895.292   89.9802
