1   4188.8   0
2   4312.79   3737.04
3   4241.6   2829.54
4   4283.76   2396.13
5   4345.64   2130.78
6   4343.77   1916.8
7   4351.34   1759.3
8   4372.39   1640.66
9   4402.21   1547.9
10   4417.85   1466.27
11   4410.5   1389.86
12   4402.74   1323.68
13   4409.71   1269.94
14   4414.97   1222.04
15   4419.36   1179.11
16   4424.17   1140.65
17   4421.78   1104.05
18   4423.02   1071.56
19   4431.99   1043.65
20   4425.47   1014.46
21   4416.94   987.001
22   4425.54   965.206
23   4416.28   941.149
24   4419.71   921.234
25   4419.19   901.774
26   4421.65   884.088
27   4425.7   867.755
28   4428.39   852.08
29   4420.69   835.33
30   4420.13   820.721
31   4420.67   807.039
32   4423.08   794.366
33   4423.35   781.916
34   4424.09   770.119
35   4424.91   758.86
36   4434.74   749.672
37   4428.58   738.19
38   4425.17   727.598
39   4427.8   718.396
40   4428.99   709.324
41   4424.84   699.756
42   4426.16   691.379
43   4429.99   683.701
44   4429.41   675.62
45   4430.81   668.11
46   4432.17   660.849
47   4434.1   653.917
48   4434.56   646.99
49   4429.53   639.507
50   4428.39   632.784
51   4431.01   626.802
52   4435.14   621.215
53   4435.9   615.321
54   4434.55   609.302
55   4433.83   603.533
56   4431.96   597.774
57   4432.53   592.487
58   4433.97   587.455
59   4436.17   582.664
60   4436.79   577.785
61   4438.78   573.207
62   4436.15   568.157
63   4433.85   563.269
64   4433.61   558.747
65   4436.62   554.748
66   4436.31   550.425
67   4434.9   546.065
68   4434.42   541.913
69   4437.73   538.327
70   4437.75   534.412
71   4435.8   530.348
72   4437.01   526.743
73   4437.54   523.134
74   4437.01   519.473
75   4434.22   515.637
76   4435.13   512.292
77   4435.58   508.96
78   4437.87   505.907
79   4438.49   502.724
80   4436.63   499.323
81   4439.81   496.556
82   4437.01   493.179
83   4434.39   489.88
84   4435.27   487.016
85   4436.61   484.255
86   4436.71   481.405
87   4433.51   478.264
88   4433.24   475.474
89   4432.1   472.643
90   4433.19   470.095
91   4431.77   467.329
92   4435.32   465.137
93   4433.65   462.43
94   4433.13   459.881
95   4432.77   457.391
96   4432.37   454.934
97   4431.53   452.472
98   4432.86   450.268
99   4433.19   447.997
100   4432.01   445.61
