1   109.883   0
2   120.396   104.795
3   128.842   86.5218
4   129.772   72.9226
5   128.782   63.3583
6   130.026   57.5468
7   130.648   52.9567
8   130.386   49.0306
9   129.713   45.6948
10   129.395   43.0172
11   129.956   41.0167
12   130.527   39.3019
13   130.472   37.6262
14   130.481   36.1622
15   130.478   34.8531
16   130.368   33.6487
17   130.591   32.6409
18   130.684   31.6922
19   130.394   30.7351
20   130.718   29.9933
21   131.156   29.336
22   130.81   28.557
23   131.236   27.9948
24   131.111   27.3542
25   131.197   26.7961
26   131.143   26.2443
27   131   25.7072
28   130.912   25.2099
29   131.256   24.8229
30   131.309   24.4009
31   131.32   23.9927
32   131.242   23.5886
33   131.264   23.2208
34   131.265   22.8662
35   131.228   22.5208
36   130.834   22.1338
37   131.111   21.8715
38   131.298   21.6054
39   131.193   21.302
40   131.144   21.0191
41   131.334   20.7852
42   131.305   20.5253
43   131.166   20.2583
44   131.19   20.0247
45   131.149   19.7894
46   131.102   19.5611
47   131.043   19.3384
48   131.027   19.1291
49   131.255   18.9627
50   131.313   18.7764
51   131.189   18.5702
52   131.02   18.3641
53   131.004   18.1842
54   131.077   18.0218
55   131.118   17.8594
56   131.214   17.7094
57   131.203   17.5487
58   131.146   17.3865
59   131.052   17.2236
60   131.038   17.075
61   130.962   16.9223
62   131.079   16.7982
63   131.198   16.6775
64   131.215   16.5465
65   131.09   16.4015
66   131.105   16.2765
67   131.186   16.1627
68   131.22   16.0455
69   131.085   15.9111
70   131.093   15.7962
71   131.171   15.6923
72   131.124   15.5757
73   131.106   15.4649
74   131.134   15.3618
75   131.262   15.2728
76   131.227   15.1665
77   131.218   15.0652
78   131.128   14.957
79   131.106   14.8581
80   131.191   14.7734
81   131.068   14.6674
82   131.184   14.5898
83   131.29   14.5125
84   131.261   14.4215
85   131.204   14.3292
86   131.198   14.2438
87   131.335   14.1761
88   131.337   14.0944
89   131.384   14.019
90   131.34   13.9354
91   131.405   13.8645
92   131.259   13.7735
93   131.334   13.7063
94   131.363   13.6354
95   131.377   13.5639
96   131.386   13.4932
97   131.419   13.426
98   131.363   13.3508
99   131.35   13.2811
100   131.403   13.2192
