1   80.4025   0
2   88.0948   76.679
3   94.2743   63.3086
4   94.9553   53.358
5   94.2305   46.3597
6   95.1413   42.1074
7   95.5962   38.7488
8   95.4041   35.876
9   94.9117   33.4352
10   94.6793   31.476
11   95.0898   30.0122
12   95.5076   28.7575
13   95.4671   27.5314
14   95.4736   26.4601
15   95.4714   25.5023
16   95.3909   24.621
17   95.5544   23.8836
18   95.6224   23.1894
19   95.4102   22.4891
20   95.6477   21.9463
21   95.9677   21.4654
22   95.7149   20.8954
23   96.0263   20.484
24   95.935   20.0153
25   95.9976   19.6069
26   95.9584   19.2031
27   95.8537   18.8101
28   95.7894   18.4463
29   96.0412   18.1631
30   96.0796   17.8543
31   96.0881   17.5556
32   96.031   17.26
33   96.0468   16.9908
34   96.0476   16.7314
35   96.0204   16.4786
36   95.7324   16.1954
37   95.9346   16.0036
38   96.0719   15.8088
39   95.9946   15.5868
40   95.9587   15.3798
41   96.0979   15.2087
42   96.0766   15.0185
43   95.975   14.8231
44   95.9924   14.6522
45   95.9629   14.48
46   95.9281   14.313
47   95.8848   14.15
48   95.8738   13.9969
49   96.0401   13.8751
50   96.083   13.7388
51   95.9922   13.588
52   95.8685   13.4371
53   95.8566   13.3055
54   95.9102   13.1867
55   95.9401   13.0679
56   96.0103   12.9581
57   96.0019   12.8405
58   95.9608   12.7218
59   95.8919   12.6026
60   95.8818   12.4939
61   95.826   12.3822
62   95.9117   12.2914
63   95.9986   12.203
64   96.0109   12.1072
65   95.9196   12.0011
66   95.9308   11.9096
67   95.99   11.8263
68   96.0143   11.7406
69   95.9156   11.6423
70   95.9216   11.5582
71   95.979   11.4822
72   95.9443   11.3969
73   95.9309   11.3157
74   95.9519   11.2403
75   96.0452   11.1752
76   96.0198   11.0975
77   96.0131   11.0233
78   95.9477   10.9441
79   95.9311   10.8718
80   95.9935   10.8098
81   95.9033   10.7323
82   95.988   10.6754
83   96.0656   10.6189
84   96.0445   10.5523
85   96.0031   10.4848
86   95.9983   10.4223
87   96.0991   10.3728
88   96.1004   10.313
89   96.1345   10.2578
90   96.1027   10.1966
91   96.1498   10.1448
92   96.0428   10.0782
93   96.0982   10.029
94   96.1193   9.97709
95   96.1292   9.9248
96   96.1362   9.87305
97   96.1603   9.82388
98   96.1189   9.76891
99   96.1096   9.71791
100   96.1484   9.67259
