1   -710.645   0
2   -755.275   655.608
3   -775.508   518.042
4   -781.897   437.754
5   -784.061   384.566
6   -787.66   347.681
7   -789.898   319.451
8   -790.769   296.77
9   -790.934   278.098
10   -791.334   262.619
11   -792.509   249.718
12   -793.609   238.577
13   -793.933   228.622
14   -794.327   219.845
15   -794.639   211.994
16   -794.786   204.894
17   -795.266   198.547
18   -795.569   192.725
19   -795.427   187.288
20   -795.972   182.44
21   -796.584   177.976
22   -796.375   173.657
23   -796.97   169.804
24   -796.962   166.081
25   -797.167   162.635
26   -797.202   159.364
27   -797.132   156.263
28   -797.101   153.342
29   -797.573   150.673
30   -797.702   148.081
31   -797.778   145.61
32   -797.749   143.242
33   -797.827   141.002
34   -797.884   138.862
35   -797.905   136.811
36   -797.519   134.78
37   -797.873   132.956
38   -798.113   131.189
39   -798.032   129.439
40   -798.024   127.77
41   -798.282   126.205
42   -798.281   124.657
43   -798.164   123.148
44   -798.232   121.718
45   -798.224   120.326
46   -798.205   118.98
47   -798.162   117.675
48   -798.18   116.419
49   -798.456   115.241
50   -798.548   114.073
51   -798.43   112.91
52   -798.269   111.776
53   -798.277   110.697
54   -798.383   109.663
55   -798.462   108.654
56   -798.588   107.679
57   -798.596   106.715
58   -798.554   105.769
59   -798.472   104.843
60   -798.472   103.951
61   -798.407   103.073
62   -798.558   102.244
63   -798.704   101.436
64   -798.738   100.632
65   -798.616   99.8274
66   -798.65   99.061
67   -798.754   98.3204
68   -798.803   97.5902
69   -798.664   96.8534
70   -798.686   96.1518
71   -798.784   95.4744
72   -798.745   94.7952
73   -798.743   94.1345
74   -798.79   93.493
75   -798.949   92.8778
76   -798.924   92.2537
77   -798.923   91.6447
78   -798.834   91.0378
79   -798.822   90.4511
80   -798.924   89.8883
81   -798.791   89.31
82   -798.93   88.7726
83   -799.06   88.244
84   -799.037   87.7085
85   -798.982   87.1789
86   -798.988   86.6652
87   -799.158   86.1784
88   -799.175   85.6835
89   -799.234   85.2017
90   -799.199   84.7181
91   -799.273   84.2539
92   -799.115   83.7733
93   -799.204   83.3261
94   -799.244   82.881
95   -799.264   82.4411
96   -799.278   82.0075
97   -799.318   81.5833
98   -799.26   81.1559
99   -799.252   80.74
100   -799.315   80.3375
