1   1.00503   0
2   1.10118   0.958489
3   1.17843   0.791357
4   1.18694   0.666975
5   1.17788   0.579497
6   1.18927   0.526342
7   1.19495   0.484361
8   1.19255   0.44845
9   1.1864   0.41794
10   1.18349   0.39345
11   1.18862   0.375153
12   1.19385   0.359469
13   1.19334   0.344141
14   1.19342   0.330751
15   1.19339   0.318779
16   1.19239   0.307763
17   1.19443   0.298545
18   1.19528   0.289868
19   1.19263   0.281113
20   1.1956   0.274328
21   1.1996   0.268317
22   1.19644   0.261192
23   1.20033   0.25605
24   1.19919   0.250191
25   1.19997   0.245086
26   1.19948   0.240039
27   1.19817   0.235126
28   1.19737   0.230578
29   1.20051   0.227039
30   1.20099   0.223178
31   1.2011   0.219445
32   1.20039   0.215749
33   1.20058   0.212384
34   1.2006   0.209142
35   1.20025   0.205984
36   1.19666   0.202443
37   1.19918   0.200045
38   1.2009   0.197609
39   1.19993   0.194835
40   1.19948   0.192247
41   1.20122   0.190108
42   1.20096   0.187731
43   1.19969   0.185289
44   1.19991   0.183152
45   1.19954   0.181001
46   1.1991   0.178912
47   1.19856   0.176875
48   1.19842   0.174961
49   1.2005   0.173439
50   1.20104   0.171735
51   1.1999   0.16985
52   1.19836   0.167965
53   1.19821   0.166319
54   1.19888   0.164833
55   1.19925   0.163349
56   1.20013   0.161975
57   1.20002   0.160507
58   1.19951   0.159023
59   1.19865   0.157534
60   1.19852   0.156174
61   1.19782   0.154777
62   1.1989   0.153642
63   1.19998   0.152538
64   1.20014   0.15134
65   1.19899   0.150013
66   1.19913   0.14887
67   1.19987   0.147829
68   1.20018   0.146758
69   1.19895   0.145528
70   1.19902   0.144477
71   1.19974   0.143528
72   1.1993   0.142461
73   1.19914   0.141447
74   1.1994   0.140504
75   1.20057   0.13969
76   1.20025   0.138718
77   1.20016   0.137791
78   1.19935   0.136802
79   1.19914   0.135897
80   1.19992   0.135123
81   1.19879   0.134153
82   1.19985   0.133443
83   1.20082   0.132736
84   1.20056   0.131904
85   1.20004   0.13106
86   1.19998   0.130279
87   1.20124   0.129659
88   1.20126   0.128913
89   1.20168   0.128223
90   1.20128   0.127458
91   1.20187   0.12681
92   1.20054   0.125977
93   1.20123   0.125363
94   1.20149   0.124714
95   1.20162   0.12406
96   1.2017   0.123413
97   1.202   0.122798
98   1.20149   0.122111
99   1.20137   0.121474
100   1.20185   0.120907
