1   0.670021   0
2   0.734123   0.638992
3   0.785619   0.527572
4   0.791294   0.44465
5   0.785254   0.386331
6   0.792844   0.350895
7   0.796635   0.322907
8   0.795034   0.298967
9   0.790931   0.278627
10   0.788994   0.2623
11   0.792415   0.250102
12   0.795897   0.239646
13   0.795559   0.229428
14   0.795613   0.220501
15   0.795595   0.212519
16   0.794924   0.205175
17   0.796287   0.19903
18   0.796853   0.193245
19   0.795085   0.187409
20   0.797064   0.182886
21   0.799731   0.178878
22   0.797624   0.174128
23   0.800219   0.1707
24   0.799458   0.166794
25   0.79998   0.163391
26   0.799653   0.160026
27   0.798781   0.156751
28   0.798245   0.153719
29   0.800343   0.151359
30   0.800663   0.148786
31   0.800734   0.146297
32   0.800258   0.143833
33   0.80039   0.14159
34   0.800397   0.139428
35   0.80017   0.137322
36   0.79777   0.134962
37   0.799455   0.133363
38   0.800599   0.13174
39   0.799955   0.12989
40   0.799656   0.128165
41   0.800816   0.126739
42   0.800638   0.125154
43   0.799792   0.123526
44   0.799937   0.122102
45   0.799691   0.120667
46   0.799401   0.119275
47   0.79904   0.117917
48   0.798948   0.116641
49   0.800334   0.115626
50   0.800692   0.11449
51   0.799935   0.113233
52   0.798904   0.111976
53   0.798805   0.110879
54   0.799252   0.109889
55   0.799501   0.108899
56   0.800086   0.107984
57   0.800016   0.107004
58   0.799673   0.106015
59   0.799099   0.105022
60   0.799015   0.104116
61   0.79855   0.103185
62   0.799264   0.102428
63   0.799988   0.101692
64   0.800091   0.100893
65   0.79933   0.100009
66   0.799423   0.0992468
67   0.799917   0.0985528
68   0.800119   0.0978383
69   0.799297   0.097019
70   0.799347   0.0963183
71   0.799825   0.095685
72   0.799536   0.0949739
73   0.799424   0.0942979
74   0.799599   0.0936693
75   0.800377   0.0931269
76   0.800165   0.0924788
77   0.800109   0.091861
78   0.799564   0.0912012
79   0.799426   0.0905982
80   0.799946   0.090082
81   0.799194   0.0894355
82   0.7999   0.088962
83   0.800547   0.0884907
84   0.800371   0.0879359
85   0.800026   0.0873731
86   0.799986   0.0868523
87   0.800826   0.0864396
88   0.800837   0.0859417
89   0.801121   0.0854819
90   0.800856   0.0849718
91   0.801248   0.0845397
92   0.800357   0.0839846
93   0.800818   0.0835753
94   0.800994   0.0831424
95   0.801077   0.0827067
96   0.801135   0.0822754
97   0.801336   0.0818657
98   0.800991   0.0814076
99   0.800913   0.0809826
100   0.801237   0.0806049
