1   -5.92204   0
2   -6.29396   5.4634
3   -6.46257   4.31702
4   -6.51581   3.64795
5   -6.53384   3.20472
6   -6.56383   2.89734
7   -6.58248   2.66209
8   -6.58974   2.47308
9   -6.59112   2.31748
10   -6.59445   2.18849
11   -6.60424   2.08098
12   -6.61341   1.98814
13   -6.61611   1.90518
14   -6.61939   1.83204
15   -6.62199   1.76662
16   -6.62322   1.70745
17   -6.62722   1.65456
18   -6.62974   1.60604
19   -6.62856   1.56073
20   -6.6331   1.52033
21   -6.6382   1.48313
22   -6.63646   1.44714
23   -6.64142   1.41503
24   -6.64135   1.38401
25   -6.64306   1.35529
26   -6.64335   1.32803
27   -6.64277   1.30219
28   -6.64251   1.27785
29   -6.64644   1.25561
30   -6.64752   1.23401
31   -6.64815   1.21342
32   -6.64791   1.19368
33   -6.64856   1.17502
34   -6.64903   1.15718
35   -6.64921   1.14009
36   -6.64599   1.12317
37   -6.64894   1.10797
38   -6.65094   1.09324
39   -6.65027   1.07866
40   -6.6502   1.06475
41   -6.65235   1.05171
42   -6.65234   1.03881
43   -6.65137   1.02623
44   -6.65193   1.01432
45   -6.65187   1.00272
46   -6.65171   0.991504
47   -6.65135   0.980621
48   -6.6515   0.97016
49   -6.6538   0.960342
50   -6.65457   0.950607
51   -6.65358   0.940918
52   -6.65224   0.931465
53   -6.65231   0.922479
54   -6.65319   0.91386
55   -6.65385   0.905451
56   -6.6549   0.897327
57   -6.65497   0.889292
58   -6.65462   0.881412
59   -6.65393   0.873693
60   -6.65393   0.86626
61   -6.65339   0.858943
62   -6.65465   0.852037
63   -6.65587   0.845296
64   -6.65615   0.838597
65   -6.65513   0.831895
66   -6.65542   0.825508
67   -6.65628   0.819337
68   -6.65669   0.813252
69   -6.65553   0.807112
70   -6.65572   0.801265
71   -6.65653   0.79562
72   -6.65621   0.78996
73   -6.65619   0.784454
74   -6.65658   0.779108
75   -6.65791   0.773982
76   -6.6577   0.768781
77   -6.65769   0.763706
78   -6.65695   0.758648
79   -6.65685   0.753759
80   -6.6577   0.749069
81   -6.65659   0.74425
82   -6.65775   0.739772
83   -6.65883   0.735367
84   -6.65864   0.730904
85   -6.65818   0.726491
86   -6.65823   0.72221
87   -6.65965   0.718153
88   -6.65979   0.714029
89   -6.66028   0.710014
90   -6.65999   0.705984
91   -6.66061   0.702116
92   -6.65929   0.698111
93   -6.66003   0.694384
94   -6.66037   0.690675
95   -6.66053   0.687009
96   -6.66065   0.683396
97   -6.66098   0.679861
98   -6.6605   0.676299
99   -6.66043   0.672833
100   -6.66096   0.669479
