1   9.04036   0
2   9.30796   8.06537
3   9.15432   6.10677
4   9.24531   5.17138
5   9.37886   4.59871
6   9.37482   4.13689
7   9.39117   3.79697
8   9.43659   3.54091
9   9.50095   3.34072
10   9.5347   3.16453
11   9.51884   2.99962
12   9.50209   2.85679
13   9.51714   2.74082
14   9.52849   2.63743
15   9.53796   2.54478
16   9.54835   2.46177
17   9.5432   2.38278
18   9.54586   2.31266
19   9.56522   2.25244
20   9.55115   2.18943
21   9.53275   2.13017
22   9.55131   2.08313
23   9.53133   2.03121
24   9.53873   1.98823
25   9.5376   1.94623
26   9.54292   1.90806
27   9.55166   1.87281
28   9.55746   1.83898
29   9.54084   1.80283
30   9.53964   1.7713
31   9.5408   1.74177
32   9.54599   1.71442
33   9.54658   1.68755
34   9.54817   1.66209
35   9.54995   1.63779
36   9.57117   1.61796
37   9.55786   1.59318
38   9.5505   1.57032
39   9.55618   1.55046
40   9.55876   1.53088
41   9.54979   1.51023
42   9.55264   1.49215
43   9.5609   1.47558
44   9.55966   1.45814
45   9.56268   1.44193
46   9.56562   1.42626
47   9.56979   1.4113
48   9.57078   1.39635
49   9.55991   1.3802
50   9.55746   1.36569
51   9.56311   1.35278
52   9.57202   1.34072
53   9.57367   1.328
54   9.57075   1.31501
55   9.5692   1.30256
56   9.56517   1.29013
57   9.56639   1.27872
58   9.56949   1.26786
59   9.57425   1.25752
60   9.57559   1.24699
61   9.57988   1.23711
62   9.57421   1.22621
63   9.56925   1.21566
64   9.56873   1.2059
65   9.57521   1.19727
66   9.57454   1.18794
67   9.57151   1.17853
68   9.57046   1.16957
69   9.57761   1.16183
70   9.57765   1.15338
71   9.57344   1.14461
72   9.57606   1.13683
73   9.57721   1.12904
74   9.57606   1.12114
75   9.57003   1.11286
76   9.57201   1.10564
77   9.57298   1.09845
78   9.57792   1.09186
79   9.57925   1.08499
80   9.57523   1.07765
81   9.58211   1.07168
82   9.57606   1.06439
83   9.57041   1.05727
84   9.57231   1.05109
85   9.57519   1.04513
86   9.57542   1.03898
87   9.5685   1.0322
88   9.56793   1.02618
89   9.56546   1.02007
90   9.56781   1.01457
91   9.56476   1.0086
92   9.57242   1.00387
93   9.56881   0.998027
94   9.56768   0.992526
95   9.56692   0.987152
96   9.56605   0.98185
97   9.56424   0.976536
98   9.5671   0.97178
99   9.56781   0.966878
100   9.56527   0.961727
