1   -4.91701   0
2   -5.19277   4.50552
3   -5.28414   3.52754
4   -5.32887   2.98209
5   -5.35596   2.62617
6   -5.37457   2.37173
7   -5.38753   2.1783
8   -5.39719   2.02511
9   -5.40472   1.9
10   -5.41096   1.79545
11   -5.41561   1.7062
12   -5.41956   1.62902
13   -5.42277   1.56135
14   -5.42597   1.50156
15   -5.4286   1.44809
16   -5.43084   1.39991
17   -5.43279   1.35623
18   -5.43446   1.31637
19   -5.43593   1.27981
20   -5.4375   1.24619
21   -5.4386   1.21501
22   -5.44002   1.18614
23   -5.44109   1.15919
24   -5.44217   1.13402
25   -5.44309   1.11039
26   -5.44387   1.08817
27   -5.44459   1.06723
28   -5.44515   1.04743
29   -5.44593   1.02875
30   -5.44652   1.011
31   -5.44705   0.99413
32   -5.44752   0.978076
33   -5.44798   0.962776
34   -5.44843   0.948177
35   -5.44896   0.934238
36   -5.44934   0.920877
37   -5.44976   0.908082
38   -5.45004   0.895787
39   -5.45034   0.883982
40   -5.45072   0.872648
41   -5.45113   0.861746
42   -5.45139   0.851222
43   -5.45168   0.841082
44   -5.45203   0.831305
45   -5.45233   0.821857
46   -5.45261   0.812722
47   -5.45279   0.803872
48   -5.45307   0.795322
49   -5.4533   0.787032
50   -5.45354   0.778998
51   -5.45368   0.771193
52   -5.45389   0.763628
53   -5.45411   0.756284
54   -5.45432   0.749148
55   -5.45459   0.74222
56   -5.45477   0.735469
57   -5.45495   0.7289
58   -5.45511   0.722501
59   -5.45528   0.716271
60   -5.45541   0.710194
61   -5.45556   0.704273
62   -5.45575   0.698502
63   -5.45589   0.692866
64   -5.45601   0.687362
65   -5.45614   0.681989
66   -5.45629   0.676742
67   -5.4564   0.671612
68   -5.45651   0.666596
69   -5.45659   0.661687
70   -5.4567   0.656889
71   -5.4568   0.652193
72   -5.45691   0.647598
73   -5.45706   0.643104
74   -5.45718   0.6387
75   -5.45734   0.634389
76   -5.45745   0.630158
77   -5.45752   0.626009
78   -5.4576   0.62194
79   -5.45771   0.617954
80   -5.45778   0.614038
81   -5.4578   0.610192
82   -5.4579   0.606425
83   -5.45801   0.602729
84   -5.45808   0.599095
85   -5.45814   0.595526
86   -5.45825   0.592025
87   -5.45841   0.58859
88   -5.45853   0.585211
89   -5.4586   0.581884
90   -5.45871   0.578618
91   -5.45874   0.575399
92   -5.45876   0.57223
93   -5.4588   0.569117
94   -5.45887   0.566057
95   -5.45892   0.563042
96   -5.45895   0.560075
97   -5.45898   0.557154
98   -5.45901   0.554278
99   -5.45906   0.551448
100   -5.4591   0.54866
