1   -855.809   0
2   -852.469   3.34088
3   -848.133   4.74582
4   -846.106   3.92047
5   -845.623   3.07503
6   -844.607   2.70861
7   -843.449   2.56529
8   -842.278   2.51104
9   -841.769   2.27242
10   -841.722   2.03306
11   -842.42   1.96692
12   -841.75   1.91634
13   -842.117   1.80039
14   -842.352   1.68343
15   -842.271   1.56924
16   -842.247   1.46811
17   -842.593   1.42179
18   -842.366   1.35945
19   -841.935   1.3561
20   -841.855   1.28903
21   -841.658   1.2418
22   -841.482   1.1969
23   -841.199   1.17855
24   -841.194   1.12839
25   -841.451   1.11249
26   -841.855   1.14266
27   -842.384   1.22031
28   -842.714   1.22114
29   -842.501   1.19722
30   -842.386   1.16241
31   -842.527   1.1332
32   -842.273   1.12634
33   -842.028   1.1186
34   -842.061   1.08568
35   -841.714   1.10999
36   -841.574   1.08772
37   -841.581   1.05794
38   -841.745   1.04277
39   -841.84   1.02009
40   -841.809   0.994758
41   -841.822   0.970281
42   -841.922   0.952153
43   -841.95   0.93018
44   -842.004   0.910377
45   -841.946   0.891757
46   -842.127   0.89049
47   -842.129   0.87134
48   -842.261   0.863376
49   -842.065   0.868109
50   -842.061   0.850575
51   -842.055   0.833758
52   -842.196   0.829653
53   -842.212   0.814007
54   -842.107   0.805712
55   -842.042   0.79363
56   -841.802   0.81546
57   -841.784   0.801207
58   -841.807   0.787617
59   -841.768   0.775153
60   -841.804   0.762966
61   -841.842   0.751322
62   -841.879   0.740052
63   -841.809   0.731652
64   -841.917   0.728121
65   -841.843   0.720634
66   -841.804   0.710712
67   -841.605   0.727248
68   -841.466   0.730138
69   -841.333   0.731688
70   -841.327   0.721182
71   -841.327   0.710951
72   -841.309   0.701241
73   -841.315   0.691604
74   -841.3   0.682373
75   -841.248   0.675249
76   -841.322   0.670361
77   -841.292   0.662214
78   -841.313   0.653991
79   -841.338   0.646157
80   -841.397   0.640684
81   -841.523   0.645325
82   -841.582   0.640025
83   -841.532   0.634226
84   -841.607   0.631167
85   -841.643   0.624699
86   -841.605   0.61849
87   -841.674   0.615179
88   -841.76   0.614142
89   -841.827   0.610925
90   -841.948   0.615915
91   -841.932   0.609312
92   -841.83   0.611075
93   -841.814   0.604725
94   -841.886   0.602741
95   -841.961   0.601057
96   -841.963   0.594766
97   -842.051   0.595263
98   -842.194   0.606064
99   -842.13   0.603407
100   -842.106   0.59779
