1   734.766   0
2   779.173   44.4044
3   799.718   32.8537
4   806.89   24.3128
5   794.074   22.78
6   799.648   19.4172
7   819.368   25.6582
8   824.965   22.9141
9   830.025   20.8321
10   827.004   18.8758
11   809.226   24.6496
12   812.256   22.705
13   800.371   24.0318
14   792.944   23.4553
15   785.433   23.092
16   784.46   21.6224
17   778.33   21.2163
18   778.353   20.003
19   782.324   19.3331
20   781.203   18.3752
21   782.268   17.5106
22   782.945   16.7094
23   784.534   16.045
24   783.121   15.4268
25   778.446   15.5171
26   771.046   16.6445
27   765.111   17.0809
28   760.57   17.0742
29   763.16   16.6772
30   763.938   16.1305
31   761.821   15.744
32   763.758   15.3664
33   765.815   15.0348
34   765.236   14.5973
35   769.387   14.7694
36   770.133   14.3726
37   769.225   14.0081
38   767.543   13.7376
39   765.639   13.5157
40   764.777   13.2015
41   764.026   12.8974
42   761.872   12.77
43   761.534   12.4741
44   761.177   12.1925
45   761.501   11.923
46   759.49   11.8335
47   760.519   11.6248
48   759.745   11.4064
49   764.833   12.2747
50   765.064   12.0289
51   764.884   11.7921
52   762.938   11.7253
53   764.114   11.5618
54   767.034   11.7148
55   767.085   11.4999
56   770.004   11.6646
57   770.624   11.475
58   768.614   11.4535
59   769.026   11.2653
60   768.099   11.1144
61   768.377   10.9342
62   767.302   10.8101
63   768.261   10.6805
64   766.848   10.6068
65   767.525   10.4642
66   767.733   10.3065
67   768.952   10.2243
68   769.772   10.1065
69   769.818   9.95907
70   769.48   9.8216
71   769.021   9.69311
72   768.363   9.58019
73   768.104   9.45166
74   768.391   9.32762
75   768.79   9.21086
76   767.293   9.21132
77   767.363   9.09123
78   767.525   8.97534
79   767.061   8.87313
80   766.57   8.77546
81   764.67   8.87197
82   762.928   8.93434
83   763.206   8.83036
84   761.27   8.93679
85   760.625   8.85455
86   762.219   8.89505
87   761.005   8.87545
88   760.533   8.78681
89   759.671   8.72991
90   758.123   8.77036
91   758.906   8.70892
92   760.853   8.83083
93   761.093   8.73858
94   759.56   8.77967
95   758.133   8.80358
96   757.614   8.72681
97   756.808   8.67366
98   755.371   8.70406
99   757.243   8.81646
100   757.646   8.73705
