1   -600.214   0
2   -600.086   0.12797
3   -599.948   0.155871
4   -599.927   0.112339
5   -599.822   0.13671
6   -599.794   0.115046
7   -599.8   0.0975193
8   -599.722   0.115643
9   -599.71   0.102714
10   -599.702   0.0921795
11   -599.704   0.0833991
12   -599.681   0.0796858
13   -599.686   0.0734597
14   -599.738   0.0865113
15   -599.766   0.0848854
16   -599.776   0.0800023
17   -599.779   0.0752627
18   -599.766   0.0721493
19   -599.755   0.0691386
20   -599.758   0.065641
21   -599.768   0.0631408
22   -599.766   0.06022
23   -599.756   0.0583797
24   -599.787   0.0641686
25   -599.799   0.0626267
26   -599.817   0.0627679
27   -599.83   0.0617924
28   -599.828   0.0595602
29   -599.823   0.0576581
30   -599.817   0.0560429
31   -599.815   0.054231
32   -599.819   0.052563
33   -599.822   0.0511131
34   -599.822   0.0496015
35   -599.814   0.0488695
36   -599.819   0.0478265
37   -599.814   0.0468108
38   -599.812   0.0455854
39   -599.804   0.0450859
40   -599.799   0.0441831
41   -599.81   0.0442674
42   -599.819   0.0442626
43   -599.83   0.0443556
44   -599.827   0.0433934
45   -599.823   0.0426397
46   -599.823   0.04171
47   -599.83   0.0413611
48   -599.843   0.0427112
49   -599.845   0.0418333
50   -599.846   0.0410264
51   -599.853   0.0407619
52   -599.861   0.0407502
53   -599.864   0.0402294
54   -599.856   0.040547
55   -599.855   0.0398123
56   -599.853   0.0391865
57   -599.858   0.0388624
58   -599.866   0.0389305
59   -599.864   0.038271
60   -599.863   0.0376464
61   -599.86   0.0373205
62   -599.856   0.0368505
63   -599.863   0.0368793
64   -599.868   0.0366958
65   -599.868   0.0361281
66   -599.869   0.0356201
67   -599.871   0.0351011
68   -599.863   0.0353996
69   -599.863   0.0348839
70   -599.863   0.0343847
71   -599.863   0.0338975
72   -599.868   0.033754
73   -599.873   0.0335828
74   -599.876   0.0332879
75   -599.881   0.03312
76   -599.886   0.0331157
77   -599.879   0.0333259
78   -599.873   0.0334557
79   -599.879   0.0335862
80   -599.884   0.0334817
81   -599.884   0.0330798
82   -599.886   0.0327257
83   -599.887   0.032336
84   -599.886   0.0319572
85   -599.889   0.0316476
86   -599.891   0.0313393
87   -599.889   0.0310106
88   -599.884   0.0310714
89   -599.881   0.0309534
90   -599.882   0.0307021
91   -599.881   0.0304446
92   -599.884   0.0303172
93   -599.889   0.0304715
94   -599.894   0.030558
95   -599.897   0.0303379
96   -599.896   0.0300314
97   -599.894   0.0297608
98   -599.892   0.0295231
99   -599.887   0.0297909
100   -599.886   0.0295221
