1   170.398   0
2   168.256   2.14194
3   165.456   3.06026
4   164.12   2.54357
5   163.868   1.9863
6   163.209   1.75054
7   162.432   1.67101
8   161.704   1.61975
9   161.373   1.46648
10   161.347   1.31192
11   161.811   1.27418
12   161.38   1.24034
13   161.621   1.1661
14   161.742   1.08641
15   161.671   1.01391
16   161.647   0.94872
17   161.875   0.919845
18   161.733   0.878819
19   161.453   0.877072
20   161.398   0.833909
21   161.261   0.805027
22   161.145   0.77625
23   160.962   0.764014
24   160.937   0.731884
25   161.101   0.720867
26   161.359   0.738887
27   161.703   0.789924
28   161.923   0.792458
29   161.785   0.77705
30   161.712   0.754254
31   161.808   0.735763
32   161.636   0.732693
33   161.471   0.729152
34   161.493   0.707727
35   161.267   0.72346
36   161.17   0.709715
37   161.178   0.690315
38   161.289   0.680948
39   161.357   0.666773
40   161.339   0.650135
41   161.341   0.634085
42   161.401   0.621721
43   161.414   0.607215
44   161.451   0.594423
45   161.416   0.582133
46   161.535   0.581708
47   161.532   0.569206
48   161.612   0.562927
49   161.48   0.566746
50   161.477   0.555304
51   161.468   0.544382
52   161.557   0.541141
53   161.565   0.530888
54   161.501   0.524892
55   161.458   0.517056
56   161.299   0.531826
57   161.284   0.522625
58   161.295   0.513643
59   161.269   0.505522
60   161.294   0.497637
61   161.322   0.490242
62   161.349   0.483029
63   161.298   0.478108
64   161.366   0.475485
65   161.317   0.47068
66   161.289   0.464297
67   161.157   0.47602
68   161.069   0.477279
69   160.98   0.478645
70   160.976   0.471776
71   160.976   0.465083
72   160.96   0.458831
73   160.962   0.452504
74   160.949   0.446526
75   160.912   0.442151
76   160.957   0.438662
77   160.943   0.433176
78   160.96   0.427955
79   160.973   0.422699
80   161.009   0.418912
81   161.093   0.422141
82   161.13   0.41863
83   161.096   0.414922
84   161.147   0.413093
85   161.17   0.408808
86   161.144   0.404854
87   161.19   0.402891
88   161.251   0.402845
89   161.298   0.401105
90   161.377   0.404306
91   161.368   0.39994
92   161.298   0.401672
93   161.283   0.397625
94   161.328   0.396004
95   161.376   0.394781
96   161.378   0.390651
97   161.438   0.391268
98   161.535   0.399001
99   161.495   0.396908
100   161.481   0.393187
