1   255.597   0
2   252.385   3.21291
3   248.184   4.59039
4   246.179   3.81536
5   245.802   2.97945
6   244.813   2.6258
7   243.648   2.50651
8   242.556   2.42963
9   242.059   2.19973
10   242.02   1.96789
11   242.717   1.91126
12   242.071   1.86051
13   242.431   1.74914
14   242.613   1.62961
15   242.507   1.52087
16   242.471   1.42308
17   242.813   1.37977
18   242.6   1.31823
19   242.18   1.31561
20   242.097   1.25086
21   241.89   1.20754
22   241.716   1.16438
23   241.442   1.14602
24   241.406   1.09783
25   241.652   1.0813
26   242.038   1.10833
27   242.554   1.18489
28   242.886   1.18869
29   242.677   1.16557
30   242.567   1.13138
31   242.712   1.10364
32   242.454   1.09904
33   242.207   1.09373
34   242.239   1.06159
35   241.9   1.08519
36   241.756   1.06457
37   241.767   1.03547
38   241.933   1.02142
39   242.036   1.00016
40   242.008   0.975203
41   242.012   0.951126
42   242.102   0.932581
43   242.121   0.910822
44   242.177   0.891634
45   242.123   0.8732
46   242.303   0.872562
47   242.297   0.85381
48   242.418   0.844388
49   242.22   0.85012
50   242.217   0.832956
51   242.202   0.816571
52   242.336   0.811711
53   242.348   0.796333
54   242.251   0.787338
55   242.187   0.775584
56   241.949   0.79774
57   241.926   0.78394
58   241.943   0.770464
59   241.903   0.758282
60   241.941   0.746454
61   241.984   0.735363
62   242.025   0.724544
63   241.946   0.717162
64   242.049   0.713228
65   241.975   0.70602
66   241.934   0.696446
67   241.736   0.71403
68   241.603   0.715919
69   241.47   0.717967
70   241.464   0.707663
71   241.464   0.697625
72   241.441   0.688246
73   241.442   0.678757
74   241.424   0.669789
75   241.367   0.663224
76   241.436   0.657994
77   241.413   0.649765
78   241.441   0.641934
79   241.459   0.634047
80   241.513   0.628368
81   241.639   0.633211
82   241.695   0.627943
83   241.644   0.622383
84   241.721   0.619641
85   241.754   0.613211
86   241.715   0.607279
87   241.785   0.604335
88   241.875   0.604266
89   241.948   0.601657
90   242.066   0.606459
91   242.051   0.59991
92   241.948   0.602506
93   241.923   0.596437
94   241.992   0.594006
95   242.064   0.592171
96   242.067   0.585977
97   242.157   0.586902
98   242.302   0.5985
99   242.243   0.595361
100   242.221   0.58978
