1   1.5664   0
2   1.5417   0.0247007
3   1.55188   0.0175239
4   1.5313   0.0240257
5   1.54799   0.025001
6   1.54877   0.020428
7   1.53813   0.0202777
8   1.53861   0.0175674
9   1.53284   0.0165324
10   1.52496   0.0167536
11   1.52847   0.0155544
12   1.52735   0.0142431
13   1.52291   0.0138337
14   1.52032   0.0130671
15   1.51425   0.0135926
16   1.51251   0.012834
17   1.50906   0.0125394
18   1.50634   0.0121295
19   1.50584   0.0114846
20   1.50599   0.0108962
21   1.50802   0.010563
22   1.51101   0.0105053
23   1.50761   0.0106004
24   1.51011   0.0104523
25   1.50937   0.0100523
26   1.5089   0.00966951
27   1.50852   0.00931214
28   1.50823   0.00897808
29   1.51036   0.00892112
30   1.51011   0.00862238
31   1.50927   0.00838194
32   1.51065   0.00823359
33   1.51035   0.00798607
34   1.51077   0.00775932
35   1.51252   0.00773421
36   1.5134   0.00756712
37   1.51313   0.00736469
38   1.51175   0.00729953
39   1.51343   0.00730598
40   1.51127   0.00744265
41   1.51166   0.00726967
42   1.51182   0.00709614
43   1.51184   0.00692918
44   1.51124   0.00679577
45   1.51069   0.00666639
46   1.50908   0.00671395
47   1.50901   0.00656993
48   1.50929   0.00643766
49   1.50906   0.00630908
50   1.50878   0.00618817
51   1.50872   0.00606584
52   1.50831   0.00596239
53   1.50785   0.00586685
54   1.5065   0.00591377
55   1.50641   0.00580601
56   1.50748   0.00580112
57   1.50755   0.00569888
58   1.50834   0.00565522
59   1.50903   0.00560155
60   1.50999   0.00559032
61   1.50949   0.00552052
62   1.51014   0.00547
63   1.50982   0.00539202
64   1.50996   0.00530891
65   1.50915   0.00529012
66   1.50801   0.00533255
67   1.50743   0.00528412
68   1.50758   0.00520797
69   1.50755   0.00513199
70   1.50774   0.00506168
71   1.50715   0.00502521
72   1.50595   0.00509702
73   1.50588   0.00502719
74   1.50515   0.00501206
75   1.50458   0.00497761
76   1.50325   0.00508914
77   1.50301   0.00502817
78   1.50371   0.00501118
79   1.50373   0.00494738
80   1.50418   0.00490578
81   1.50348   0.00489487
82   1.50396   0.004859
83   1.50359   0.0048146
84   1.5032   0.00477255
85   1.50345   0.00472275
86   1.5032   0.00467451
87   1.50333   0.00462228
88   1.5025   0.00464451
89   1.50265   0.00459474
90   1.5028   0.0045458
91   1.50292   0.00449702
92   1.50287   0.00444813
93   1.50351   0.00444719
94   1.50285   0.00445004
95   1.50225   0.00444241
96   1.50189   0.00441081
97   1.50192   0.00436517
98   1.50203   0.0043218
99   1.50225   0.00428371
100   1.50228   0.00424074
