1   9.62169   0
2   9.65074   0.0290506
3   9.61047   0.0436162
4   9.61102   0.0308462
5   9.60961   0.0239353
6   9.59774   0.0228628
7   9.59845   0.0193357
8   9.60228   0.0171759
9   9.59902   0.0154938
10   9.60666   0.0158269
11   9.60847   0.0144299
12   9.60601   0.0134015
13   9.602   0.0129629
14   9.60141   0.0120156
15   9.6005   0.0112235
16   9.60223   0.0106415
17   9.60348   0.0100731
18   9.60124   0.00975799
19   9.59883   0.00953842
20   9.59973   0.00909387
21   9.59578   0.00950987
22   9.60115   0.0105346
23   9.59713   0.0108374
24   9.59765   0.0103889
25   9.59715   0.00997719
26   9.59802   0.0096253
27   9.60113   0.00977165
28   9.5964   0.0105384
29   9.604   0.0126962
30   9.60419   0.0122671
31   9.59946   0.0127746
32   9.60271   0.0127912
33   9.60157   0.01245
34   9.59744   0.0127665
35   9.59467   0.0127009
36   9.59605   0.0124192
37   9.59316   0.0124196
38   9.59419   0.0121327
39   9.5959   0.0119406
40   9.59536   0.0116508
41   9.5943   0.0114124
42   9.597   0.011459
43   9.59681   0.0111909
44   9.59657   0.0109362
45   9.59665   0.0106907
46   9.59636   0.0104596
47   9.59748   0.0102951
48   9.59824   0.0101072
49   9.59706   0.00996859
50   9.59667   0.00977518
51   9.59648   0.00958337
52   9.59717   0.00942259
53   9.59878   0.00938112
54   9.59998   0.00928381
55   9.60026   0.00911787
56   9.60233   0.00918951
57   9.60135   0.00907987
58   9.60168   0.00892806
59   9.60144   0.00877882
60   9.59928   0.00889584
61   9.60124   0.00896436
62   9.60085   0.00882709
63   9.5998   0.00874865
64   9.60127   0.0087346
65   9.60107   0.00860152
66   9.60108   0.0084702
67   9.60164   0.00836106
68   9.59974   0.00845342
69   9.60076   0.00839331
70   9.60002   0.00830579
71   9.5987   0.00829439
72   9.59922   0.00819481
73   9.60014   0.00813398
74   9.60037   0.00802657
75   9.59961   0.0079544
76   9.60064   0.00791556
77   9.59809   0.00821744
78   9.59849   0.0081211
79   9.59998   0.00815641
80   9.59881   0.0081384
81   9.59821   0.00806026
82   9.59993   0.0081459
83   9.60041   0.00806163
84   9.59896   0.0080966
85   9.60031   0.00811475
86   9.59977   0.00803842
87   9.60023   0.00795885
88   9.60082   0.0078901
89   9.6005   0.00780743
90   9.60008   0.00773171
91   9.59836   0.00783701
92   9.59919   0.00779586
93   9.59884   0.00771991
94   9.59904   0.00764009
95   9.5989   0.0075606
96   9.59877   0.00748244
97   9.59828   0.00742124
98   9.59887   0.00736892
99   9.59927   0.00730504
100   9.59812   0.00732362
