1   309.337   0
2   315.338   5.99984
3   317.793   4.24562
4   319.552   3.48008
5   320.299   2.79704
6   320.513   2.29395
7   320.62   1.94163
8   320.717   1.68433
9   321.245   1.57608
10   321.64   1.46411
11   322.457   1.55578
12   323.123   1.56881
13   323.524   1.49816
14   324.007   1.468
15   324.5   1.45354
16   324.83   1.39885
17   325.512   1.48048
18   326.439   1.67557
19   327.118   1.7241
20   327.333   1.64979
21   327.674   1.6058
22   327.802   1.53635
23   327.815   1.4681
24   327.792   1.40577
25   327.779   1.34845
26   327.623   1.30484
27   327.675   1.25669
28   327.752   1.21348
29   327.733   1.17106
30   327.78   1.13234
31   327.975   1.11253
32   328.213   1.10316
33   328.625   1.14565
34   328.935   1.15394
35   329.145   1.13993
36   329.478   1.15642
37   329.925   1.21065
38   330.234   1.21832
39   330.36   1.19326
40   330.388   1.16338
41   330.591   1.15272
42   330.829   1.14986
43   331.137   1.16426
44   331.537   1.20609
45   331.849   1.21929
46   332.216   1.24768
47   332.576   1.27287
48   332.723   1.25465
49   332.945   1.24863
50   333.156   1.24168
51   333.24   1.21997
52   333.266   1.19655
53   333.289   1.17397
54   333.292   1.15203
55   333.289   1.1309
56   333.337   1.11153
57   333.379   1.09267
58   333.469   1.07753
59   333.533   1.06103
60   333.568   1.04378
61   333.527   1.0274
62   333.471   1.01217
63   333.522   0.997245
64   333.683   0.994753
65   333.786   0.984676
66   333.832   0.970773
67   333.935   0.961642
68   333.96   0.947731
69   333.915   0.934949
70   333.955   0.922336
71   334.022   0.91171
72   334.091   0.901623
73   334.084   0.88921
74   333.996   0.881666
75   333.961   0.870476
76   334.024   0.861203
77   334.155   0.859824
78   334.225   0.851675
79   334.206   0.841056
80   334.161   0.831603
81   334.093   0.824172
82   334.034   0.816171
83   333.994   0.807252
84   333.971   0.797939
85   333.947   0.788842
86   333.889   0.781788
87   333.822   0.775722
88   333.774   0.768332
89   333.724   0.761303
90   333.64   0.757354
91   333.584   0.75113
92   333.627   0.744142
93   333.694   0.73915
94   333.658   0.732132
95   333.622   0.725231
96   333.62   0.717638
97   333.63   0.710258
98   333.633   0.702983
99   333.648   0.69599
100   333.697   0.690804
