1   206.225   0
2   210.225   3.99989
3   211.862   2.83041
4   213.034   2.32006
5   213.533   1.86468
6   213.676   1.5293
7   213.746   1.29442
8   213.812   1.12288
9   214.163   1.05072
10   214.427   0.976071
11   214.971   1.03719
12   215.416   1.04587
13   215.683   0.998773
14   216.004   0.978668
15   216.334   0.969024
16   216.554   0.932565
17   217.008   0.986986
18   217.626   1.11705
19   218.079   1.1494
20   218.222   1.09986
21   218.45   1.07053
22   218.533   1.02423
23   218.543   0.978731
24   218.528   0.93718
25   218.519   0.898963
26   218.415   0.869894
27   218.45   0.837792
28   218.502   0.808989
29   218.489   0.780709
30   218.52   0.754894
31   218.651   0.741688
32   218.809   0.735442
33   219.084   0.763769
34   219.291   0.769291
35   219.43   0.759955
36   219.652   0.770951
37   219.95   0.807103
38   220.157   0.812217
39   220.241   0.795508
40   220.259   0.77559
41   220.395   0.768478
42   220.552   0.766575
43   220.759   0.776176
44   221.024   0.804059
45   221.233   0.812859
46   221.477   0.831787
47   221.717   0.848579
48   221.815   0.83643
49   221.963   0.832421
50   222.104   0.827785
51   222.161   0.813312
52   222.177   0.797701
53   222.192   0.782649
54   222.194   0.768022
55   222.192   0.753931
56   222.225   0.741018
57   222.253   0.728449
58   222.313   0.718354
59   222.356   0.70735
60   222.379   0.69585
61   222.351   0.684935
62   222.313   0.674781
63   222.348   0.66483
64   222.456   0.663168
65   222.523   0.656451
66   222.555   0.647182
67   222.623   0.641096
68   222.64   0.63182
69   222.61   0.623298
70   222.637   0.614892
71   222.681   0.607807
72   222.727   0.601081
73   222.723   0.592808
74   222.663   0.587778
75   222.641   0.580317
76   222.682   0.574136
77   222.769   0.573216
78   222.817   0.567784
79   222.804   0.560703
80   222.774   0.554402
81   222.728   0.549449
82   222.689   0.544114
83   222.663   0.538168
84   222.646   0.531959
85   222.632   0.525894
86   222.592   0.521192
87   222.548   0.517148
88   222.515   0.512221
89   222.482   0.507534
90   222.427   0.504904
91   222.389   0.500753
92   222.418   0.496095
93   222.463   0.492768
94   222.438   0.488089
95   222.415   0.483487
96   222.414   0.478426
97   222.42   0.473506
98   222.422   0.468655
99   222.432   0.463994
100   222.464   0.460537
