1   274.118   0
2   274.121   0.00338944
3   274.128   0.00735374
4   274.128   0.00520037
5   274.129   0.00435107
6   274.129   0.00359121
7   274.131   0.00364828
8   274.129   0.00355875
9   274.128   0.0033004
10   274.128   0.00295935
11   274.126   0.00318688
12   274.128   0.00308687
13   274.126   0.00287515
14   274.126   0.00266436
15   274.126   0.00248093
16   274.128   0.00233443
17   274.126   0.00234902
18   274.126   0.00230735
19   274.126   0.00253044
20   274.126   0.00247391
21   274.126   0.00236783
22   274.128   0.0023235
23   274.128   0.0022262
24   274.128   0.00215739
25   274.128   0.00206979
26   274.128   0.00199253
27   274.126   0.00217808
28   274.126   0.00211199
29   274.128   0.00205836
30   274.126   0.00203383
31   274.126   0.00197043
32   274.128   0.00192866
33   274.128   0.00186988
34   274.128   0.00205031
35   274.128   0.00199941
36   274.128   0.00209249
37   274.128   0.00204251
38   274.128   0.00199088
39   274.128   0.00194452
40   274.126   0.00202028
41   274.126   0.0020877
42   274.126   0.00211665
43   274.124   0.00214145
44   274.124   0.00211612
45   274.124   0.00207422
46   274.124   0.00220816
47   274.124   0.00216075
48   274.124   0.00211578
49   274.123   0.00208077
50   274.124   0.0020839
51   274.124   0.00206655
52   274.124   0.00204034
53   274.124   0.00200538
54   274.124   0.00197131
55   274.124   0.00193554
56   274.123   0.00190483
57   274.123   0.00187224
58   274.123   0.00184226
59   274.123   0.0018253
60   274.124   0.00180336
61   274.124   0.00177391
62   274.123   0.0017578
63   274.123   0.00176863
64   274.123   0.00175879
65   274.123   0.00177361
66   274.123   0.00182748
67   274.123   0.00182412
68   274.123   0.00180169
69   274.123   0.00182133
70   274.121   0.00182152
71   274.121   0.00182842
72   274.121   0.00186435
73   274.121   0.00184183
74   274.121   0.00183165
75   274.121   0.00182225
76   274.121   0.0018059
77   274.119   0.00178448
78   274.121   0.0017848
79   274.121   0.00176513
80   274.121   0.00174701
81   274.121   0.00174001
82   274.121   0.00172084
83   274.121   0.00170024
84   274.121   0.00168002
85   274.121   0.00166248
86   274.121   0.00164377
87   274.121   0.00162573
88   274.121   0.00160724
89   274.121   0.00160356
90   274.121   0.00158568
91   274.121   0.00158373
92   274.121   0.00158434
93   274.121   0.00157078
94   274.121   0.00155429
95   274.121   0.00155054
96   274.121   0.00155879
97   274.121   0.00154302
98   274.121   0.0015441
99   274.121   0.00153339
100   274.119   0.00151885
