1   -35.2203   0
2   -41.2166   5.99646
3   -43.6643   4.23992
4   -45.4246   3.47657
5   -46.1691   2.79397
6   -46.3854   2.29151
7   -46.4892   1.93946
8   -46.5885   1.68254
9   -47.1162   1.57494
10   -47.5119   1.46319
11   -48.3301   1.55598
12   -48.9955   1.56854
13   -49.3984   1.49804
14   -49.8791   1.46786
15   -50.3742   1.45343
16   -50.7027   1.39869
17   -51.3856   1.48074
18   -52.3134   1.67613
19   -52.9907   1.72408
20   -53.207   1.64986
21   -53.5473   1.6058
22   -53.6739   1.53631
23   -53.6874   1.46805
24   -53.6649   1.40573
25   -53.6505   1.34841
26   -53.4948   1.30482
27   -53.5486   1.25671
28   -53.6264   1.2135
29   -53.606   1.17108
30   -53.6537   1.13237
31   -53.8492   1.11254
32   -54.0869   1.10311
33   -54.4982   1.14559
34   -54.8075   1.15362
35   -55.0174   1.13966
36   -55.35   1.1564
37   -55.7977   1.21057
38   -56.107   1.21822
39   -56.2325   1.19317
40   -56.261   1.16331
41   -56.465   1.15277
42   -56.7038   1.15004
43   -57.0123   1.16457
44   -57.4134   1.20648
45   -57.7242   1.21962
46   -58.0921   1.24824
47   -58.4524   1.2734
48   -58.5987   1.25516
49   -58.8207   1.24916
50   -59.0325   1.24212
51   -59.1166   1.22042
52   -59.142   1.19699
53   -59.1646   1.1744
54   -59.1679   1.15246
55   -59.1655   1.13131
56   -59.2129   1.11194
57   -59.2553   1.09308
58   -59.3465   1.07794
59   -59.4101   1.06141
60   -59.4448   1.04415
61   -59.4023   1.02777
62   -59.3478   1.01252
63   -59.3985   0.997607
64   -59.5604   0.995145
65   -59.6624   0.98502
66   -59.7098   0.971137
67   -59.8124   0.962032
68   -59.8379   0.948117
69   -59.7939   0.93531
70   -59.8336   0.922705
71   -59.9008   0.912099
72   -59.9705   0.902041
73   -59.964   0.889623
74   -59.8746   0.882048
75   -59.8415   0.870843
76   -59.9038   0.861577
77   -60.034   0.860203
78   -60.1044   0.852024
79   -60.0848   0.841397
80   -60.0414   0.831946
81   -59.9722   0.82453
82   -59.9135   0.816528
83   -59.8738   0.807607
84   -59.85   0.798288
85   -59.8264   0.789191
86   -59.7682   0.782134
87   -59.7003   0.776068
88   -59.6527   0.768675
89   -59.6024   0.761655
90   -59.5194   0.757701
91   -59.4623   0.751489
92   -59.5053   0.744511
93   -59.5725   0.739524
94   -59.5364   0.732499
95   -59.5017   0.725584
96   -59.5002   0.717987
97   -59.5092   0.710604
98   -59.5131   0.703325
99   -59.5274   0.696333
100   -59.5774   0.691145
