1   142.716   0
2   150.668   130.724
3   153.298   102.335
4   154.622   86.5274
5   155.425   76.2089
6   155.95   68.8181
7   156.324   63.2053
8   156.606   58.761
9   156.827   55.1317
10   157.007   52.0973
11   157.151   49.5107
12   157.268   47.2718
13   157.37   45.3108
14   157.458   43.5743
15   157.536   42.023
16   157.601   40.6249
17   157.66   39.3576
18   157.712   38.202
19   157.759   37.142
20   157.801   36.1655
21   157.838   35.2619
22   157.874   34.4228
23   157.906   33.6408
24   157.934   32.9098
25   157.962   32.2242
26   157.988   31.5802
27   158.009   30.9725
28   158.03   30.3989
29   158.051   29.8561
30   158.069   29.3411
31   158.087   28.8521
32   158.102   28.3865
33   158.117   27.9427
34   158.132   27.5195
35   158.146   27.1144
36   158.158   26.7269
37   158.17   26.3555
38   158.18   25.9991
39   158.192   25.657
40   158.203   25.328
41   158.213   25.0112
42   158.221   24.706
43   158.232   24.4118
44   158.242   24.128
45   158.249   23.8536
46   158.257   23.5885
47   158.266   23.3321
48   158.273   23.0838
49   158.28   22.8432
50   158.286   22.6099
51   158.292   22.3838
52   158.299   22.1644
53   158.305   21.9511
54   158.311   21.7439
55   158.316   21.5425
56   158.322   21.3466
57   158.326   21.1558
58   158.33   20.9701
59   158.335   20.7893
60   158.34   20.6129
61   158.344   20.4409
62   158.347   20.2733
63   158.352   20.1097
64   158.354   19.95
65   158.359   19.7941
66   158.363   19.6417
67   158.366   19.4928
68   158.37   19.3472
69   158.372   19.2049
70   158.376   19.0656
71   158.378   18.9293
72   158.383   18.7961
73   158.386   18.6655
74   158.388   18.5375
75   158.392   18.4122
76   158.394   18.2893
77   158.396   18.169
78   158.4   18.051
79   158.402   17.9352
80   158.405   17.8217
81   158.407   17.7101
82   158.41   17.6008
83   158.412   17.4935
84   158.414   17.388
85   158.416   17.2844
86   158.418   17.1827
87   158.42   17.0827
88   158.423   16.9846
89   158.425   16.8881
90   158.426   16.7932
91   158.429   16.6998
92   158.431   16.608
93   158.432   16.5176
94   158.435   16.4288
95   158.437   16.3415
96   158.438   16.2554
97   158.441   16.1707
98   158.442   16.0873
99   158.443   16.0052
100   158.446   15.9244
