1   119.131   0
2   125.866   109.211
3   127.465   85.0811
4   128.807   72.0793
5   129.318   63.405
6   129.27   57.0416
7   129.53   52.3692
8   129.863   48.7247
9   130.186   45.7652
10   130.411   43.2721
11   130.439   41.0945
12   130.652   39.2718
13   130.91   37.6931
14   131.14   36.2922
15   131.254   35.0132
16   131.334   33.8554
17   131.504   32.8301
18   131.633   31.8865
19   131.718   31.0127
20   131.755   30.1978
21   131.874   29.4629
22   131.957   28.7736
23   132.023   28.1282
24   132.072   27.522
25   132.138   26.9578
26   132.103   26.4074
27   132.091   25.8934
28   132.211   25.4338
29   132.266   24.9868
30   132.362   24.5711
31   132.455   24.1757
32   132.563   23.8028
33   132.739   23.4601
34   132.862   23.1241
35   132.995   22.8053
36   133.187   22.5107
37   133.382   22.2295
38   133.595   21.9631
39   133.817   21.7094
40   133.992   21.4584
41   134.155   21.2149
42   134.376   20.9903
43   134.608   20.776
44   134.761   20.5568
45   134.911   20.345
46   135.077   20.1431
47   135.203   19.9417
48   135.263   19.7372
49   135.322   19.5391
50   135.373   19.346
51   135.433   19.1602
52   135.452   18.974
53   135.434   18.7882
54   135.401   18.6054
55   135.389   18.4307
56   135.353   18.2574
57   135.342   18.0923
58   135.355   17.9345
59   135.336   17.7766
60   135.34   17.6257
61   135.366   17.4817
62   135.43   17.346
63   135.484   17.2124
64   135.538   17.082
65   135.598   16.9556
66   135.635   16.8292
67   135.701   16.7094
68   135.763   16.592
69   135.828   16.4774
70   135.9   16.3664
71   135.986   16.2595
72   136.075   16.1554
73   136.106   16.0465
74   136.147   15.9409
75   136.214   15.8407
76   136.289   15.7434
77   136.356   15.6473
78   136.41   15.5516
79   136.471   15.4585
80   136.541   15.3683
81   136.622   15.2813
82   136.704   15.1958
83   136.764   15.1094
84   136.823   15.0247
85   136.918   14.9456
86   137.006   14.8673
87   137.113   14.7924
88   137.22   14.7188
89   137.288   14.6424
90   137.358   14.5674
91   137.444   14.4955
92   137.527   14.4245
93   137.593   14.3528
94   137.646   14.281
95   137.681   14.2082
96   137.723   14.1377
97   137.754   14.067
98   137.774   13.9963
99   137.802   13.9276
100   137.826   13.8593
