1   162.813   0
2   172.016   149.255
3   174.202   116.277
4   176.036   98.5084
5   176.735   86.6535
6   176.669   77.9569
7   177.025   71.5712
8   177.479   66.5904
9   177.92   62.5458
10   178.229   59.1386
11   178.266   56.1625
12   178.558   53.6715
13   178.911   51.5139
14   179.224   49.5993
15   179.38   47.8514
16   179.49   46.269
17   179.723   44.8678
18   179.898   43.5782
19   180.015   42.384
20   180.065   41.2703
21   180.228   40.2659
22   180.341   39.3239
23   180.431   38.4419
24   180.498   37.6134
25   180.589   36.8423
26   180.541   36.0902
27   180.525   35.3876
28   180.689   34.7595
29   180.764   34.1486
30   180.895   33.5805
31   181.022   33.0401
32   181.169   32.5305
33   181.41   32.0622
34   181.578   31.603
35   181.76   31.1672
36   182.022   30.7646
37   182.289   30.3803
38   182.58   30.0163
39   182.883   29.6696
40   183.122   29.3265
41   183.345   28.9937
42   183.647   28.6867
43   183.964   28.3938
44   184.174   28.0943
45   184.379   27.8049
46   184.605   27.5289
47   184.777   27.2537
48   184.859   26.9742
49   184.94   26.7035
50   185.01   26.4396
51   185.092   26.1856
52   185.118   25.9312
53   185.094   25.6772
54   185.048   25.4274
55   185.031   25.1886
56   184.982   24.9518
57   184.967   24.7261
58   184.985   24.5105
59   184.959   24.2946
60   184.964   24.0885
61   185   23.8917
62   185.087   23.7062
63   185.161   23.5237
64   185.235   23.3454
65   185.317   23.1727
66   185.368   22.9999
67   185.458   22.8362
68   185.543   22.6758
69   185.632   22.5192
70   185.73   22.3675
71   185.848   22.2213
72   185.969   22.079
73   186.012   21.9302
74   186.068   21.7859
75   186.16   21.649
76   186.261   21.516
77   186.353   21.3846
78   186.427   21.2539
79   186.511   21.1266
80   186.606   21.0033
81   186.717   20.8844
82   186.829   20.7676
83   186.911   20.6496
84   186.991   20.5338
85   187.121   20.4257
86   187.242   20.3186
87   187.388   20.2163
88   187.534   20.1157
89   187.627   20.0113
90   187.723   19.9088
91   187.841   19.8105
92   187.954   19.7135
93   188.044   19.6155
94   188.116   19.5173
95   188.164   19.4179
96   188.221   19.3215
97   188.264   19.2249
98   188.292   19.1283
99   188.329   19.0343
100   188.362   18.941
