1   -49.1736   0
2   -52.1126   45.2264
3   -51.7981   34.5751
4   -52.738   29.5216
5   -52.687   25.8389
6   -51.8727   22.909
7   -51.8944   20.9959
8   -52.1905   19.5957
9   -52.5497   18.4876
10   -52.767   17.5221
11   -52.6258   16.5917
12   -52.9046   15.9147
13   -53.2936   15.3605
14   -53.6423   14.8628
15   -53.7692   14.3598
16   -53.8468   13.8955
17   -54.1177   13.5264
18   -54.3078   13.1712
19   -54.4178   12.8274
20   -54.438   12.4907
21   -54.6299   12.2194
22   -54.7516   11.9524
23   -54.8434   11.6978
24   -54.9034   11.4535
25   -55.0031   11.2333
26   -54.8954   10.9855
27   -54.8413   10.7617
28   -55.0582   10.6045
29   -55.1422   10.4295
30   -55.3162   10.2818
31   -55.4794   10.1398
32   -55.6814   10.0131
33   -56.0213   9.92088
34   -56.2513   9.81166
35   -56.5087   9.71329
36   -56.8845   9.64371
37   -57.2685   9.57962
38   -57.6877   9.52632
39   -58.1273   9.48028
40   -58.4731   9.41818
41   -58.7942   9.35441
42   -59.235   9.31717
43   -59.696   9.28616
44   -59.9979   9.22654
45   -60.2954   9.16873
46   -60.6241   9.11912
47   -60.8688   9.05685
48   -60.9819   8.97541
49   -61.0943   8.89661
50   -61.19   8.81794
51   -61.3043   8.74464
52   -61.336   8.66155
53   -61.2899   8.57031
54   -61.213   8.47767
55   -61.182   8.39347
56   -61.0993   8.30501
57   -61.0736   8.22603
58   -61.0923   8.15493
59   -61.0454   8.07733
60   -61.0487   8.00801
61   -61.0984   7.94655
62   -61.2238   7.89717
63   -61.3281   7.84619
64   -61.4333   7.79663
65   -61.5515   7.7502
66   -61.6217   7.69849
67   -61.7521   7.65618
68   -61.8765   7.61416
69   -62.0043   7.57365
70   -62.1486   7.53644
71   -62.3205   7.50403
72   -62.4981   7.47328
73   -62.5583   7.42772
74   -62.6375   7.38558
75   -62.7721   7.35156
76   -62.9196   7.32007
77   -63.0534   7.28752
78   -63.1618   7.25244
79   -63.2837   7.21984
80   -63.4218   7.19007
81   -63.5874   7.16464
82   -63.7514   7.13956
83   -63.8687   7.10904
84   -63.9877   7.07939
85   -64.1796   7.05987
86   -64.3575   7.03896
87   -64.5735   7.02368
88   -64.7892   7.00875
89   -64.9265   6.98397
90   -65.068   6.96026
91   -65.2425   6.94122
92   -65.4086   6.92154
93   -65.5408   6.89805
94   -65.6458   6.87178
95   -65.7143   6.8418
96   -65.7993   6.8142
97   -65.8611   6.7845
98   -65.9003   6.75288
99   -65.9559   6.72351
100   -66.0018   6.69359
