1   18.3923   0
2   19.035   16.4973
3   20.279   13.5815
4   20.3032   11.3869
5   21.1126   10.399
6   22.3789   9.98794
7   22.7172   9.2774
8   22.5841   8.54999
9   22.2751   7.90085
10   22.0513   7.38051
11   22.0728   7.00882
12   21.7377   6.59107
13   21.3381   6.20811
14   21.1083   5.90398
15   21.2164   5.71646
16   21.4456   5.58376
17   21.521   5.42353
18   21.6197   5.28435
19   21.7357   5.16216
20   21.8384   5.0473
21   21.712   4.89166
22   21.5623   4.74242
23   21.4171   4.60362
24   21.3274   4.48344
25   21.2868   4.37975
26   21.4921   4.33564
27   21.6921   4.29373
28   21.6788   4.20966
29   21.7748   4.1517
30   21.8325   4.08939
31   21.9217   4.03673
32   21.9941   3.98365
33   21.971   3.91599
34   22.0527   3.87029
35   22.1174   3.82366
36   22.0732   3.76069
37   22.0182   3.69867
38   21.9566   3.63811
39   21.9242   3.58417
40   22.0129   3.55246
41   22.144   3.53013
42   22.1779   3.49158
43   22.1954   3.45187
44   22.3376   3.43536
45   22.4533   3.41472
46   22.4904   3.38165
47   22.5519   3.35365
48   22.668   3.33602
49   22.7153   3.3076
50   22.6904   3.26969
51   22.5915   3.22395
52   22.5391   3.18481
53   22.556   3.15588
54   22.5949   3.131
55   22.5789   3.09928
56   22.5767   3.07021
57   22.5156   3.03477
58   22.4298   2.99755
59   22.4303   2.97122
60   22.4327   2.94582
61   22.4252   2.91982
62   22.3903   2.89118
63   22.4067   2.86951
64   22.4509   2.85215
65   22.5037   2.83646
66   22.5945   2.82683
67   22.6186   2.80802
68   22.6115   2.7858
69   22.5688   2.76011
70   22.4931   2.73172
71   22.4004   2.70242
72   22.3434   2.67688
73   22.4267   2.66892
74   22.5213   2.66287
75   22.5597   2.64916
76   22.5617   2.63133
77   22.5556   2.61295
78   22.5564   2.59569
79   22.5359   2.57647
80   22.4946   2.55554
81   22.433   2.53314
82   22.3897   2.51277
83   22.4073   2.4991
84   22.44   2.48748
85   22.4299   2.47127
86   22.441   2.45764
87   22.4342   2.44232
88   22.4415   2.42878
89   22.5179   2.42395
90   22.5682   2.41584
91   22.5457   2.39988
92   22.4924   2.38147
93   22.4475   2.36404
94   22.4185   2.34825
95   22.4104   2.33467
96   22.3759   2.31887
97   22.3448   2.30358
98   22.3237   2.28943
99   22.2906   2.27442
100   22.2703   2.26075
