1   30.7537   0
2   27.2993   3.45446
3   27.4925   2.00377
4   26.5861   1.68201
5   25.7042   1.57329
6   25.6612   1.2853
7   25.0687   1.23737
8   24.7876   1.10785
9   24.7432   0.97804
10   24.8784   0.885172
11   24.6558   0.831049
12   24.7711   0.767358
13   24.3686   0.812562
14   24.4444   0.756089
15   24.5035   0.706363
16   24.6416   0.675
17   24.4057   0.676501
18   24.6113   0.670121
19   24.6149   0.633882
20   24.9754   0.701118
21   24.9186   0.669314
22   24.8941   0.638636
23   24.85   0.611832
24   24.8233   0.58639
25   24.7707   0.564895
26   24.8066   0.54392
27   24.7241   0.529852
28   24.6987   0.511212
29   24.5067   0.52931
30   24.4779   0.512171
31   24.4597   0.495709
32   24.362   0.489819
33   24.2845   0.481025
34   24.3721   0.474816
35   24.3614   0.461175
36   24.392   0.449228
37   24.4133   0.437432
38   24.471   0.429654
39   24.4586   0.418673
40   24.3673   0.418174
41   24.3235   0.410192
42   24.3201   0.400321
43   24.2454   0.397968
44   24.2299   0.389126
45   24.2352   0.380417
46   24.2728   0.373956
47   24.2413   0.367269
48   24.2147   0.36052
49   24.1546   0.358156
50   24.2056   0.354598
51   24.1403   0.353648
52   24.1562   0.347141
53   24.1349   0.341191
54   24.123   0.335024
55   24.0922   0.330317
56   24.0113   0.3343
57   23.9896   0.329097
58   23.9857   0.323396
59   24.0236   0.320121
60   24.0261   0.31475
61   23.9939   0.31122
62   23.9465   0.309815
63   23.9273   0.30546
64   23.9867   0.306464
65   23.9863   0.301712
66   23.962   0.298095
67   23.9857   0.294569
68   23.9376   0.294167
69   23.9653   0.291186
70   23.901   0.294103
71   23.8934   0.290031
72   23.9206   0.287267
73   23.9029   0.283857
74   23.9272   0.281045
75   23.8951   0.27913
76   23.8943   0.275433
77   23.9275   0.273843
78   23.9043   0.271298
79   23.9042   0.267842
80   23.8848   0.265182
81   23.9029   0.262511
82   23.8706   0.261295
83   23.8703   0.258128
84   23.9258   0.261006
85   23.9266   0.257919
86   23.9367   0.2551
87   23.9604   0.253258
88   23.9593   0.250366
89   23.9661   0.24763
90   23.9614   0.244908
91   23.9561   0.242258
92   23.9787   0.240669
93   24.0141   0.240684
94   24.0168   0.238125
95   23.9952   0.236586
96   23.9991   0.23414
97   24.0221   0.232856
98   24.0225   0.230468
99   24.0146   0.228268
100   24.0173   0.225991
