1   -4.54896   0
2   -4.75751   4.1254
3   -4.84417   3.23285
4   -4.89387   2.73822
5   -4.90817   2.40622
6   -4.90548   2.16439
7   -4.93067   1.99344
8   -4.94509   1.85539
9   -4.95246   1.74095
10   -4.9671   1.64817
11   -4.97656   1.5679
12   -4.98707   1.49906
13   -4.99311   1.43769
14   -4.99565   1.38252
15   -4.99613   1.33276
16   -4.99587   1.28783
17   -4.99743   1.24758
18   -4.99766   1.21059
19   -4.9924   1.17542
20   -4.99471   1.14474
21   -4.99922   1.11689
22   -5.00237   1.09076
23   -4.99899   1.06505
24   -5.00313   1.04258
25   -5.00429   1.02092
26   -5.00722   1.00094
27   -5.0065   0.981404
28   -5.00551   0.962906
29   -5.00686   0.945846
30   -5.00715   0.929478
31   -5.00689   0.913834
32   -5.00651   0.898929
33   -5.0078   0.885021
34   -5.00777   0.871522
35   -5.00841   0.858736
36   -5.00869   0.846443
37   -5.01284   0.835318
38   -5.01572   0.824443
39   -5.01665   0.813684
40   -5.0163   0.803139
41   -5.0163   0.793045
42   -5.01544   0.783187
43   -5.01537   0.773804
44   -5.01658   0.764945
45   -5.01939   0.756636
46   -5.02231   0.748629
47   -5.0223   0.74045
48   -5.02222   0.732523
49   -5.02257   0.724907
50   -5.02533   0.717876
51   -5.02562   0.710704
52   -5.02516   0.703642
53   -5.02521   0.696852
54   -5.02623   0.690391
55   -5.02693   0.684066
56   -5.02733   0.677875
57   -5.03072   0.672259
58   -5.03282   0.666618
59   -5.03409   0.661016
60   -5.03482   0.655488
61   -5.03429   0.649935
62   -5.03426   0.644583
63   -5.03388   0.639317
64   -5.03439   0.634288
65   -5.0345   0.629328
66   -5.03287   0.624269
67   -5.03056   0.619242
68   -5.02927   0.614448
69   -5.02903   0.609885
70   -5.0274   0.605256
71   -5.02639   0.600798
72   -5.02561   0.59646
73   -5.02498   0.59223
74   -5.02511   0.588175
75   -5.02483   0.584155
76   -5.02431   0.580188
77   -5.02361   0.576279
78   -5.02399   0.572568
79   -5.02462   0.568958
80   -5.02367   0.565239
81   -5.02417   0.561752
82   -5.02404   0.55826
83   -5.02475   0.554924
84   -5.02476   0.551572
85   -5.02505   0.548311
86   -5.02548   0.545123
87   -5.02547   0.541944
88   -5.02614   0.538892
89   -5.02699   0.535912
90   -5.02783   0.532983
91   -5.0278   0.53001
92   -5.02918   0.527236
93   -5.03054   0.524507
94   -5.03119   0.521748
95   -5.03039   0.518883
96   -5.02952   0.516056
97   -5.02822   0.51323
98   -5.02917   0.510674
99   -5.03004   0.508151
100   -5.02976   0.50555
