1   1.74981   0
2   1.99891   1.74894
3   2.02492   1.35784
4   2.00521   1.12587
5   2.06175   1.01491
6   2.15713   0.9594
7   2.12716   0.866501
8   2.13152   0.804979
9   2.15323   0.761529
10   2.13207   0.711691
11   2.1202   0.671749
12   2.09178   0.632735
13   2.07905   0.60229
14   2.08084   0.579124
15   2.09745   0.562668
16   2.12426   0.551054
17   2.14372   0.538646
18   2.16346   0.527583
19   2.19945   0.522268
20   2.19616   0.507448
21   2.17825   0.490819
22   2.16644   0.476441
23   2.18206   0.468909
24   2.16513   0.455287
25   2.15931   0.44443
26   2.14851   0.43332
27   2.15447   0.425984
28   2.16276   0.419573
29   2.15913   0.411245
30   2.15728   0.403658
31   2.15617   0.396584
32   2.15854   0.390482
33   2.15477   0.383612
34   2.15583   0.377866
35   2.15414   0.371916
36   2.15354   0.366401
37   2.13635   0.358784
38   2.12629   0.352337
39   2.12777   0.347845
40   2.13473   0.34447
41   2.13941   0.340841
42   2.14638   0.337753
43   2.14822   0.333939
44   2.14393   0.329359
45   2.13283   0.324073
46   2.12114   0.318886
47   2.12288   0.315605
48   2.12686   0.312778
49   2.12895   0.309759
50   2.11954   0.305346
51   2.11797   0.302013
52   2.11798   0.298993
53   2.11626   0.295828
54   2.11143   0.292364
55   2.10972   0.289378
56   2.10995   0.286726
57   2.09586   0.2826
58   2.08552   0.278903
59   2.07868   0.27564
60   2.07393   0.27268
61   2.07583   0.270604
62   2.0781   0.268633
63   2.08287   0.267061
64   2.08427   0.265073
65   2.0879   0.26343
66   2.09939   0.263023
67   2.11311   0.263015
68   2.12196   0.262222
69   2.1264   0.260814
70   2.13577   0.26016
71   2.1415   0.258993
72   2.14554   0.257628
73   2.14819   0.256114
74   2.14818   0.254313
75   2.15103   0.252895
76   2.15612   0.2518
77   2.16129   0.250741
78   2.16119   0.249062
79   2.15947   0.247239
80   2.16381   0.246156
81   2.16111   0.244296
82   2.16087   0.242725
83   2.1577   0.240884
84   2.15684   0.239307
85   2.15492   0.237649
86   2.15245   0.235965
87   2.15056   0.234368
88   2.14525   0.232487
89   2.14033   0.230668
90   2.1372   0.229034
91   2.13749   0.227762
92   2.13089   0.225893
93   2.12344   0.223991
94   2.11917   0.222359
95   2.12156   0.221404
96   2.12426   0.220498
97   2.12777   0.219704
98   2.12152   0.218005
99   2.11597   0.216381
100   2.11521   0.215185
