1   -3.08045   0
2   -3.25149   2.82106
3   -3.30973   2.20946
4   -3.33845   1.86823
5   -3.35547   1.64528
6   -3.3671   1.48586
7   -3.37533   1.36473
8   -3.38106   1.26862
9   -3.38604   1.19035
10   -3.39   1.12486
11   -3.39336   1.06909
12   -3.39616   1.02082
13   -3.39854   0.978527
14   -3.40039   0.941013
15   -3.40191   0.907466
16   -3.40325   0.877261
17   -3.40455   0.849905
18   -3.40571   0.824951
19   -3.40673   0.802065
20   -3.40777   0.781009
21   -3.40875   0.761533
22   -3.40961   0.743434
23   -3.41042   0.726571
24   -3.41125   0.710823
25   -3.41197   0.696046
26   -3.41264   0.682153
27   -3.41315   0.669037
28   -3.41368   0.65666
29   -3.41422   0.644954
30   -3.41466   0.633839
31   -3.41503   0.623272
32   -3.41538   0.613216
33   -3.41575   0.603639
34   -3.41604   0.594486
35   -3.41635   0.585743
36   -3.41675   0.577393
37   -3.41711   0.569388
38   -3.41741   0.561698
39   -3.41766   0.554306
40   -3.41786   0.547193
41   -3.41802   0.540342
42   -3.41821   0.533747
43   -3.41838   0.527387
44   -3.4186   0.521257
45   -3.4188   0.515334
46   -3.41894   0.509601
47   -3.41911   0.50406
48   -3.41923   0.49869
49   -3.41947   0.493505
50   -3.41962   0.488469
51   -3.41977   0.483584
52   -3.41994   0.478845
53   -3.42005   0.474237
54   -3.42017   0.469759
55   -3.42022   0.465399
56   -3.42034   0.461166
57   -3.42045   0.457047
58   -3.42056   0.453036
59   -3.42066   0.449129
60   -3.42075   0.445319
61   -3.42083   0.441604
62   -3.42088   0.437978
63   -3.42093   0.434438
64   -3.42099   0.430986
65   -3.42102   0.42761
66   -3.42107   0.424315
67   -3.4211   0.421094
68   -3.42113   0.417943
69   -3.42116   0.414863
70   -3.4212   0.411851
71   -3.42121   0.408901
72   -3.42124   0.406015
73   -3.42126   0.403189
74   -3.42131   0.400425
75   -3.42136   0.397716
76   -3.4214   0.395061
77   -3.42147   0.392462
78   -3.42155   0.389915
79   -3.42159   0.387413
80   -3.42163   0.384958
81   -3.42171   0.382554
82   -3.42177   0.380192
83   -3.42183   0.377874
84   -3.42185   0.375592
85   -3.4219   0.373356
86   -3.42192   0.371156
87   -3.42198   0.368998
88   -3.42206   0.36688
89   -3.42211   0.364796
90   -3.42217   0.362748
91   -3.42224   0.360734
92   -3.42232   0.358755
93   -3.42239   0.356808
94   -3.42245   0.354891
95   -3.42252   0.353005
96   -3.42258   0.351149
97   -3.42266   0.349323
98   -3.42272   0.347524
99   -3.42274   0.345749
100   -3.42277   0.344002
