1   0.979007   0
2   1.00401   0.869862
3   1.02296   0.682386
4   1.03694   0.580083
5   1.03513   0.507394
6   1.02559   0.452557
7   1.03689   0.419362
8   1.04268   0.391367
9   1.04428   0.367224
10   1.0514   0.349039
11   1.05547   0.332692
12   1.06061   0.318981
13   1.06305   0.306247
14   1.0635   0.29446
15   1.06281   0.283643
16   1.06175   0.273814
17   1.06192   0.26521
18   1.0613   0.25718
19   1.05712   0.249015
20   1.05795   0.24259
21   1.06031   0.237005
22   1.06184   0.231647
23   1.05905   0.225755
24   1.06125   0.221273
25   1.06155   0.216682
26   1.06305   0.212616
27   1.06223   0.208334
28   1.06122   0.204251
29   1.06176   0.200678
30   1.06166   0.197172
31   1.06124   0.193784
32   1.06075   0.190548
33   1.06136   0.187658
34   1.06115   0.184758
35   1.06137   0.182059
36   1.0613   0.179428
37   1.06382   0.177356
38   1.06554   0.175235
39   1.06599   0.172988
40   1.06563   0.170697
41   1.06552   0.168533
42   1.06482   0.166357
43   1.06466   0.16434
44   1.06532   0.162519
45   1.06706   0.160932
46   1.06891   0.159421
47   1.06879   0.15766
48   1.06866   0.155953
49   1.06873   0.15433
50   1.07047   0.153005
51   1.07056   0.151479
52   1.07015   0.149928
53   1.0701   0.148472
54   1.07071   0.147149
55   1.07114   0.145838
56   1.07133   0.144531
57   1.07351   0.143542
58   1.07484   0.142458
59   1.07562   0.141327
60   1.07605   0.14018
61   1.07564   0.138954
62   1.07558   0.137802
63   1.07531   0.13665
64   1.0756   0.135597
65   1.07566   0.13454
66   1.07453   0.133365
67   1.07297   0.132167
68   1.07209   0.131072
69   1.07191   0.130082
70   1.0708   0.129006
71   1.07012   0.128
72   1.06958   0.127032
73   1.06915   0.126095
74   1.0692   0.125233
75   1.06898   0.124358
76   1.0686   0.123482
77   1.06809   0.122608
78   1.06829   0.121832
79   1.06868   0.121092
80   1.06802   0.12025
81   1.0683   0.119526
82   1.06818   0.118772
83   1.06861   0.118093
84   1.06861   0.117378
85   1.06877   0.116694
86   1.06904   0.116034
87   1.069   0.115352
88   1.06939   0.114729
89   1.06992   0.114132
90   1.07044   0.113545
91   1.07037   0.112904
92   1.07124   0.112376
93   1.0721   0.111855
94   1.07249   0.111293
95   1.07192   0.110641
96   1.07129   0.109994
97   1.07038   0.109329
98   1.07097   0.108825
99   1.07153   0.108326
100   1.07133   0.107756
