1   1.46851   0
2   1.50602   1.30479
3   1.53443   1.02358
4   1.55542   0.870125
5   1.55269   0.761091
6   1.53838   0.678835
7   1.55534   0.629043
8   1.56403   0.587051
9   1.56642   0.550836
10   1.57711   0.523558
11   1.5832   0.499038
12   1.59091   0.478471
13   1.59457   0.45937
14   1.59525   0.441689
15   1.59422   0.425464
16   1.59263   0.410721
17   1.59288   0.397814
18   1.59195   0.385769
19   1.58567   0.373522
20   1.58693   0.363885
21   1.59047   0.355507
22   1.59277   0.34747
23   1.58857   0.338633
24   1.59188   0.33191
25   1.59232   0.325023
26   1.59458   0.318924
27   1.59335   0.312501
28   1.59183   0.306377
29   1.59264   0.301017
30   1.59249   0.295758
31   1.59186   0.290676
32   1.59113   0.285822
33   1.59204   0.281487
34   1.59173   0.277136
35   1.59206   0.273089
36   1.59195   0.269142
37   1.59572   0.266035
38   1.59831   0.262853
39   1.59899   0.259482
40   1.59844   0.256046
41   1.59828   0.2528
42   1.59722   0.249535
43   1.59699   0.246509
44   1.59798   0.243779
45   1.60058   0.241398
46   1.60337   0.239132
47   1.60319   0.23649
48   1.60298   0.23393
49   1.6031   0.231496
50   1.60571   0.229508
51   1.60584   0.227218
52   1.60522   0.224892
53   1.60516   0.222709
54   1.60607   0.220723
55   1.60671   0.218757
56   1.60699   0.216796
57   1.61027   0.215313
58   1.61226   0.213687
59   1.61342   0.211991
60   1.61408   0.210271
61   1.61346   0.208431
62   1.61338   0.206703
63   1.61296   0.204975
64   1.6134   0.203395
65   1.61349   0.20181
66   1.6118   0.200048
67   1.60946   0.198251
68   1.60814   0.196608
69   1.60787   0.195123
70   1.60621   0.193509
71   1.60518   0.192
72   1.60437   0.190547
73   1.60373   0.189143
74   1.6038   0.187849
75   1.60347   0.186536
76   1.60291   0.185223
77   1.60214   0.183913
78   1.60244   0.182748
79   1.60302   0.181638
80   1.60204   0.180375
81   1.60246   0.17929
82   1.60227   0.178158
83   1.60292   0.177139
84   1.60291   0.176067
85   1.60316   0.175041
86   1.60356   0.174052
87   1.6035   0.173029
88   1.60408   0.172094
89   1.60488   0.171198
90   1.60565   0.170317
91   1.60556   0.169357
92   1.60686   0.168564
93   1.60815   0.167783
94   1.60874   0.16694
95   1.60788   0.165962
96   1.60694   0.164991
97   1.60556   0.163994
98   1.60645   0.163237
99   1.6073   0.16249
100   1.60699   0.161635
