1   -5.45666   0
2   -5.45624   0.000420857
3   -5.45627   0.000244925
4   -5.45606   0.000266007
5   -5.45637   0.000372767
6   -5.45625   0.000329033
7   -5.45636   0.000299849
8   -5.45629   0.000269027
9   -5.45628   0.00023753
10   -5.45622   0.000219702
11   -5.45612   0.000225351
12   -5.45608   0.000208375
13   -5.45608   0.000191689
14   -5.45611   0.000178939
15   -5.45621   0.000199133
16   -5.45624   0.000188698
17   -5.45624   0.000177267
18   -5.45624   0.000167203
19   -5.45631   0.000175337
20   -5.45633   0.000167558
21   -5.45636   0.000161977
22   -5.45639   0.00015636
23   -5.45638   0.000149593
24   -5.45632   0.000156209
25   -5.45635   0.000154047
26   -5.4564   0.000154488
27   -5.45641   0.000149373
28   -5.45638   0.000147449
29   -5.45632   0.000154596
30   -5.45634   0.000151295
31   -5.4564   0.000158147
32   -5.45639   0.000153579
33   -5.45644   0.000156195
34   -5.45648   0.000155994
35   -5.45652   0.000159212
36   -5.45659   0.000169443
37   -5.45663   0.000168937
38   -5.45668   0.000171542
39   -5.45667   0.00016735
40   -5.45671   0.000166919
41   -5.45668   0.000164433
42   -5.45664   0.000165217
43   -5.45665   0.00016154
44   -5.45667   0.000158925
45   -5.45666   0.000155955
46   -5.45668   0.000155101
47   -5.45667   0.000152514
48   -5.45667   0.000149316
49   -5.45667   0.00014624
50   -5.45668   0.000143464
51   -5.45668   0.0001408
52   -5.45665   0.000142453
53   -5.45661   0.000144304
54   -5.45662   0.000141984
55   -5.45663   0.000139442
56   -5.45663   0.000136996
57   -5.45666   0.00013684
58   -5.45665   0.000134553
59   -5.45664   0.000132809
60   -5.45663   0.000130889
61   -5.45662   0.000129316
62   -5.45664   0.000129507
63   -5.45662   0.000129077
64   -5.45661   0.000127594
65   -5.4566   0.000125689
66   -5.45661   0.000123772
67   -5.45662   0.000122556
68   -5.45661   0.000120866
69   -5.45661   0.000119213
70   -5.4566   0.00011791
71   -5.45661   0.000117146
72   -5.45663   0.000116595
73   -5.45662   0.000115429
74   -5.45664   0.000116254
75   -5.45664   0.000114768
76   -5.45664   0.000113346
77   -5.45665   0.000112136
78   -5.45665   0.000110815
79   -5.45665   0.000109524
80   -5.45667   0.000110639
81   -5.45669   0.000110949
82   -5.45668   0.000110359
83   -5.45666   0.000110952
84   -5.45667   0.000110198
85   -5.45666   0.000109491
86   -5.45668   0.00010952
87   -5.45669   0.000108732
88   -5.45668   0.000107713
89   -5.45667   0.000107354
90   -5.45668   0.000107754
91   -5.4567   0.000107728
92   -5.4567   0.000106565
93   -5.45671   0.000105676
94   -5.45671   0.000104546
95   -5.45672   0.000104023
96   -5.45672   0.000102963
97   -5.45673   0.000101979
98   -5.45671   0.000102273
99   -5.45671   0.000101308
100   -5.45671   0.000100465
