1   -6.66105   0
2   -6.65592   0.0051316
3   -6.66266   0.00736686
4   -6.66123   0.00540352
5   -6.66105   0.00418933
6   -6.66395   0.00448198
7   -6.66376   0.00379242
8   -6.66315   0.00334054
9   -6.66346   0.00296197
10   -6.66174   0.00315506
11   -6.6614   0.00287404
12   -6.6617   0.00264021
13   -6.66244   0.00253876
14   -6.66266   0.00236117
15   -6.66277   0.0022009
16   -6.66257   0.00206864
17   -6.66223   0.00197288
18   -6.66245   0.00187288
19   -6.66283   0.0018114
20   -6.66279   0.00171882
21   -6.66351   0.00178643
22   -6.66265   0.00191105
23   -6.6633   0.00193932
24   -6.66324   0.00185786
25   -6.66318   0.00178284
26   -6.66287   0.00174138
27   -6.66235   0.00175263
28   -6.66302   0.00181734
29   -6.66155   0.00229222
30   -6.6617   0.00221964
31   -6.66256   0.00231361
32   -6.66193   0.00232822
33   -6.66204   0.00225962
34   -6.66273   0.00229624
35   -6.6632   0.0022782
36   -6.66291   0.00223275
37   -6.6634   0.00222701
38   -6.66338   0.00216768
39   -6.66314   0.00212573
40   -6.66334   0.00208153
41   -6.66357   0.00204349
42   -6.66303   0.00206698
43   -6.66302   0.00201836
44   -6.66319   0.00197966
45   -6.66316   0.00193544
46   -6.66318   0.00189303
47   -6.66303   0.00185873
48   -6.66292   0.00182287
49   -6.66324   0.00181302
50   -6.6633   0.00177744
51   -6.6634   0.00174502
52   -6.66331   0.00171348
53   -6.66309   0.00169409
54   -6.66298   0.00166601
55   -6.66299   0.00163545
56   -6.66269   0.00163449
57   -6.66286   0.00161468
58   -6.66282   0.001587
59   -6.66286   0.00156032
60   -6.66322   0.00157659
61   -6.66287   0.00158974
62   -6.66291   0.00156448
63   -6.66297   0.0015406
64   -6.66263   0.00155603
65   -6.66274   0.00153582
66   -6.66269   0.00151291
67   -6.66257   0.00149579
68   -6.66288   0.00150639
69   -6.66275   0.00149016
70   -6.66287   0.00147425
71   -6.66318   0.00148473
72   -6.6631   0.00146628
73   -6.6629   0.00145881
74   -6.66294   0.00143943
75   -6.66313   0.00143332
76   -6.66301   0.00141989
77   -6.66342   0.00146094
78   -6.66334   0.00144458
79   -6.66305   0.00145391
80   -6.6633   0.00145687
81   -6.66343   0.00144421
82   -6.66318   0.00144825
83   -6.66313   0.00143139
84   -6.66338   0.00143588
85   -6.66318   0.00143332
86   -6.66334   0.00142635
87   -6.66334   0.00140987
88   -6.66323   0.00139819
89   -6.66327   0.00138315
90   -6.66334   0.00136931
91   -6.66361   0.00138049
92   -6.66344   0.00137535
93   -6.66353   0.00136337
94   -6.66351   0.00134904
95   -6.66356   0.00133565
96   -6.66361   0.00132276
97   -6.66369   0.00131127
98   -6.66354   0.00130581
99   -6.66344   0.00129642
100   -6.66363   0.00129676
