1   1.20439   0
2   1.19968   0.00471074
3   1.2064   0.007244
4   1.20516   0.00526889
5   1.20467   0.00411042
6   1.2077   0.00451566
7   1.2074   0.00382789
8   1.20686   0.00335873
9   1.20718   0.00297911
10   1.20552   0.00313803
11   1.20529   0.00284806
12   1.20562   0.00262059
13   1.20636   0.00252214
14   1.20656   0.00234377
15   1.20656   0.00218193
16   1.20633   0.00205417
17   1.20599   0.00195909
18   1.20621   0.00186056
19   1.20652   0.00178566
20   1.20646   0.00169494
21   1.20715   0.00175409
22   1.20626   0.00189498
23   1.20692   0.00192741
24   1.20692   0.00184536
25   1.20683   0.00177233
26   1.20647   0.00174001
27   1.20594   0.00175571
28   1.20664   0.00183213
29   1.20523   0.00226487
30   1.20536   0.00219175
31   1.20616   0.00226668
32   1.20554   0.00228128
33   1.20561   0.00221219
34   1.20625   0.00224138
35   1.20667   0.00221631
36   1.20631   0.00218337
37   1.20677   0.00217209
38   1.2067   0.00211517
39   1.20647   0.00207385
40   1.20663   0.00202801
41   1.20689   0.0019945
42   1.20638   0.00201067
43   1.20637   0.00196343
44   1.20652   0.0019246
45   1.2065   0.00188144
46   1.2065   0.00184009
47   1.20636   0.00180589
48   1.20625   0.00177111
49   1.20657   0.00176298
50   1.20662   0.0017282
51   1.20671   0.00169644
52   1.20666   0.00166439
53   1.20648   0.00164209
54   1.20636   0.00161583
55   1.20636   0.00158618
56   1.20606   0.0015878
57   1.2062   0.00156657
58   1.20617   0.00153963
59   1.20622   0.00151412
60   1.20659   0.0015346
61   1.20625   0.00154674
62   1.20627   0.0015217
63   1.20635   0.0014995
64   1.20602   0.00151395
65   1.20613   0.00149483
66   1.20609   0.00147258
67   1.20595   0.00145739
68   1.20627   0.00147059
69   1.20614   0.00145456
70   1.20628   0.0014402
71   1.20657   0.00144892
72   1.20647   0.00143203
73   1.20629   0.00142401
74   1.2063   0.00140469
75   1.2065   0.00139995
76   1.20637   0.00138754
77   1.20677   0.0014281
78   1.20668   0.00141255
79   1.2064   0.0014219
80   1.20663   0.00142185
81   1.20673   0.00140818
82   1.2065   0.00141096
83   1.20647   0.00139406
84   1.20671   0.00139762
85   1.20652   0.00139429
86   1.20667   0.00138612
87   1.20665   0.00137018
88   1.20655   0.00135853
89   1.20661   0.0013445
90   1.20666   0.00133033
91   1.20691   0.00133963
92   1.20674   0.00133546
93   1.20682   0.00132352
94   1.2068   0.00130962
95   1.20684   0.00129631
96   1.20689   0.00128377
97   1.20696   0.00127251
98   1.20683   0.00126591
99   1.20674   0.00125675
100   1.20692   0.00125704
