1   27.6123   0
2   24.5107   3.10159
3   24.6842   1.79909
4   23.8704   1.51019
5   23.0786   1.41258
6   23.04   1.15401
7   22.508   1.11098
8   22.2556   0.994682
9   22.2157   0.878136
10   22.3371   0.794754
11   22.1372   0.746159
12   22.2408   0.688974
13   21.8794   0.72956
14   21.9474   0.678856
15   22.0005   0.63421
16   22.1245   0.60605
17   21.9127   0.607398
18   22.0973   0.601669
19   22.1006   0.569133
20   22.4242   0.6295
21   22.3732   0.600945
22   22.3512   0.573401
23   22.3116   0.549334
24   22.2877   0.526491
25   22.2405   0.507192
26   22.2727   0.488359
27   22.1986   0.475729
28   22.1758   0.458993
29   22.0034   0.475242
30   21.9775   0.459854
31   21.9612   0.445073
32   21.8735   0.439785
33   21.8039   0.431889
34   21.8826   0.426315
35   21.873   0.414067
36   21.9005   0.40334
37   21.9195   0.392749
38   21.9713   0.385766
39   21.9602   0.375907
40   21.8782   0.375458
41   21.8389   0.368292
42   21.8358   0.359429
43   21.7688   0.357316
44   21.7549   0.349378
45   21.7596   0.341559
46   21.7934   0.335757
47   21.7651   0.329753
48   21.7412   0.323693
49   21.6873   0.321571
50   21.733   0.318377
51   21.6744   0.317524
52   21.6887   0.311681
53   21.6696   0.306339
54   21.6589   0.300802
55   21.6312   0.296576
56   21.5586   0.300152
57   21.5391   0.29548
58   21.5356   0.290362
59   21.5697   0.287421
60   21.5719   0.282599
61   21.543   0.279429
62   21.5004   0.278168
63   21.4831   0.274257
64   21.5365   0.275159
65   21.5361   0.270893
66   21.5143   0.267645
67   21.5356   0.264479
68   21.4925   0.264118
69   21.5173   0.261442
70   21.4596   0.264061
71   21.4527   0.260405
72   21.4772   0.257923
73   21.4613   0.254861
74   21.4831   0.252337
75   21.4542   0.250617
76   21.4536   0.247298
77   21.4833   0.24587
78   21.4626   0.243586
79   21.4624   0.240483
80   21.445   0.238095
81   21.4612   0.235696
82   21.4322   0.234604
83   21.432   0.23176
84   21.4819   0.234345
85   21.4826   0.231573
86   21.4916   0.229042
87   21.5129   0.227388
88   21.5119   0.224792
89   21.518   0.222335
90   21.5138   0.219891
91   21.5091   0.217512
92   21.5293   0.216085
93   21.5611   0.216099
94   21.5635   0.213801
95   21.5442   0.212419
96   21.5476   0.210223
97   21.5683   0.20907
98   21.5687   0.206926
99   21.5615   0.204951
100   21.564   0.202906
