1   3760.92   0
2   3872.25   3355.31
3   3808.33   2540.5
4   3846.18   2151.37
5   3901.74   1913.13
6   3900.06   1721.01
7   3906.86   1579.59
8   3925.76   1473.07
9   3952.53   1389.79
10   3966.57   1316.49
11   3959.97   1247.89
12   3953.01   1188.47
13   3959.27   1140.22
14   3963.99   1097.21
15   3967.93   1058.67
16   3972.25   1024.13
17   3970.11   991.271
18   3971.21   962.1
19   3979.27   937.047
20   3973.42   910.834
21   3965.76   886.181
22   3973.48   866.612
23   3965.17   845.013
24   3968.25   827.132
25   3967.78   809.66
26   3969.99   793.78
27   3973.63   779.116
28   3976.04   765.042
29   3969.13   750.003
30   3968.63   736.886
31   3969.11   724.601
32   3971.27   713.223
33   3971.51   702.045
34   3972.18   691.453
35   3972.92   681.344
36   3981.74   673.095
37   3976.21   662.786
38   3973.15   653.276
39   3975.51   645.014
40   3976.58   636.868
41   3972.85   628.277
42   3974.04   620.756
43   3977.47   613.862
44   3976.96   606.607
45   3978.21   599.864
46   3979.44   593.345
47   3981.17   587.121
48   3981.58   580.902
49   3977.06   574.183
50   3976.04   568.147
51   3978.39   562.776
52   3982.1   557.759
53   3982.78   552.467
54   3981.57   547.063
55   3980.92   541.884
56   3979.25   536.713
57   3979.76   531.966
58   3981.05   527.448
59   3983.03   523.146
60   3983.58   518.766
61   3985.37   514.656
62   3983.01   510.121
63   3980.95   505.732
64   3980.73   501.672
65   3983.42   498.082
66   3983.15   494.2
67   3981.89   490.285
68   3981.45   486.558
69   3984.42   483.338
70   3984.44   479.823
71   3982.69   476.174
72   3983.78   472.938
73   3984.26   469.697
74   3983.78   466.41
75   3981.27   462.966
76   3982.09   459.962
77   3982.5   456.971
78   3984.55   454.229
79   3985.11   451.371
80   3983.43   448.318
81   3986.3   445.834
82   3983.78   442.802
83   3981.43   439.84
84   3982.22   437.269
85   3983.42   434.789
86   3983.51   432.231
87   3980.63   429.41
88   3980.4   426.906
89   3979.37   424.364
90   3980.35   422.076
91   3979.08   419.592
92   3982.26   417.624
93   3980.76   415.194
94   3980.29   412.905
95   3979.98   410.669
96   3979.61   408.464
97   3978.86   406.253
98   3980.05   404.274
99   3980.35   402.235
100   3979.29   400.092
