1   120.604   0
2   132.142   115.019
3   141.412   94.9628
4   142.433   80.037
5   141.346   69.5396
6   142.712   63.161
7   143.394   58.1233
8   143.106   53.814
9   142.368   50.1528
10   142.019   47.214
11   142.634   45.0184
12   143.262   43.1363
13   143.201   41.2969
14   143.21   39.6901
15   143.207   38.2535
16   143.087   36.9316
17   143.332   35.8254
18   143.434   34.7842
19   143.116   33.7336
20   143.472   32.9194
21   143.952   32.198
22   143.573   31.343
23   144.04   30.726
24   143.903   30.0229
25   143.996   29.4103
26   143.938   28.8047
27   143.78   28.2151
28   143.684   27.6694
29   144.061   27.2447
30   144.119   26.7814
31   144.132   26.3334
32   144.047   25.8899
33   144.07   25.4861
34   144.072   25.097
35   144.03   24.7181
36   143.599   24.2932
37   143.902   24.0054
38   144.108   23.7131
39   143.992   23.3802
40   143.938   23.0696
41   144.146   22.813
42   144.115   22.5277
43   143.963   22.2347
44   143.989   21.9782
45   143.945   21.7201
46   143.892   21.4694
47   143.827   21.225
48   143.81   20.9953
49   144.06   20.8127
50   144.125   20.6082
51   143.988   20.382
52   143.803   20.1558
53   143.785   19.9583
54   143.866   19.78
55   143.91   19.6019
56   144.016   19.437
57   144.002   19.2608
58   143.941   19.0828
59   143.838   18.9041
60   143.822   18.7409
61   143.738   18.5732
62   143.868   18.437
63   143.998   18.3046
64   144.017   18.1608
65   143.879   18.0016
66   143.896   17.8644
67   143.984   17.7395
68   144.022   17.611
69   143.874   17.4634
70   143.882   17.3372
71   143.969   17.2234
72   143.916   17.0953
73   143.897   16.9736
74   143.928   16.8605
75   144.068   16.7628
76   144.03   16.6462
77   144.019   16.5349
78   143.922   16.4162
79   143.897   16.3076
80   143.99   16.2148
81   143.855   16.0984
82   143.982   16.0132
83   144.098   15.9283
84   144.067   15.8285
85   144.005   15.7272
86   143.998   15.6335
87   144.149   15.5591
88   144.151   15.4696
89   144.202   15.3868
90   144.154   15.295
91   144.224   15.2172
92   144.065   15.1172
93   144.148   15.0436
94   144.179   14.9657
95   144.194   14.8872
96   144.204   14.8096
97   144.24   14.7358
98   144.179   14.6533
99   144.164   14.5769
100   144.222   14.5088
