1   -590.041   0
2   -623.132   540.662
3   -634.097   423.305
4   -639.464   357.851
5   -642.715   315.14
6   -644.948   284.608
7   -646.504   261.396
8   -647.663   243.013
9   -648.566   228
10   -649.315   215.454
11   -649.873   204.744
12   -650.347   195.482
13   -650.732   187.362
14   -651.116   180.187
15   -651.432   173.771
16   -651.701   167.989
17   -651.935   162.748
18   -652.135   157.964
19   -652.312   153.577
20   -652.5   149.543
21   -652.632   145.801
22   -652.802   142.337
23   -652.931   139.103
24   -653.06   136.082
25   -653.171   133.247
26   -653.264   130.58
27   -653.351   128.068
28   -653.418   125.692
29   -653.512   123.45
30   -653.582   121.32
31   -653.646   119.296
32   -653.702   117.369
33   -653.758   115.533
34   -653.812   113.781
35   -653.875   112.109
36   -653.921   110.505
37   -653.971   108.97
38   -654.005   107.494
39   -654.041   106.078
40   -654.086   104.718
41   -654.136   103.41
42   -654.167   102.147
43   -654.202   100.93
44   -654.244   99.7566
45   -654.28   98.6228
46   -654.313   97.5266
47   -654.335   96.4646
48   -654.368   95.4386
49   -654.396   94.4438
50   -654.425   93.4798
51   -654.442   92.5432
52   -654.467   91.6354
53   -654.493   90.7541
54   -654.518   89.8978
55   -654.551   89.0664
56   -654.572   88.2563
57   -654.594   87.468
58   -654.613   86.7001
59   -654.634   85.9525
60   -654.649   85.2233
61   -654.667   84.5128
62   -654.69   83.8202
63   -654.707   83.1439
64   -654.721   82.4834
65   -654.737   81.8387
66   -654.755   81.209
67   -654.768   80.5934
68   -654.781   79.9915
69   -654.791   79.4024
70   -654.804   78.8267
71   -654.816   78.2632
72   -654.829   77.7118
73   -654.847   77.1725
74   -654.862   76.644
75   -654.881   76.1267
76   -654.894   75.619
77   -654.902   75.1211
78   -654.912   74.6328
79   -654.925   74.1545
80   -654.934   73.6846
81   -654.936   73.223
82   -654.948   72.771
83   -654.961   72.3275
84   -654.97   71.8914
85   -654.977   71.4631
86   -654.99   71.043
87   -655.009   70.6308
88   -655.024   70.2253
89   -655.032   69.8261
90   -655.045   69.4342
91   -655.049   69.0479
92   -655.051   68.6676
93   -655.056   68.294
94   -655.064   67.9268
95   -655.07   67.565
96   -655.074   67.209
97   -655.078   66.8585
98   -655.081   66.5134
99   -655.087   66.1738
100   -655.092   65.8392
