1   197.52   0
2   196.748   0.772561
3   197.85   1.18802
4   197.646   0.864098
5   197.566   0.674109
6   198.063   0.740568
7   198.014   0.627774
8   197.925   0.550832
9   197.978   0.488574
10   197.705   0.514637
11   197.668   0.467082
12   197.722   0.429777
13   197.843   0.413631
14   197.876   0.384378
15   197.876   0.357837
16   197.838   0.336884
17   197.782   0.321291
18   197.818   0.305132
19   197.869   0.292848
20   197.859   0.27797
21   197.973   0.287671
22   197.827   0.310777
23   197.935   0.316095
24   197.935   0.302639
25   197.92   0.290662
26   197.861   0.285362
27   197.774   0.287936
28   197.889   0.300469
29   197.658   0.371439
30   197.679   0.359447
31   197.81   0.371736
32   197.709   0.37413
33   197.72   0.362799
34   197.825   0.367586
35   197.894   0.363475
36   197.835   0.358073
37   197.91   0.356223
38   197.899   0.346888
39   197.861   0.340111
40   197.887   0.332594
41   197.93   0.327098
42   197.846   0.32975
43   197.845   0.322003
44   197.869   0.315634
45   197.866   0.308556
46   197.866   0.301775
47   197.843   0.296166
48   197.825   0.290462
49   197.877   0.289129
50   197.886   0.283425
51   197.9   0.278216
52   197.892   0.27296
53   197.863   0.269303
54   197.843   0.264996
55   197.843   0.260134
56   197.794   0.260399
57   197.817   0.256917
58   197.812   0.252499
59   197.82   0.248316
60   197.881   0.251674
61   197.825   0.253665
62   197.828   0.249559
63   197.841   0.245918
64   197.787   0.248288
65   197.805   0.245152
66   197.799   0.241503
67   197.776   0.239012
68   197.828   0.241177
69   197.807   0.238548
70   197.83   0.236193
71   197.877   0.237623
72   197.861   0.234853
73   197.832   0.233538
74   197.833   0.230369
75   197.866   0.229592
76   197.845   0.227557
77   197.91   0.234208
78   197.896   0.231658
79   197.85   0.233192
80   197.887   0.233183
81   197.904   0.230942
82   197.866   0.231397
83   197.861   0.228626
84   197.9   0.22921
85   197.869   0.228664
86   197.894   0.227324
87   197.891   0.22471
88   197.874   0.222799
89   197.884   0.220498
90   197.892   0.218174
91   197.933   0.219699
92   197.905   0.219015
93   197.918   0.217057
94   197.915   0.214778
95   197.922   0.212595
96   197.93   0.210538
97   197.941   0.208692
98   197.92   0.207609
99   197.905   0.206107
100   197.935   0.206155
