1   4458.15   0
2   4471.61   13.4604
3   4452.95   20.2093
4   4453.21   14.2924
5   4452.56   11.0903
6   4447.06   10.5933
7   4447.38   8.95908
8   4449.16   7.95835
9   4447.65   7.17896
10   4451.19   7.3333
11   4452.03   6.68601
12   4450.89   6.2095
13   4449.03   6.00628
14   4448.76   5.56736
15   4448.33   5.20034
16   4449.14   4.93068
17   4449.71   4.66731
18   4448.68   4.52131
19   4447.56   4.41957
20   4447.98   4.21359
21   4446.15   4.40634
22   4448.64   4.88114
23   4446.77   5.02144
24   4447.01   4.81363
25   4446.78   4.62287
26   4447.18   4.45982
27   4448.63   4.52764
28   4446.43   4.8829
29   4449.96   5.88271
30   4450.04   5.68389
31   4447.85   5.91903
32   4449.36   5.92673
33   4448.83   5.76863
34   4446.92   5.91528
35   4445.63   5.88489
36   4446.27   5.75436
37   4444.93   5.75455
38   4445.41   5.62161
39   4446.2   5.53261
40   4445.95   5.39833
41   4445.46   5.28787
42   4446.71   5.30946
43   4446.62   5.18524
44   4446.51   5.06722
45   4446.55   4.95347
46   4446.42   4.84639
47   4446.93   4.77017
48   4447.29   4.68311
49   4446.74   4.61889
50   4446.56   4.52927
51   4446.47   4.4404
52   4446.79   4.3659
53   4447.54   4.34669
54   4448.09   4.3016
55   4448.22   4.22471
56   4449.18   4.2579
57   4448.73   4.2071
58   4448.88   4.13676
59   4448.77   4.06761
60   4447.77   4.12183
61   4448.68   4.15358
62   4448.5   4.08998
63   4448.01   4.05363
64   4448.69   4.04712
65   4448.6   3.98546
66   4448.6   3.92462
67   4448.86   3.87405
68   4447.98   3.91684
69   4448.45   3.88899
70   4448.11   3.84844
71   4447.5   3.84316
72   4447.74   3.79702
73   4448.17   3.76883
74   4448.27   3.71906
75   4447.92   3.68562
76   4448.4   3.66763
77   4447.22   3.8075
78   4447.4   3.76286
79   4448.09   3.77922
80   4447.55   3.77088
81   4447.27   3.73467
82   4448.07   3.77435
83   4448.29   3.73531
84   4447.62   3.75151
85   4448.25   3.75992
86   4448   3.72455
87   4448.21   3.68769
88   4448.48   3.65583
89   4448.33   3.61753
90   4448.14   3.58244
91   4447.34   3.63123
92   4447.73   3.61216
93   4447.56   3.57697
94   4447.66   3.53999
95   4447.59   3.50316
96   4447.53   3.46694
97   4447.31   3.43859
98   4447.58   3.41434
99   4447.76   3.38475
100   4447.23   3.39336
