1   -894.892   0
2   -894.823   0.0690205
3   -894.828   0.0401677
4   -894.794   0.0436251
5   -894.845   0.0611338
6   -894.825   0.0539614
7   -894.843   0.0491752
8   -894.832   0.0441204
9   -894.83   0.0389549
10   -894.82   0.0360311
11   -894.804   0.0369576
12   -894.797   0.0341735
13   -894.797   0.031437
14   -894.802   0.029346
15   -894.818   0.0326578
16   -894.823   0.0309465
17   -894.823   0.0290718
18   -894.823   0.0274213
19   -894.835   0.0287553
20   -894.838   0.0274795
21   -894.843   0.0265642
22   -894.848   0.025643
23   -894.846   0.0245333
24   -894.836   0.0256183
25   -894.841   0.0252637
26   -894.85   0.025336
27   -894.851   0.0244972
28   -894.846   0.0241816
29   -894.836   0.0253537
30   -894.84   0.0248124
31   -894.85   0.0259361
32   -894.848   0.025187
33   -894.856   0.025616
34   -894.863   0.025583
35   -894.869   0.0261108
36   -894.881   0.0277887
37   -894.887   0.0277057
38   -894.896   0.0281329
39   -894.894   0.0274454
40   -894.9   0.0273747
41   -894.896   0.026967
42   -894.889   0.0270956
43   -894.891   0.0264926
44   -894.894   0.0260637
45   -894.892   0.0255766
46   -894.896   0.0254366
47   -894.894   0.0250123
48   -894.894   0.0244878
49   -894.894   0.0239834
50   -894.896   0.0235281
51   -894.896   0.0230912
52   -894.891   0.0233623
53   -894.884   0.0236659
54   -894.886   0.0232854
55   -894.887   0.0228685
56   -894.887   0.0224673
57   -894.892   0.0224418
58   -894.891   0.0220667
59   -894.889   0.0217807
60   -894.887   0.0214658
61   -894.886   0.0212078
62   -894.889   0.0212391
63   -894.886   0.0211686
64   -894.884   0.0209254
65   -894.882   0.020613
66   -894.884   0.0202986
67   -894.886   0.0200992
68   -894.884   0.019822
69   -894.884   0.0195509
70   -894.882   0.0193372
71   -894.884   0.0192119
72   -894.887   0.0191216
73   -894.886   0.0189304
74   -894.889   0.0190657
75   -894.889   0.018822
76   -894.889   0.0185887
77   -894.891   0.0183903
78   -894.891   0.0181737
79   -894.891   0.0179619
80   -894.894   0.0181448
81   -894.897   0.0181956
82   -894.896   0.0180989
83   -894.892   0.0181961
84   -894.894   0.0180725
85   -894.892   0.0179565
86   -894.896   0.0179613
87   -894.897   0.017832
88   -894.896   0.0176649
89   -894.894   0.0176061
90   -894.896   0.0176717
91   -894.899   0.0176674
92   -894.899   0.0174767
93   -894.9   0.0173309
94   -894.9   0.0171455
95   -894.902   0.0170598
96   -894.902   0.0168859
97   -894.904   0.0167246
98   -894.9   0.0167728
99   -894.9   0.0166145
100   -894.9   0.0164763
