1   -1092.41   0
2   -1091.57   0.841582
3   -1092.68   1.20817
4   -1092.44   0.886177
5   -1092.41   0.68705
6   -1092.89   0.735045
7   -1092.86   0.621957
8   -1092.76   0.547849
9   -1092.81   0.485763
10   -1092.53   0.51743
11   -1092.47   0.471343
12   -1092.52   0.432994
13   -1092.64   0.416357
14   -1092.68   0.387232
15   -1092.69   0.360948
16   -1092.66   0.339257
17   -1092.61   0.323552
18   -1092.64   0.307152
19   -1092.7   0.29707
20   -1092.7   0.281886
21   -1092.82   0.292975
22   -1092.67   0.313412
23   -1092.78   0.318048
24   -1092.77   0.304689
25   -1092.76   0.292386
26   -1092.71   0.285586
27   -1092.63   0.287431
28   -1092.74   0.298044
29   -1092.49   0.375924
30   -1092.52   0.364021
31   -1092.66   0.379432
32   -1092.56   0.381828
33   -1092.57   0.370578
34   -1092.69   0.376583
35   -1092.76   0.373625
36   -1092.72   0.366171
37   -1092.8   0.36523
38   -1092.79   0.3555
39   -1092.75   0.34862
40   -1092.79   0.341371
41   -1092.83   0.335132
42   -1092.74   0.338985
43   -1092.74   0.331011
44   -1092.76   0.324664
45   -1092.76   0.317412
46   -1092.76   0.310457
47   -1092.74   0.304832
48   -1092.72   0.298951
49   -1092.77   0.297335
50   -1092.78   0.2915
51   -1092.8   0.286183
52   -1092.78   0.281011
53   -1092.75   0.277831
54   -1092.73   0.273226
55   -1092.73   0.268214
56   -1092.68   0.268056
57   -1092.71   0.264808
58   -1092.7   0.260268
59   -1092.71   0.255892
60   -1092.77   0.258561
61   -1092.71   0.260717
62   -1092.72   0.256575
63   -1092.73   0.252658
64   -1092.67   0.255189
65   -1092.69   0.251874
66   -1092.68   0.248117
67   -1092.66   0.24531
68   -1092.71   0.247048
69   -1092.69   0.244386
70   -1092.71   0.241777
71   -1092.76   0.243496
72   -1092.75   0.24047
73   -1092.72   0.239245
74   -1092.72   0.236067
75   -1092.75   0.235064
76   -1092.73   0.232862
77   -1092.8   0.239594
78   -1092.79   0.236911
79   -1092.74   0.238441
80   -1092.78   0.238927
81   -1092.8   0.23685
82   -1092.76   0.237513
83   -1092.75   0.234748
84   -1092.79   0.235484
85   -1092.76   0.235064
86   -1092.79   0.233921
87   -1092.79   0.231219
88   -1092.77   0.229303
89   -1092.78   0.226837
90   -1092.79   0.224567
91   -1092.83   0.2264
92   -1092.8   0.225557
93   -1092.82   0.223593
94   -1092.82   0.221243
95   -1092.82   0.219047
96   -1092.83   0.216933
97   -1092.85   0.215048
98   -1092.82   0.214153
99   -1092.8   0.212613
100   -1092.84   0.212669
