1   659.711   0
2   699.582   39.8686
3   718.028   29.4978
4   724.468   21.8293
5   712.961   20.4531
6   717.966   17.4338
7   735.671   23.0373
8   740.697   20.5735
9   745.24   18.7042
10   742.527   16.9477
11   726.565   22.1317
12   729.286   20.3857
13   718.615   21.577
14   711.946   21.0594
15   705.203   20.7332
16   704.329   19.4137
17   698.825   19.0491
18   698.846   17.9597
19   702.411   17.3582
20   701.404   16.4982
21   702.361   15.7219
22   702.969   15.0026
23   704.396   14.4061
24   703.127   13.851
25   698.929   13.9321
26   692.285   14.9443
27   686.956   15.3361
28   682.879   15.3301
29   685.205   14.9736
30   685.904   14.4828
31   684.003   14.1358
32   685.741   13.7967
33   687.589   13.499
34   687.069   13.1062
35   690.796   13.2607
36   691.466   12.9044
37   690.65   12.5772
38   689.14   12.3343
39   687.43   12.1351
40   686.657   11.853
41   685.983   11.58
42   684.048   11.4656
43   683.745   11.1999
44   683.424   10.9471
45   683.715   10.7051
46   681.91   10.6248
47   682.834   10.4374
48   682.139   10.2413
49   686.707   11.0208
50   686.915   10.8002
51   686.752   10.5876
52   685.005   10.5276
53   686.062   10.3808
54   688.683   10.5181
55   688.728   10.3252
56   691.349   10.4731
57   691.907   10.3028
58   690.101   10.2836
59   690.472   10.1146
60   689.64   9.97906
61   689.889   9.81727
62   688.924   9.70586
63   689.785   9.58951
64   688.516   9.52336
65   689.124   9.39531
66   689.311   9.2537
67   690.405   9.17994
68   691.141   9.07415
69   691.183   8.94177
70   690.879   8.81834
71   690.467   8.70298
72   689.877   8.6016
73   689.644   8.48619
74   689.902   8.37483
75   690.259   8.26999
76   688.916   8.27041
77   688.978   8.16258
78   689.124   8.05853
79   688.708   7.96676
80   688.267   7.87906
81   686.561   7.96572
82   684.997   8.02171
83   685.246   7.92836
84   683.507   8.02392
85   682.929   7.95008
86   684.36   7.98644
87   683.27   7.96884
88   682.846   7.88925
89   682.072   7.83817
90   680.683   7.87449
91   681.386   7.81932
92   683.133   7.92878
93   683.349   7.84595
94   681.972   7.88285
95   680.691   7.90431
96   680.225   7.83538
97   679.501   7.78766
98   678.212   7.81495
99   679.892   7.91588
100   680.254   7.84458
