1   124.681   0
2   123.114   1.56727
3   121.066   2.23921
4   120.088   1.86115
5   119.903   1.45339
6   119.421   1.28088
7   118.853   1.22269
8   118.32   1.18518
9   118.078   1.07304
10   118.059   0.959942
11   118.398   0.932323
12   118.083   0.907564
13   118.259   0.853242
14   118.348   0.794932
15   118.296   0.741888
16   118.279   0.694186
17   118.445   0.673057
18   118.341   0.643038
19   118.137   0.64176
20   118.096   0.610177
21   117.996   0.589044
22   117.911   0.567988
23   117.777   0.559034
24   117.759   0.535525
25   117.879   0.527464
26   118.067   0.540649
27   118.319   0.577993
28   118.48   0.579847
29   118.379   0.568573
30   118.326   0.551893
31   118.396   0.538363
32   118.27   0.536117
33   118.149   0.533526
34   118.166   0.517849
35   118   0.529361
36   117.929   0.519304
37   117.935   0.505109
38   118.016   0.498254
39   118.066   0.487883
40   118.053   0.475709
41   118.055   0.463964
42   118.099   0.454918
43   118.108   0.444304
44   118.135   0.434944
45   118.109   0.425951
46   118.196   0.42564
47   118.194   0.416492
48   118.252   0.411898
49   118.156   0.414692
50   118.154   0.40632
51   118.148   0.398328
52   118.212   0.395957
53   118.218   0.388454
54   118.171   0.384067
55   118.14   0.378334
56   118.024   0.389141
57   118.013   0.382409
58   118.021   0.375836
59   118.002   0.369894
60   118.02   0.364124
61   118.041   0.358714
62   118.061   0.353436
63   118.023   0.349835
64   118.073   0.347916
65   118.037   0.3444
66   118.017   0.33973
67   117.92   0.348307
68   117.855   0.349229
69   117.79   0.350228
70   117.787   0.345202
71   117.787   0.340304
72   117.776   0.33573
73   117.777   0.3311
74   117.768   0.326726
75   117.74   0.323525
76   117.774   0.320972
77   117.763   0.316958
78   117.776   0.313138
79   117.785   0.309292
80   117.811   0.306521
81   117.873   0.308884
82   117.9   0.306314
83   117.875   0.303601
84   117.913   0.302263
85   117.929   0.299128
86   117.91   0.296234
87   117.944   0.294798
88   117.988   0.294764
89   118.023   0.293491
90   118.08   0.295834
91   118.074   0.292639
92   118.023   0.293906
93   118.012   0.290945
94   118.045   0.289759
95   118.08   0.288864
96   118.082   0.285842
97   118.126   0.286294
98   118.196   0.291952
99   118.167   0.29042
100   118.157   0.287698
