1   -5.25853   0
2   -5.55438   4.81933
3   -5.65192   3.77308
4   -5.69964   3.18959
5   -5.7286   2.80889
6   -5.7483   2.53665
7   -5.7624   2.32987
8   -5.77317   2.16619
9   -5.78126   2.03238
10   -5.78791   1.92053
11   -5.79283   1.82505
12   -5.79701   1.74247
13   -5.80073   1.67018
14   -5.80412   1.60621
15   -5.80695   1.54902
16   -5.8094   1.4975
17   -5.81142   1.45075
18   -5.81332   1.40814
19   -5.81483   1.36902
20   -5.8163   1.333
21   -5.81776   1.29972
22   -5.81906   1.26879
23   -5.82018   1.23996
24   -5.82129   1.21301
25   -5.8222   1.18773
26   -5.82306   1.16397
27   -5.82393   1.14159
28   -5.82467   1.12044
29   -5.82537   1.10042
30   -5.82613   1.08146
31   -5.82672   1.06342
32   -5.82738   1.04628
33   -5.82787   1.02991
34   -5.82852   1.01432
35   -5.82906   0.999408
36   -5.82947   0.985115
37   -5.82977   0.971404
38   -5.8302   0.958272
39   -5.83067   0.945669
40   -5.83111   0.933548
41   -5.83141   0.921864
42   -5.83168   0.910605
43   -5.8319   0.899743
44   -5.83217   0.889268
45   -5.83247   0.879157
46   -5.83277   0.869386
47   -5.83302   0.859927
48   -5.83322   0.850767
49   -5.83345   0.841896
50   -5.83369   0.833301
51   -5.83395   0.824966
52   -5.8342   0.816878
53   -5.83442   0.809021
54   -5.83462   0.801383
55   -5.8348   0.793956
56   -5.835   0.786736
57   -5.83516   0.779704
58   -5.83537   0.772865
59   -5.83555   0.7662
60   -5.8357   0.759701
61   -5.83585   0.753366
62   -5.83604   0.747192
63   -5.83616   0.741158
64   -5.83643   0.735288
65   -5.83658   0.729542
66   -5.83673   0.723929
67   -5.83688   0.718443
68   -5.83704   0.713083
69   -5.83716   0.707837
70   -5.83733   0.70271
71   -5.83746   0.69769
72   -5.83755   0.692771
73   -5.83766   0.687957
74   -5.83769   0.683233
75   -5.83779   0.678614
76   -5.83789   0.674087
77   -5.83801   0.669653
78   -5.83809   0.6653
79   -5.83822   0.661037
80   -5.83835   0.656856
81   -5.8384   0.652744
82   -5.83847   0.648711
83   -5.83854   0.64475
84   -5.83862   0.640864
85   -5.83872   0.63705
86   -5.83876   0.633296
87   -5.83881   0.629609
88   -5.83885   0.625986
89   -5.83892   0.622427
90   -5.839   0.618929
91   -5.83908   0.61549
92   -5.83917   0.612108
93   -5.83926   0.608783
94   -5.83933   0.605509
95   -5.83937   0.602283
96   -5.83943   0.599112
97   -5.8395   0.59599
98   -5.83953   0.592914
99   -5.83963   0.589891
100   -5.83971   0.586913
