1   7.49793   0
2   8.07207   7.01416
3   8.29727   5.54601
4   8.35017   4.67678
5   8.44047   4.14198
6   8.40834   3.71308
7   8.36335   3.3838
8   8.36615   3.14094
9   8.3983   2.95404
10   8.4318   2.7994
11   8.4259   2.65596
12   8.42982   2.53502
13   8.44312   2.43206
14   8.42638   2.3329
15   8.40521   2.24312
16   8.44275   2.17753
17   8.47059   2.11588
18   8.47064   2.05299
19   8.44912   1.99043
20   8.45404   1.93866
21   8.43921   1.88647
22   8.44972   1.84344
23   8.44897   1.80099
24   8.44545   1.76075
25   8.45435   1.72559
26   8.45345   1.6906
27   8.44057   1.65534
28   8.44426   1.62515
29   8.45514   1.59799
30   8.44704   1.56874
31   8.4545   1.54377
32   8.45809   1.51933
33   8.44784   1.49365
34   8.44685   1.47068
35   8.4383   1.44746
36   8.44839   1.42838
37   8.45239   1.40908
38   8.46324   1.39174
39   8.45744   1.37238
40   8.4574   1.35466
41   8.45212   1.3368
42   8.45411   1.32071
43   8.4662   1.30681
44   8.46116   1.29076
45   8.45832   1.27558
46   8.46148   1.2618
47   8.45997   1.24779
48   8.46091   1.23458
49   8.46281   1.22192
50   8.45703   1.20857
51   8.46246   1.1972
52   8.46183   1.18531
53   8.4552   1.17296
54   8.46443   1.16314
55   8.46517   1.15242
56   8.46665   1.14209
57   8.46306   1.13136
58   8.46817   1.12208
59   8.46015   1.11134
60   8.46602   1.10265
61   8.46717   1.09357
62   8.45812   1.08344
63   8.46905   1.07611
64   8.46615   1.06717
65   8.4592   1.05794
66   8.46129   1.05003
67   8.46552   1.04257
68   8.46317   1.03447
69   8.46303   1.02681
70   8.46327   1.01936
71   8.46005   1.01167
72   8.46384   1.00497
73   8.45972   0.997488
74   8.46086   0.99076
75   8.46658   0.984719
76   8.46494   0.977939
77   8.46397   0.971369
78   8.46322   0.964949
79   8.46308   0.958723
80   8.45767   0.952039
81   8.46212   0.946572
82   8.46444   0.940967
83   8.46999   0.935836
84   8.46734   0.929889
85   8.46102   0.923665
86   8.46212   0.918331
87   8.46304   0.913071
88   8.46759   0.908302
89   8.46896   0.903269
90   8.47088   0.898381
91   8.4696   0.893237
92   8.47135   0.888497
93   8.46943   0.883452
94   8.46509   0.878246
95   8.46699   0.873756
96   8.46512   0.868951
97   8.46566   0.864465
98   8.46687   0.860117
99   8.46702   0.855728
100   8.46334   0.85103
