1   -6.18594   0
2   -6.50288   5.64057
3   -6.60049   4.40521
4   -6.65834   3.72546
5   -6.68323   3.27647
6   -6.7176   2.96413
7   -6.74584   2.72739
8   -6.76055   2.53658
9   -6.76654   2.37867
10   -6.76918   2.24606
11   -6.77703   2.13507
12   -6.78217   2.03854
13   -6.78493   1.9535
14   -6.79216   1.8796
15   -6.80025   1.81396
16   -6.79708   1.75208
17   -6.795   1.69628
18   -6.79775   1.64658
19   -6.80373   1.60184
20   -6.80475   1.55954
21   -6.80926   1.52123
22   -6.80959   1.48477
23   -6.81166   1.45119
24   -6.8137   1.41982
25   -6.81354   1.38997
26   -6.81487   1.36223
27   -6.81834   1.33652
28   -6.81887   1.31169
29   -6.81815   1.28797
30   -6.82067   1.26608
31   -6.82013   1.24474
32   -6.82027   1.22455
33   -6.82296   1.20578
34   -6.82405   1.18758
35   -6.82632   1.1704
36   -6.82514   1.15338
37   -6.82494   1.13724
38   -6.8238   1.12159
39   -6.82549   1.10703
40   -6.82622   1.09287
41   -6.82774   1.07938
42   -6.82783   1.06616
43   -6.82606   1.05313
44   -6.82741   1.04103
45   -6.82842   1.0293
46   -6.82825   1.01778
47   -6.82888   1.00675
48   -6.8291   0.996026
49   -6.82912   0.985605
50   -6.83036   0.97568
51   -6.82971   0.965787
52   -6.83015   0.956338
53   -6.83171   0.947321
54   -6.83051   0.93818
55   -6.83074   0.929489
56   -6.83067   0.920994
57   -6.83163   0.912866
58   -6.83098   0.904741
59   -6.83265   0.897131
60   -6.83188   0.889399
61   -6.83192   0.881964
62   -6.83379   0.874948
63   -6.83217   0.867662
64   -6.83295   0.860848
65   -6.83451   0.854295
66   -6.83448   0.847696
67   -6.83399   0.841191
68   -6.83466   0.834973
69   -6.83491   0.828843
70   -6.83501   0.822828
71   -6.83582   0.817029
72   -6.83539   0.811205
73   -6.8363   0.805661
74   -6.83627   0.800121
75   -6.83538   0.794594
76   -6.83573   0.789321
77   -6.83612   0.784156
78   -6.83642   0.779083
79   -6.83652   0.774085
80   -6.83764   0.769298
81   -6.83698   0.764401
82   -6.83665   0.759632
83   -6.83578   0.754892
84   -6.8364   0.750399
85   -6.83769   0.746061
86   -6.83768   0.741659
87   -6.83766   0.737332
88   -6.83696   0.733009
89   -6.83685   0.728821
90   -6.83662   0.724691
91   -6.83701   0.720695
92   -6.83691   0.716714
93   -6.83735   0.712854
94   -6.83818   0.709099
95   -6.83793   0.705291
96   -6.83834   0.701612
97   -6.83833   0.697947
98   -6.83826   0.694333
99   -6.83844   0.6908
100   -6.8393   0.687389
