1   0.92741   0
2   0.948495   0.821691
3   0.948572   0.632499
4   0.958702   0.536095
5   0.954632   0.467803
6   0.969297   0.427767
7   0.983438   0.397887
8   0.98738   0.370705
9   0.985281   0.346563
10   0.981266   0.325789
11   0.984203   0.31025
12   0.985166   0.296274
13   0.984196   0.28351
14   0.988042   0.273573
15   0.993301   0.265147
16   0.98768   0.254824
17   0.983582   0.245783
18   0.98443   0.238679
19   0.9889   0.23307
20   0.988453   0.226767
21   0.991498   0.221738
22   0.990528   0.216194
23   0.991476   0.211435
24   0.992417   0.206991
25   0.991341   0.202421
26   0.991809   0.198429
27   0.994411   0.195105
28   0.994198   0.191418
29   0.992786   0.187709
30   0.994535   0.184777
31   0.993404   0.181469
32   0.992893   0.178427
33   0.995088   0.176018
34   0.995527   0.173406
35   0.997259   0.171142
36   0.995666   0.168416
37   0.995168   0.165977
38   0.993593   0.163466
39   0.994818   0.161503
40   0.995113   0.159464
41   0.996331   0.157654
42   0.996152   0.15569
43   0.994153   0.153528
44   0.995238   0.1519
45   0.995954   0.150271
46   0.995489   0.148522
47   0.995863   0.146952
48   0.99588   0.145381
49   0.99567   0.143827
50   0.996673   0.142497
51   0.995762   0.140937
52   0.99595   0.139573
53   0.997289   0.138415
54   0.995889   0.136916
55   0.995943   0.135648
56   0.995665   0.134371
57   0.996467   0.133273
58   0.995612   0.131987
59   0.997098   0.131046
60   0.99618   0.129813
61   0.996068   0.128711
62   0.997746   0.127875
63   0.996012   0.12663
64   0.996519   0.125684
65   0.99793   0.12488
66   0.997748   0.123892
67   0.99711   0.122871
68   0.997616   0.122012
69   0.997744   0.121125
70   0.99768   0.120235
71   0.99836   0.119454
72   0.997843   0.118548
73   0.998644   0.117818
74   0.998581   0.116999
75   0.99759   0.116094
76   0.997844   0.115345
77   0.998107   0.114613
78   0.998339   0.113891
79   0.998304   0.113153
80   0.999293   0.112549
81   0.998576   0.111764
82   0.998178   0.111027
83   0.997249   0.110248
84   0.997784   0.109641
85   0.99897   0.109121
86   0.998927   0.108471
87   0.998847   0.107829
88   0.998108   0.107129
89   0.997931   0.106499
90   0.997622   0.105865
91   0.997931   0.105307
92   0.997743   0.104706
93   0.998085   0.104171
94   0.998847   0.10369
95   0.998563   0.103107
96   0.99891   0.102598
97   0.998831   0.102053
98   0.998726   0.101514
99   0.998808   0.101002
100   0.999586   0.10057
