1   0.618273   0
2   0.63233   0.547794
3   0.632382   0.421666
4   0.639134   0.357397
5   0.636421   0.311869
6   0.646198   0.285178
7   0.655625   0.265258
8   0.658253   0.247137
9   0.656854   0.231042
10   0.654177   0.217193
11   0.656135   0.206833
12   0.656777   0.197516
13   0.65613   0.189007
14   0.658695   0.182382
15   0.6622   0.176764
16   0.658453   0.169883
17   0.655721   0.163855
18   0.656287   0.159119
19   0.659267   0.15538
20   0.658968   0.151178
21   0.660999   0.147825
22   0.660352   0.14413
23   0.660984   0.140956
24   0.661611   0.137994
25   0.660894   0.134947
26   0.661206   0.132286
27   0.662941   0.13007
28   0.662799   0.127612
29   0.661857   0.125139
30   0.663024   0.123185
31   0.662269   0.120979
32   0.661929   0.118951
33   0.663392   0.117345
34   0.663685   0.115604
35   0.66484   0.114094
36   0.663777   0.112278
37   0.663445   0.110651
38   0.662395   0.108978
39   0.663212   0.107668
40   0.663408   0.10631
41   0.664221   0.105103
42   0.664101   0.103793
43   0.662769   0.102352
44   0.663492   0.101267
45   0.663969   0.100181
46   0.663659   0.0990145
47   0.663909   0.0979682
48   0.66392   0.0969208
49   0.66378   0.0958847
50   0.664448   0.0949978
51   0.663842   0.0939582
52   0.663967   0.0930489
53   0.66486   0.0922768
54   0.663926   0.0912776
55   0.663962   0.0904323
56   0.663777   0.0895805
57   0.664312   0.088849
58   0.663741   0.0879915
59   0.664732   0.0873641
60   0.66412   0.086542
61   0.664045   0.0858071
62   0.665164   0.0852501
63   0.664008   0.08442
64   0.664346   0.0837893
65   0.665287   0.0832536
66   0.665165   0.0825945
67   0.66474   0.0819141
68   0.665077   0.0813411
69   0.665163   0.08075
70   0.66512   0.0801565
71   0.665574   0.0796363
72   0.665229   0.0790323
73   0.665763   0.0785452
74   0.665721   0.0779994
75   0.66506   0.0773957
76   0.66523   0.0768967
77   0.665405   0.0764084
78   0.665559   0.0759274
79   0.665536   0.0754356
80   0.666196   0.0750327
81   0.665717   0.0745095
82   0.665452   0.0740183
83   0.664833   0.073499
84   0.665189   0.073094
85   0.66598   0.0727472
86   0.665951   0.072314
87   0.665898   0.0718857
88   0.665406   0.0714195
89   0.665287   0.0709992
90   0.665081   0.0705769
91   0.665287   0.0702049
92   0.665162   0.0698043
93   0.66539   0.0694472
94   0.665898   0.0691266
95   0.665708   0.0687378
96   0.66594   0.0683985
97   0.665887   0.0680352
98   0.665818   0.0676759
99   0.665872   0.0673345
100   0.66639   0.067047
