1.67145
1.67149
1.6716
1.67151
1.67156
1.6715
1.6716
1.67145
1.67146
1.6715
1.6714
1.67158
1.67147
1.67151
1.6715
1.67153
1.67142
1.67143
1.67165
1.67143
1.67153
1.67158
1.67153
1.67156
1.6715
1.67153
1.67134
1.67154
1.67156
1.67143
1.67153
1.67156
1.67152
1.6717
1.67147
1.67134
1.67155
1.67153
1.67147
1.67134
1.67133
1.67135
1.67135
1.67141
1.67153
1.67125
1.67148
1.6715
1.67143
1.67162
1.67139
1.67156
1.67145
1.67145
1.67147
1.67144
1.67146
1.67145
1.67157
1.67155
1.6715
1.67141
1.67134
1.67138
1.67163
1.67127
1.67136
1.67143
1.67131
1.67134
1.67132
1.67126
1.67152
1.67136
1.67136
1.67139
1.67142
1.6716
1.67142
1.67152
1.67158
1.67151
1.67148
1.67148
1.67151
1.67149
1.6715
1.67148
1.67159
1.67148
1.67159
1.67134
1.67141
1.67145
1.67136
1.67131
1.67145
1.67133
1.67139
1.67143
