1.8862
1.95937
1.96769
1.98069
1.97124
1.96094
1.95887
1.95976
1.9845
1.98292
2.01598
2.01496
2.00216
2.01376
2.02092
2.01074
2.05137
2.08657
2.0691
2.02092
2.03955
2.01508
2.00069
1.99563
1.99653
1.974
2.00637
2.01134
1.99496
2.00702
2.03563
2.04627
2.0841
2.06813
2.05045
2.07981
2.11007
2.08344
2.0434
2.02121
2.06537
2.07678
2.09799
2.1267
2.10689
2.1264
2.12893
2.07077
2.09506
2.09486
2.0575
2.04007
2.03939
2.03331
2.0314
2.04842
2.04725
2.06504
2.05628
2.04652
2.01814
2.01303
2.05267
2.09673
2.07527
2.05413
2.0774
2.04665
2.01767
2.05288
2.06528
2.06712
2.03424
1.99672
2.02124
2.06523
2.09775
2.07119
2.02849
2.01672
2.00345
2.00782
2.01673
2.02438
2.02428
2.00572
1.99992
2.00996
2.00799
1.98937
2.00293
2.05796
2.07237
2.01405
2.01422
2.03326
2.03959
2.03652
2.04291
2.0649
