0.0663734
0.0514624
0.0601692
0.05151
0.0478621
0.0549188
0.0464309
0.049251
0.0526342
0.0563197
0.0484075
0.0561994
0.0421686
0.0548819
0.0546726
0.0576496
0.0445281
0.0606586
0.0532683
0.0686843
0.0513279
0.0526168
0.0515361
0.0522512
0.0507379
0.0554744
0.0487297
0.0518239
0.0412897
0.051025
0.0516142
0.0460385
0.0470604
0.05884
0.0517929
0.0549583
0.0543362
0.0574196
0.0517765
0.0449004
0.0487142
0.0521911
0.0455588
0.050855
0.0528039
0.0560427
0.0491875
0.0495611
0.04591
0.0576286
0.0450587
0.0538758
0.049704
0.0507014
0.048405
0.042219
0.0491566
0.0512882
0.0565941
0.0521701
0.0476115
0.0454339
0.0490768
0.0598474
0.0517105
0.048312
0.0551454
0.0447042
0.0557766
0.042014
0.0504158
0.0557976
0.0488384
0.0554665
0.0464373
0.0514557
0.0570729
0.047745
0.0515683
0.0482434
0.0547081
0.04587
0.0514734
0.0615802
0.0517869
0.0535017
0.0561036
0.0515089
0.0530124
0.0508143
0.0506842
0.0561802
0.0588555
0.0523771
0.0474225
0.0525808
0.0566186
0.0519312
0.0501384
0.0524349
