1.25747
1.30625
1.31179
1.32046
1.31416
1.30729
1.30591
1.30651
1.323
1.32195
1.34399
1.34331
1.33477
1.34251
1.34728
1.34049
1.36758
1.39105
1.3794
1.34728
1.3597
1.34339
1.33379
1.33042
1.33102
1.316
1.33758
1.34089
1.32997
1.33801
1.35709
1.36418
1.3894
1.37876
1.36697
1.38654
1.40671
1.38896
1.36227
1.34748
1.37692
1.38452
1.39866
1.4178
1.40459
1.4176
1.41929
1.38051
1.39671
1.39657
1.37166
1.36005
1.35959
1.35554
1.35426
1.36561
1.36483
1.37669
1.37085
1.36435
1.34543
1.34202
1.36845
1.39782
1.38351
1.36942
1.38493
1.36443
1.34511
1.36859
1.37685
1.37808
1.35616
1.33114
1.34749
1.37682
1.3985
1.38079
1.35233
1.34448
1.33563
1.33854
1.34449
1.34959
1.34952
1.33715
1.33328
1.33997
1.33866
1.32625
1.33528
1.37198
1.38158
1.3427
1.34281
1.35551
1.35972
1.35768
1.36194
1.3766
