-0.214758
-0.287885
-0.296096
-0.309177
-0.299678
-0.289437
-0.287266
-0.288311
-0.313041
-0.311421
-0.344585
-0.343384
-0.330689
-0.342246
-0.349424
-0.339212
-0.379955
-0.415138
-0.397457
-0.349493
-0.368011
-0.343504
-0.329163
-0.32407
-0.325024
-0.302467
-0.335027
-0.339792
-0.323402
-0.335591
-0.364105
-0.374713
-0.412585
-0.396429
-0.378978
-0.408469
-0.438521
-0.411911
-0.371927
-0.349877
-0.394042
-0.405431
-0.426639
-0.45529
-0.435353
-0.455155
-0.457449
-0.399269
-0.423635
-0.423242
-0.386106
-0.368511
-0.367939
-0.361866
-0.359925
-0.376979
-0.375789
-0.393586
-0.384709
-0.374969
-0.346644
-0.341627
-0.381325
-0.42535
-0.403632
-0.382867
-0.406042
-0.375227
-0.346364
-0.381539
-0.393951
-0.395862
-0.362722
-0.325354
-0.349879
-0.393841
-0.426331
-0.399585
-0.357076
-0.345198
-0.331872
-0.336306
-0.345245
-0.3529
-0.352762
-0.33423
-0.328425
-0.338477
-0.336408
-0.317891
-0.331332
-0.386624
-0.400954
-0.342601
-0.342863
-0.361954
-0.368139
-0.365192
-0.371516
-0.393463
