1   144.527   0
2   143.962   0.565289
3   144.768   0.86928
4   144.619   0.632267
5   144.56   0.49325
6   144.924   0.541879
7   144.888   0.459347
8   144.823   0.403048
9   144.862   0.357493
10   144.662   0.376564
11   144.635   0.341767
12   144.674   0.314471
13   144.763   0.302657
14   144.787   0.281252
15   144.787   0.261832
16   144.76   0.2465
17   144.719   0.235091
18   144.745   0.223267
19   144.782   0.214279
20   144.775   0.203393
21   144.858   0.210491
22   144.751   0.227398
23   144.83   0.231289
24   144.83   0.221443
25   144.82   0.21268
26   144.776   0.208801
27   144.713   0.210685
28   144.797   0.219856
29   144.628   0.271784
30   144.643   0.26301
31   144.739   0.272002
32   144.665   0.273754
33   144.673   0.265463
34   144.75   0.268966
35   144.8   0.265957
36   144.757   0.262004
37   144.812   0.260651
38   144.804   0.25382
39   144.776   0.248862
40   144.796   0.243361
41   144.827   0.23934
42   144.766   0.24128
43   144.764   0.235612
44   144.782   0.230952
45   144.78   0.225773
46   144.78   0.220811
47   144.763   0.216707
48   144.75   0.212533
49   144.788   0.211558
50   144.794   0.207384
51   144.805   0.203573
52   144.799   0.199727
53   144.778   0.197051
54   144.763   0.1939
55   144.763   0.190342
56   144.727   0.190536
57   144.744   0.187988
58   144.74   0.184756
59   144.746   0.181694
60   144.791   0.184152
61   144.75   0.185609
62   144.752   0.182604
63   144.762   0.17994
64   144.722   0.181674
65   144.736   0.17938
66   144.731   0.17671
67   144.714   0.174887
68   144.752   0.176471
69   144.737   0.174547
70   144.754   0.172824
71   144.788   0.17387
72   144.776   0.171844
73   144.755   0.170881
74   144.756   0.168563
75   144.78   0.167994
76   144.764   0.166505
77   144.812   0.171372
78   144.802   0.169506
79   144.768   0.170628
80   144.796   0.170622
81   144.808   0.168982
82   144.78   0.169315
83   144.776   0.167287
84   144.805   0.167714
85   144.782   0.167315
86   144.8   0.166334
87   144.798   0.164422
88   144.786   0.163024
89   144.793   0.16134
90   144.799   0.15964
91   144.829   0.160756
92   144.809   0.160255
93   144.818   0.158822
94   144.816   0.157154
95   144.821   0.155557
96   144.827   0.154052
97   144.835   0.152701
98   144.82   0.151909
99   144.809   0.15081
100   144.83   0.150845
