1   -654.799   0
2   -654.749   0.0505028
3   -654.752   0.029391
4   -654.727   0.0319208
5   -654.764   0.044732
6   -654.75   0.039484
7   -654.763   0.0359819
8   -654.755   0.0322832
9   -654.754   0.0285036
10   -654.746   0.0263642
11   -654.734   0.0270421
12   -654.73   0.025005
13   -654.73   0.0230027
14   -654.733   0.0214727
15   -654.745   0.023896
16   -654.749   0.0226438
17   -654.749   0.021272
18   -654.749   0.0200644
19   -654.757   0.0210404
20   -654.76   0.020107
21   -654.763   0.0194372
22   -654.767   0.0187632
23   -654.766   0.0179512
24   -654.758   0.0187451
25   -654.762   0.0184856
26   -654.768   0.0185386
27   -654.769   0.0179248
28   -654.766   0.0176939
29   -654.758   0.0185515
30   -654.761   0.0181554
31   -654.768   0.0189776
32   -654.767   0.0184295
33   -654.773   0.0187434
34   -654.778   0.0187193
35   -654.782   0.0191054
36   -654.791   0.0203332
37   -654.796   0.0202724
38   -654.802   0.020585
39   -654.8   0.020082
40   -654.805   0.0200303
41   -654.802   0.019732
42   -654.797   0.019826
43   -654.798   0.0193848
44   -654.8   0.019071
45   -654.799   0.0187146
46   -654.802   0.0186121
47   -654.8   0.0183017
48   -654.8   0.0179179
49   -654.8   0.0175488
50   -654.802   0.0172157
51   -654.802   0.016896
52   -654.798   0.0170944
53   -654.793   0.0173165
54   -654.794   0.0170381
55   -654.796   0.016733
56   -654.796   0.0164395
57   -654.799   0.0164208
58   -654.798   0.0161464
59   -654.797   0.0159371
60   -654.796   0.0157067
61   -654.794   0.0155179
62   -654.797   0.0155408
63   -654.794   0.0154892
64   -654.793   0.0153113
65   -654.792   0.0150827
66   -654.793   0.0148526
67   -654.794   0.0147067
68   -654.793   0.0145039
69   -654.793   0.0143056
70   -654.792   0.0141492
71   -654.793   0.0140575
72   -654.796   0.0139914
73   -654.794   0.0138515
74   -654.797   0.0139505
75   -654.797   0.0137722
76   -654.797   0.0136015
77   -654.798   0.0134563
78   -654.798   0.0132978
79   -654.798   0.0131429
80   -654.8   0.0132767
81   -654.803   0.0133139
82   -654.802   0.0132431
83   -654.799   0.0133142
84   -654.8   0.0132238
85   -654.799   0.0131389
86   -654.802   0.0131424
87   -654.803   0.0130478
88   -654.802   0.0129256
89   -654.8   0.0128825
90   -654.802   0.0129305
91   -654.804   0.0129274
92   -654.804   0.0127878
93   -654.805   0.0126811
94   -654.805   0.0125455
95   -654.806   0.0124828
96   -654.806   0.0123556
97   -654.808   0.0122375
98   -654.805   0.0122728
99   -654.805   0.012157
100   -654.805   0.0120558
