1   4002.76   0
2   4014.85   12.0855
3   3998.09   18.145
4   3998.32   12.8325
5   3997.74   9.95743
6   3992.8   9.51125
7   3993.09   8.04393
8   3994.69   7.14542
9   3993.33   6.44564
10   3996.51   6.58422
11   3997.26   6.00305
12   3996.24   5.57522
13   3994.57   5.39275
14   3994.32   4.99866
15   3993.95   4.66914
16   3994.67   4.42702
17   3995.19   4.19055
18   3994.25   4.05946
19   3993.25   3.96812
20   3993.63   3.78318
21   3991.98   3.95624
22   3994.22   4.38255
23   3992.54   4.50851
24   3992.76   4.32193
25   3992.55   4.15065
26   3992.91   4.00426
27   3994.21   4.06515
28   3992.24   4.38413
29   3995.4   5.2818
30   3995.48   5.10329
31   3993.51   5.31442
32   3994.87   5.32132
33   3994.39   5.17938
34   3992.67   5.31105
35   3991.52   5.28376
36   3992.09   5.16657
37   3990.89   5.16673
38   3991.32   5.04738
39   3992.03   4.96746
40   3991.81   4.8469
41   3991.37   4.74772
42   3992.49   4.76711
43   3992.41   4.65558
44   3992.31   4.54962
45   3992.34   4.44748
46   3992.22   4.35134
47   3992.69   4.28291
48   3993.01   4.20474
49   3992.51   4.14708
50   3992.35   4.06662
51   3992.27   3.98682
52   3992.56   3.91993
53   3993.23   3.90268
54   3993.73   3.8622
55   3993.85   3.79316
56   3994.71   3.82297
57   3994.3   3.77736
58   3994.44   3.7142
59   3994.34   3.65212
60   3993.44   3.7008
61   3994.25   3.7293
62   3994.09   3.6722
63   3993.65   3.63956
64   3994.27   3.63372
65   3994.18   3.57836
66   3994.19   3.52372
67   3994.42   3.47832
68   3993.63   3.51674
69   3994.05   3.49174
70   3993.75   3.45533
71   3993.2   3.45059
72   3993.41   3.40916
73   3993.8   3.38385
74   3993.89   3.33917
75   3993.58   3.30914
76   3994   3.29299
77   3992.94   3.41857
78   3993.11   3.37849
79   3993.73   3.39318
80   3993.24   3.38569
81   3992.99   3.35318
82   3993.71   3.38881
83   3993.91   3.35375
84   3993.31   3.3683
85   3993.87   3.37585
86   3993.64   3.3441
87   3993.83   3.311
88   3994.08   3.28239
89   3993.95   3.248
90   3993.77   3.2165
91   3993.06   3.26031
92   3993.4   3.24319
93   3993.26   3.21159
94   3993.34   3.17839
95   3993.28   3.14532
96   3993.23   3.1128
97   3993.02   3.08734
98   3993.27   3.06558
99   3993.43   3.039
100   3992.96   3.04673
