1   -4.60446   0
2   -4.80159   4.16297
3   -4.88296   3.25831
4   -4.94037   2.76412
5   -4.9892   2.44629
6   -5.01816   2.21453
7   -5.0307   2.03409
8   -5.03336   1.88863
9   -5.03495   1.77003
10   -5.0393   1.67214
11   -5.04404   1.58915
12   -5.0415   1.51539
13   -5.03418   1.44949
14   -5.03891   1.39447
15   -5.04202   1.34499
16   -5.04156   1.29959
17   -5.04712   1.25998
18   -5.04725   1.2226
19   -5.04595   1.18802
20   -5.052   1.15788
21   -5.05085   1.12842
22   -5.05112   1.10138
23   -5.04623   1.07511
24   -5.04421   1.05113
25   -5.04824   1.02989
26   -5.04902   1.00929
27   -5.05429   0.99078
28   -5.05507   0.972449
29   -5.05912   0.955733
30   -5.06061   0.939417
31   -5.06367   0.924216
32   -5.06253   0.909008
33   -5.06156   0.894541
34   -5.06351   0.881242
35   -5.06652   0.868723
36   -5.06679   0.856283
37   -5.06755   0.844446
38   -5.06539   0.832617
39   -5.06443   0.821443
40   -5.06446   0.810858
41   -5.06317   0.800463
42   -5.06193   0.790456
43   -5.05982   0.780674
44   -5.05746   0.771192
45   -5.05768   0.762418
46   -5.05751   0.753879
47   -5.05625   0.74546
48   -5.05678   0.737568
49   -5.05618   0.729763
50   -5.05491   0.722101
51   -5.05421   0.714747
52   -5.05477   0.707787
53   -5.05579   0.701094
54   -5.05847   0.694824
55   -5.05867   0.68839
56   -5.0589   0.682136
57   -5.05951   0.676102
58   -5.05997   0.670209
59   -5.05888   0.664264
60   -5.06035   0.658806
61   -5.06069   0.653338
62   -5.06184   0.648111
63   -5.06135   0.642801
64   -5.05994   0.637504
65   -5.05999   0.632512
66   -5.06181   0.627856
67   -5.06179   0.62308
68   -5.06153   0.618382
69   -5.06141   0.613804
70   -5.06213   0.609428
71   -5.06056   0.604874
72   -5.0592   0.600441
73   -5.05807   0.596124
74   -5.06005   0.592263
75   -5.06164   0.588435
76   -5.06164   0.584499
77   -5.06229   0.580716
78   -5.06271   0.576981
79   -5.06252   0.573249
80   -5.06169   0.569517
81   -5.06095   0.565864
82   -5.06104   0.56237
83   -5.06098   0.558924
84   -5.061   0.555549
85   -5.06184   0.552325
86   -5.0623   0.549116
87   -5.06232   0.545917
88   -5.0631   0.542855
89   -5.06441   0.539902
90   -5.06529   0.536954
91   -5.06468   0.533899
92   -5.06369   0.530855
93   -5.06462   0.52806
94   -5.06634   0.525394
95   -5.06712   0.522672
96   -5.06779   0.519983
97   -5.06778   0.517267
98   -5.06725   0.51454
99   -5.06627   0.51181
100   -5.06556   0.509148
