1   1.67674   0
2   1.95758   1.71841
3   1.93571   1.3008
4   1.82881   1.0344
5   1.70445   0.852988
6   1.64843   0.742794
7   1.65171   0.679794
8   1.68942   0.644451
9   1.72402   0.615623
10   1.73737   0.584678
11   1.74712   0.557536
12   1.79435   0.54742
13   1.85758   0.545404
14   1.85925   0.52394
15   1.86244   0.505275
16   1.87711   0.491694
17   1.86041   0.471925
18   1.86657   0.45902
19   1.88512   0.450486
20   1.87837   0.436728
21   1.90397   0.431825
22   1.92427   0.426016
23   1.96519   0.42654
24   1.9911   0.422971
25   1.9867   0.412919
26   1.99347   0.405697
27   1.98044   0.395281
28   1.98352   0.388257
29   1.9723   0.379132
30   1.96922   0.371788
31   1.95821   0.363544
32   1.96348   0.358423
33   1.96814   0.353453
34   1.95917   0.346482
35   1.94631   0.339274
36   1.94682   0.334332
37   1.94624   0.329425
38   1.9564   0.326619
39   1.96102   0.32294
40   1.96351   0.319061
41   1.97216   0.316404
42   1.98042   0.313796
43   1.99344   0.312188
44   2.00606   0.310588
45   2.00555   0.306863
46   2.00864   0.303811
47   2.01743   0.301804
48   2.01905   0.298727
49   2.02571   0.296538
50   2.03392   0.294686
51   2.03724   0.292127
52   2.033   0.28862
53   2.0251   0.284789
54   2.00992   0.280373
55   2.00607   0.2772
56   2.00276   0.274176
57   1.99787   0.271047
58   1.99579   0.268327
59   2.00096   0.266656
60   1.99582   0.263715
61   1.99658   0.261544
62   1.9945   0.259077
63   1.99973   0.25763
64   2.00952   0.256922
65   2.01233   0.255213
66   2.00727   0.25262
67   2.00887   0.250845
68   2.00831   0.248848
69   2.00448   0.246534
70   1.99743   0.243957
71   2.00189   0.242727
72   2.00765   0.241707
73   2.0122   0.240548
74   2.00262   0.237938
75   1.99417   0.235462
76   1.99314   0.233725
77   1.98958   0.231762
78   1.98784   0.230019
79   1.98983   0.228727
80   1.99404   0.227738
81   1.99659   0.226564
82   1.99392   0.224845
83   1.99078   0.223112
84   1.98775   0.221418
85   1.98252   0.219559
86   1.98018   0.217989
87   1.97979   0.21664
88   1.97592   0.214982
89   1.96966   0.213157
90   1.96569   0.211544
91   1.96867   0.210662
92   1.97313   0.209975
93   1.96828   0.208356
94   1.95842   0.206429
95   1.95235   0.204767
96   1.94907   0.203347
97   1.95044   0.202393
98   1.95506   0.201828
99   1.96192   0.201562
100   1.96799   0.201199
