1   1.45237   0
2   1.47389   1.27661
3   1.49552   0.997325
4   1.52289   0.851946
5   1.55437   0.762551
6   1.57206   0.694219
7   1.57678   0.637916
8   1.57358   0.59075
9   1.57038   0.55233
10   1.57082   0.521452
11   1.57252   0.495623
12   1.56756   0.471376
13   1.55781   0.448817
14   1.56049   0.432104
15   1.56213   0.416937
16   1.56007   0.40236
17   1.56425   0.390717
18   1.56332   0.378879
19   1.56088   0.367681
20   1.56599   0.359115
21   1.56393   0.349595
22   1.56332   0.34106
23   1.55777   0.332101
24   1.55504   0.324258
25   1.55846   0.318155
26   1.55866   0.311776
27   1.56346   0.306706
28   1.5638   0.301041
29   1.5675   0.296341
30   1.56865   0.291405
31   1.57129   0.287002
32   1.56977   0.282066
33   1.56848   0.277399
34   1.57   0.273433
35   1.57278   0.269872
36   1.57281   0.265993
37   1.5734   0.26237
38   1.57104   0.258423
39   1.56983   0.254805
40   1.56976   0.251504
41   1.56834   0.248118
42   1.56697   0.244863
43   1.56477   0.2416
44   1.56231   0.238409
45   1.56236   0.23569
46   1.56201   0.233003
47   1.56048   0.230234
48   1.56077   0.227812
49   1.56002   0.225318
50   1.55861   0.222807
51   1.55778   0.22045
52   1.55818   0.218333
53   1.55898   0.216333
54   1.56151   0.214643
55   1.56164   0.212661
56   1.5618   0.21074
57   1.56238   0.208926
58   1.56284   0.207144
59   1.56166   0.205197
60   1.5631   0.203641
61   1.56344   0.201979
62   1.56454   0.200459
63   1.56398   0.198764
64   1.56249   0.196996
65   1.56243   0.195441
66   1.56415   0.194152
67   1.56407   0.192664
68   1.56374   0.191179
69   1.56356   0.189745
70   1.56425   0.188448
71   1.56269   0.186914
72   1.56127   0.185429
73   1.56004   0.183995
74   1.56194   0.18296
75   1.56346   0.181902
76   1.56341   0.180677
77   1.56394   0.179545
78   1.56427   0.178411
79   1.56401   0.177233
80   1.56314   0.17601
81   1.56234   0.174817
82   1.56238   0.173737
83   1.56225   0.172659
84   1.56219   0.171608
85   1.56294   0.170666
86   1.56329   0.169696
87   1.56325   0.1687
88   1.56395   0.167803
89   1.5652   0.166983
90   1.56605   0.166134
91   1.56541   0.16514
92   1.56435   0.164121
93   1.56521   0.163318
94   1.56687   0.162617
95   1.56763   0.161828
96   1.56828   0.161041
97   1.56828   0.160199
98   1.56773   0.159315
99   1.56676   0.158403
100   1.56603   0.157528
