1   -3.1521   0
2   -3.32769   2.88721
3   -3.38744   2.26136
4   -3.41747   1.91247
5   -3.43483   1.6842
6   -3.4461   1.52072
7   -3.45392   1.3965
8   -3.45978   1.29816
9   -3.46457   1.21795
10   -3.46849   1.1509
11   -3.47152   1.09371
12   -3.47395   1.0442
13   -3.47636   1.00093
14   -3.47841   0.962602
15   -3.47989   0.928266
16   -3.48149   0.897427
17   -3.48286   0.869454
18   -3.48393   0.843898
19   -3.48508   0.820511
20   -3.48601   0.79894
21   -3.48692   0.778995
22   -3.4878   0.760482
23   -3.48846   0.743197
24   -3.48917   0.727058
25   -3.48979   0.711918
26   -3.49036   0.697687
27   -3.49082   0.684261
28   -3.49127   0.671584
29   -3.49162   0.659573
30   -3.49195   0.648185
31   -3.49237   0.637386
32   -3.49277   0.627109
33   -3.49308   0.617304
34   -3.49351   0.607968
35   -3.49374   0.599011
36   -3.49398   0.590443
37   -3.49415   0.582223
38   -3.49435   0.574343
39   -3.4946   0.566784
40   -3.49471   0.559495
41   -3.49483   0.552484
42   -3.49495   0.54573
43   -3.49505   0.539214
44   -3.49515   0.532927
45   -3.49532   0.526867
46   -3.4955   0.521011
47   -3.49577   0.515361
48   -3.49601   0.509887
49   -3.49616   0.504573
50   -3.4963   0.499422
51   -3.49642   0.494422
52   -3.49659   0.489576
53   -3.49682   0.48488
54   -3.49696   0.480306
55   -3.49703   0.47585
56   -3.49709   0.471515
57   -3.49713   0.467292
58   -3.49714   0.463178
59   -3.49722   0.45918
60   -3.49726   0.455278
61   -3.49725   0.45147
62   -3.49731   0.447762
63   -3.49737   0.444145
64   -3.49745   0.440618
65   -3.49757   0.437178
66   -3.49765   0.433813
67   -3.49772   0.430524
68   -3.49779   0.427308
69   -3.49785   0.424162
70   -3.49788   0.421082
71   -3.49787   0.418063
72   -3.49794   0.415117
73   -3.49803   0.412236
74   -3.49811   0.409413
75   -3.49818   0.406646
76   -3.49824   0.403933
77   -3.49835   0.40128
78   -3.49844   0.398677
79   -3.49851   0.396122
80   -3.49855   0.393612
81   -3.49861   0.391151
82   -3.49866   0.388735
83   -3.49873   0.386366
84   -3.4988   0.384039
85   -3.49889   0.381757
86   -3.49901   0.379517
87   -3.49908   0.377312
88   -3.49916   0.375146
89   -3.49921   0.373014
90   -3.49923   0.370916
91   -3.49927   0.368853
92   -3.49934   0.366829
93   -3.49942   0.364838
94   -3.49947   0.362877
95   -3.49949   0.360943
96   -3.49951   0.359041
97   -3.4995   0.357166
98   -3.49952   0.355322
99   -3.49951   0.353504
100   -3.49953   0.351716
