1   0.968244   0
2   0.982597   0.851075
3   0.997013   0.664883
4   1.01526   0.567964
5   1.03625   0.508368
6   1.04804   0.462813
7   1.05119   0.425277
8   1.04905   0.393833
9   1.04692   0.36822
10   1.04721   0.347635
11   1.04835   0.330415
12   1.04504   0.314251
13   1.03854   0.299211
14   1.04033   0.288069
15   1.04142   0.277958
16   1.04005   0.26824
17   1.04284   0.260478
18   1.04221   0.252586
19   1.04058   0.245121
20   1.04399   0.23941
21   1.04262   0.233064
22   1.04221   0.227373
23   1.03851   0.221401
24   1.0367   0.216172
25   1.03897   0.212104
26   1.03911   0.207851
27   1.04231   0.204471
28   1.04253   0.200694
29   1.045   0.197561
30   1.04577   0.19427
31   1.04753   0.191335
32   1.04651   0.188044
33   1.04565   0.184933
34   1.04667   0.182288
35   1.04852   0.179914
36   1.04854   0.177328
37   1.04893   0.174913
38   1.04736   0.172282
39   1.04656   0.16987
40   1.0465   0.167669
41   1.04556   0.165412
42   1.04465   0.163242
43   1.04318   0.161066
44   1.04154   0.15894
45   1.04157   0.157127
46   1.04134   0.155335
47   1.04032   0.153489
48   1.04052   0.151875
49   1.04002   0.150212
50   1.03907   0.148538
51   1.03852   0.146967
52   1.03879   0.145555
53   1.03932   0.144222
54   1.04101   0.143095
55   1.04109   0.141774
56   1.0412   0.140493
57   1.04159   0.139284
58   1.04189   0.138096
59   1.0411   0.136798
60   1.04206   0.135761
61   1.04229   0.134653
62   1.04302   0.133639
63   1.04266   0.13251
64   1.04166   0.131331
65   1.04162   0.130294
66   1.04277   0.129435
67   1.04271   0.128442
68   1.04249   0.127453
69   1.04238   0.126497
70   1.04284   0.125632
71   1.04179   0.12461
72   1.04085   0.123619
73   1.04003   0.122663
74   1.04129   0.121973
75   1.04231   0.121268
76   1.04227   0.120451
77   1.04263   0.119696
78   1.04285   0.118941
79   1.04267   0.118155
80   1.04209   0.11734
81   1.04156   0.116545
82   1.04158   0.115825
83   1.0415   0.115106
84   1.04146   0.114406
85   1.04196   0.113777
86   1.0422   0.113131
87   1.04216   0.112467
88   1.04263   0.111868
89   1.04347   0.111322
90   1.04403   0.110756
91   1.04361   0.110094
92   1.0429   0.109414
93   1.04347   0.108878
94   1.04458   0.108411
95   1.04509   0.107885
96   1.04552   0.107361
97   1.04552   0.106799
98   1.04516   0.10621
99   1.0445   0.105602
100   1.04402   0.105019
