1   1.51693   0
2   1.48477   0.0321598
3   1.49803   0.0228122
4   1.4929   0.016925
5   1.49529   0.0133246
6   1.49219   0.0113098
7   1.4826   0.0135464
8   1.48672   0.0124364
9   1.48498   0.0111064
10   1.48617   0.0100052
11   1.48766   0.00917265
12   1.48622   0.00849638
13   1.48463   0.00797522
14   1.48697   0.00774342
15   1.4882   0.00731367
16   1.49095   0.00737441
17   1.49246   0.00708841
18   1.49148   0.00675409
19   1.49012   0.00653216
20   1.49208   0.00649932
21   1.49165   0.00619703
22   1.49098   0.00594683
23   1.49035   0.00571723
24   1.48963   0.00552089
25   1.49038   0.00534929
26   1.4905   0.00514077
27   1.49143   0.00503355
28   1.49092   0.00487698
29   1.49021   0.00475948
30   1.49277   0.00526319
31   1.49172   0.00519831
32   1.49195   0.00503833
33   1.49106   0.00496318
34   1.49123   0.00481813
35   1.49191   0.0047271
36   1.49147   0.00461479
37   1.49186   0.00450541
38   1.49149   0.00440143
39   1.49101   0.00431338
40   1.49089   0.0042058
41   1.49129   0.00412159
42   1.49164   0.0040374
43   1.49232   0.00399939
44   1.49332   0.00403469
45   1.49454   0.00412921
46   1.49493   0.00405663
47   1.494   0.00407624
48   1.49288   0.00414572
49   1.49485   0.00451377
50   1.49525   0.00444036
51   1.49505   0.00435705
52   1.49454   0.00430245
53   1.49402   0.00425174
54   1.4939   0.00417409
55   1.49262   0.00429232
56   1.49252   0.00421626
57   1.49447   0.00457877
58   1.49389   0.00453626
59   1.49282   0.00458553
60   1.49235   0.00453297
61   1.49389   0.00471584
62   1.49443   0.00467028
63   1.49363   0.00466427
64   1.49451   0.00467534
65   1.49426   0.00460961
66   1.49452   0.00454623
67   1.49511   0.00451674
68   1.49509   0.00444986
69   1.49497   0.0043865
70   1.49555   0.00436289
71   1.49561   0.00430132
72   1.49608   0.00426743
73   1.4962   0.00421032
74   1.49663   0.00417547
75   1.49656   0.00412016
76   1.49673   0.00406919
77   1.49589   0.00410212
78   1.49701   0.0042023
79   1.4968   0.00415406
80   1.49644   0.00411831
81   1.49662   0.00407148
82   1.49663   0.00402153
83   1.49735   0.0040378
84   1.49614   0.00416927
85   1.49563   0.00415099
86   1.49561   0.00410249
87   1.49532   0.00406535
88   1.49557   0.0040264
89   1.49517   0.00400124
90   1.49528   0.00395809
91   1.49544   0.00391767
92   1.49546   0.00387491
93   1.49605   0.00387784
94   1.49586   0.00384093
95   1.49531   0.00383971
96   1.4949   0.00382185
97   1.49502   0.00378434
98   1.49497   0.0037459
99   1.49491   0.00370836
100   1.49517   0.00367994
