1   178.697   0
2   188.8   163.817
3   191.198   127.621
4   193.211   108.119
5   193.976   95.1074
6   193.906   85.5624
7   194.296   78.5537
8   194.795   73.0871
9   195.278   68.6478
10   195.617   64.9082
11   195.658   61.6416
12   195.979   58.9076
13   196.366   56.5397
14   196.709   54.4382
15   196.879   52.5199
16   197.002   50.783
17   197.257   49.2451
18   197.449   47.8297
19   197.578   46.519
20   197.634   45.2966
21   197.812   44.1943
22   197.936   43.1603
23   198.035   42.1925
24   198.108   41.283
25   198.208   40.4366
26   198.155   39.6112
27   198.137   38.8402
28   198.317   38.1506
29   198.4   37.4802
30   198.544   36.8566
31   198.682   36.2634
32   198.845   35.7043
33   199.108   35.1902
34   199.292   34.6862
35   199.493   34.2078
36   199.781   33.766
37   200.074   33.3442
38   200.392   32.9446
39   200.724   32.5642
40   200.988   32.1876
41   201.233   31.8223
42   201.564   31.4855
43   201.911   31.1639
44   202.142   30.8353
45   202.367   30.5177
46   202.616   30.2147
47   202.804   29.9126
48   202.894   29.6058
49   202.982   29.3088
50   203.059   29.019
51   203.149   28.7402
52   203.179   28.4611
53   203.152   28.1822
54   203.101   27.908
55   203.083   27.646
56   203.028   27.386
57   203.014   27.1384
58   203.033   26.9017
59   203.003   26.6648
60   203.009   26.4386
61   203.05   26.2225
62   203.146   26.019
63   203.226   25.8186
64   203.306   25.623
65   203.398   25.4335
66   203.452   25.2438
67   203.55   25.064
68   203.645   24.888
69   203.742   24.7162
70   203.85   24.5496
71   203.98   24.3893
72   204.113   24.233
73   204.161   24.0697
74   204.221   23.9113
75   204.322   23.7611
76   204.433   23.615
77   204.534   23.4709
78   204.616   23.3274
79   204.707   23.1878
80   204.811   23.0524
81   204.934   22.9219
82   205.057   22.7938
83   205.145   22.6643
84   205.235   22.5372
85   205.376   22.4185
86   205.51   22.3009
87   205.669   22.1886
88   205.83   22.0783
89   205.932   21.9636
90   206.038   21.8512
91   206.167   21.7434
92   206.291   21.6367
93   206.389   21.5292
94   206.468   21.4214
95   206.52   21.3125
96   206.584   21.2065
97   206.632   21.1006
98   206.662   20.9945
99   206.704   20.8913
100   206.738   20.7889
