1   -35.9807   0
2   -38.1312   33.0925
3   -37.901   25.2989
4   -38.5888   21.6012
5   -38.5514   18.9065
6   -37.9556   16.7627
7   -37.9715   15.3629
8   -38.1882   14.3383
9   -38.451   13.5275
10   -38.61   12.821
11   -38.5067   12.1403
12   -38.7107   11.6449
13   -38.9953   11.2394
14   -39.2504   10.8752
15   -39.3433   10.5072
16   -39.4001   10.1674
17   -39.5983   9.89736
18   -39.7374   9.63745
19   -39.8179   9.38593
20   -39.8327   9.13956
21   -39.9731   8.94101
22   -40.0621   8.74566
23   -40.1293   8.55937
24   -40.1732   8.38063
25   -40.2462   8.2195
26   -40.1674   8.03815
27   -40.1278   7.87444
28   -40.2865   7.75938
29   -40.348   7.63135
30   -40.4753   7.52324
31   -40.5947   7.4194
32   -40.7425   7.32662
33   -40.9912   7.25918
34   -41.1595   7.17926
35   -41.3478   7.10729
36   -41.6228   7.05637
37   -41.9038   7.00948
38   -42.2105   6.97048
39   -42.5322   6.93679
40   -42.7852   6.89135
41   -43.0201   6.84469
42   -43.3427   6.81744
43   -43.68   6.79475
44   -43.9009   6.75113
45   -44.1186   6.70883
46   -44.3591   6.67253
47   -44.5381   6.62696
48   -44.6209   6.56737
49   -44.7031   6.50971
50   -44.7732   6.45215
51   -44.8568   6.39852
52   -44.88   6.33772
53   -44.8463   6.27096
54   -44.79   6.20317
55   -44.7673   6.14156
56   -44.7068   6.07684
57   -44.688   6.01904
58   -44.7017   5.96702
59   -44.6674   5.91024
60   -44.6698   5.85952
61   -44.7061   5.81455
62   -44.7979   5.77842
63   -44.8742   5.74111
64   -44.9512   5.70485
65   -45.0377   5.67088
66   -45.089   5.63304
67   -45.1844   5.60208
68   -45.2755   5.57134
69   -45.369   5.5417
70   -45.4746   5.51447
71   -45.6004   5.49076
72   -45.7303   5.46826
73   -45.7744   5.43492
74   -45.8323   5.40408
75   -45.9308   5.37919
76   -46.0387   5.35615
77   -46.1366   5.33233
78   -46.216   5.30666
79   -46.3051   5.28281
80   -46.4062   5.26103
81   -46.5274   5.24242
82   -46.6474   5.22407
83   -46.7332   5.20174
84   -46.8203   5.18004
85   -46.9607   5.16576
86   -47.0909   5.15046
87   -47.2489   5.13928
88   -47.4067   5.12836
89   -47.5072   5.11022
90   -47.6107   5.09287
91   -47.7384   5.07894
92   -47.86   5.06454
93   -47.9567   5.04736
94   -48.0335   5.02813
95   -48.0836   5.0062
96   -48.1458   4.986
97   -48.191   4.96427
98   -48.2197   4.94113
99   -48.2604   4.91964
100   -48.294   4.89775
