1   16.5136   0
2   17.0906   14.8121
3   18.2075   12.1942
4   18.2293   10.2238
5   18.956   9.33674
6   20.093   8.96769
7   20.3967   8.32973
8   20.2772   7.67663
9   19.9997   7.09379
10   19.7988   6.62661
11   19.8181   6.29288
12   19.5173   5.9178
13   19.1585   5.57397
14   18.9522   5.3009
15   19.0492   5.13254
16   19.2549   5.01339
17   19.3227   4.86953
18   19.4113   4.74456
19   19.5155   4.63486
20   19.6076   4.53173
21   19.4942   4.39199
22   19.3598   4.25799
23   19.2294   4.13337
24   19.1488   4.02546
25   19.1124   3.93237
26   19.2967   3.89277
27   19.4763   3.85513
28   19.4644   3.77965
29   19.5506   3.72761
30   19.6023   3.67166
31   19.6824   3.62439
32   19.7475   3.57673
33   19.7267   3.51598
34   19.8001   3.47495
35   19.8582   3.43308
36   19.8184   3.37654
37   19.7691   3.32086
38   19.7138   3.26649
39   19.6847   3.21805
40   19.7643   3.18959
41   19.882   3.16954
42   19.9125   3.13492
43   19.9282   3.09927
44   20.0559   3.08444
45   20.1597   3.06592
46   20.1931   3.03622
47   20.2483   3.01108
48   20.3525   2.99525
49   20.395   2.96974
50   20.3726   2.9357
51   20.2838   2.89463
52   20.2368   2.85949
53   20.252   2.83352
54   20.2869   2.81117
55   20.2725   2.7827
56   20.2705   2.7566
57   20.2157   2.72477
58   20.1386   2.69136
59   20.139   2.66772
60   20.1412   2.64491
61   20.1345   2.62157
62   20.1032   2.59585
63   20.1179   2.57639
64   20.1576   2.56081
65   20.205   2.54672
66   20.2865   2.53807
67   20.3081   2.52118
68   20.3018   2.50124
69   20.2635   2.47817
70   20.1955   2.45268
71   20.1123   2.42637
72   20.061   2.40344
73   20.1359   2.3963
74   20.2208   2.39087
75   20.2552   2.37855
76   20.2571   2.36255
77   20.2516   2.34604
78   20.2523   2.33054
79   20.2339   2.31329
80   20.1968   2.29449
81   20.1415   2.27439
82   20.1026   2.2561
83   20.1185   2.24382
84   20.1478   2.23339
85   20.1387   2.21883
86   20.1487   2.2066
87   20.1426   2.19284
88   20.1492   2.18068
89   20.2177   2.17635
90   20.2629   2.16907
91   20.2427   2.15474
92   20.1948   2.13821
93   20.1545   2.12256
94   20.1285   2.10838
95   20.1212   2.09619
96   20.0903   2.082
97   20.0623   2.06828
98   20.0434   2.05557
99   20.0136   2.04209
100   19.9954   2.02982
