1   -0.214758   0
2   -0.251321   0.0365638
3   -0.266246   0.0258532
4   -0.276979   0.0211986
5   -0.281519   0.0170364
6   -0.282838   0.0139726
7   -0.283471   0.011826
8   -0.284076   0.0102594
9   -0.287294   0.00960331
10   -0.289707   0.00892186
11   -0.294696   0.00948766
12   -0.298753   0.00956426
13   -0.30121   0.00913438
14   -0.304141   0.00895037
15   -0.30716   0.00886236
16   -0.309163   0.00852859
17   -0.313327   0.00902888
18   -0.318984   0.0102203
19   -0.323114   0.0105127
20   -0.324433   0.0100601
21   -0.326508   0.00979149
22   -0.32728   0.00936773
23   -0.327362   0.00895155
24   -0.327225   0.00857155
25   -0.327137   0.00822202
26   -0.326188   0.00795624
27   -0.326516   0.00766289
28   -0.32699   0.00739936
29   -0.326866   0.00714072
30   -0.327157   0.00690472
31   -0.328349   0.00678379
32   -0.329798   0.00672629
33   -0.332306   0.00698531
34   -0.334192   0.00703428
35   -0.335472   0.00694917
36   -0.3375   0.00705122
37   -0.34023   0.00738151
38   -0.342116   0.00742815
39   -0.342881   0.00727544
40   -0.343055   0.00709338
41   -0.344299   0.00702909
42   -0.345755   0.00701241
43   -0.347636   0.00710105
44   -0.350082   0.00735657
45   -0.351977   0.00743671
46   -0.35422   0.00761124
47   -0.356417   0.00776465
48   -0.357309   0.00765342
49   -0.358663   0.00761684
50   -0.359954   0.00757388
51   -0.360467   0.00744158
52   -0.360622   0.00729871
53   -0.36076   0.007161
54   -0.36078   0.00702717
55   -0.360765   0.00689824
56   -0.361054   0.00678012
57   -0.361313   0.00666512
58   -0.361869   0.00657279
59   -0.362257   0.00647202
60   -0.362468   0.00636676
61   -0.362209   0.00626689
62   -0.361877   0.00617392
63   -0.362186   0.00608297
64   -0.363173   0.00606796
65   -0.363795   0.00600622
66   -0.364084   0.00592157
67   -0.36471   0.00586605
68   -0.364865   0.0057812
69   -0.364597   0.00570311
70   -0.364839   0.00562625
71   -0.365249   0.00556158
72   -0.365674   0.00550025
73   -0.365634   0.00542453
74   -0.365089   0.00537834
75   -0.364887   0.00531002
76   -0.365267   0.00525352
77   -0.366061   0.00524514
78   -0.36649   0.00519527
79   -0.366371   0.00513047
80   -0.366106   0.00507284
81   -0.365684   0.00502762
82   -0.365326   0.00497883
83   -0.365084   0.00492443
84   -0.364939   0.00486761
85   -0.364795   0.00481214
86   -0.36444   0.00476911
87   -0.364026   0.00473212
88   -0.363736   0.00468704
89   -0.363429   0.00464424
90   -0.362923   0.00462013
91   -0.362575   0.00458225
92   -0.362837   0.0045397
93   -0.363247   0.00450929
94   -0.363027   0.00446646
95   -0.362815   0.00442429
96   -0.362806   0.00437797
97   -0.362861   0.00433295
98   -0.362885   0.00428857
99   -0.362972   0.00424593
100   -0.363277   0.0042143
