1   1.67145   0
2   1.67147   2.06673e-05
3   1.67151   4.48399e-05
4   1.67151   3.17096e-05
5   1.67152   2.65309e-05
6   1.67152   2.18976e-05
7   1.67153   2.22456e-05
8   1.67152   2.16997e-05
9   1.67151   2.01244e-05
10   1.67151   1.80448e-05
11   1.6715   1.94322e-05
12   1.67151   1.88224e-05
13   1.6715   1.75314e-05
14   1.6715   1.62461e-05
15   1.6715   1.51276e-05
16   1.67151   1.42343e-05
17   1.6715   1.43233e-05
18   1.6715   1.40692e-05
19   1.6715   1.54295e-05
20   1.6715   1.50848e-05
21   1.6715   1.4438e-05
22   1.67151   1.41677e-05
23   1.67151   1.35744e-05
24   1.67151   1.31548e-05
25   1.67151   1.26207e-05
26   1.67151   1.21496e-05
27   1.6715   1.3281e-05
28   1.6715   1.2878e-05
29   1.67151   1.2551e-05
30   1.6715   1.24014e-05
31   1.6715   1.20148e-05
32   1.67151   1.17601e-05
33   1.67151   1.14017e-05
34   1.67151   1.25019e-05
35   1.67151   1.21915e-05
36   1.67151   1.27591e-05
37   1.67151   1.24543e-05
38   1.67151   1.21395e-05
39   1.67151   1.18568e-05
40   1.6715   1.23188e-05
41   1.6715   1.27299e-05
42   1.6715   1.29064e-05
43   1.67149   1.30576e-05
44   1.67149   1.29032e-05
45   1.67149   1.26477e-05
46   1.67149   1.34644e-05
47   1.67149   1.31753e-05
48   1.67149   1.29011e-05
49   1.67148   1.26876e-05
50   1.67149   1.27067e-05
51   1.67149   1.26009e-05
52   1.67149   1.24411e-05
53   1.67149   1.22279e-05
54   1.67149   1.20202e-05
55   1.67149   1.18021e-05
56   1.67148   1.16148e-05
57   1.67148   1.14161e-05
58   1.67148   1.12333e-05
59   1.67148   1.11299e-05
60   1.67149   1.09961e-05
61   1.67149   1.08165e-05
62   1.67148   1.07183e-05
63   1.67148   1.07843e-05
64   1.67148   1.07243e-05
65   1.67148   1.08147e-05
66   1.67148   1.11432e-05
67   1.67148   1.11227e-05
68   1.67148   1.09859e-05
69   1.67148   1.11057e-05
70   1.67147   1.11068e-05
71   1.67147   1.11489e-05
72   1.67147   1.1368e-05
73   1.67147   1.12307e-05
74   1.67147   1.11686e-05
75   1.67147   1.11113e-05
76   1.67147   1.10116e-05
77   1.67146   1.0881e-05
78   1.67147   1.08829e-05
79   1.67147   1.0763e-05
80   1.67147   1.06525e-05
81   1.67147   1.06098e-05
82   1.67147   1.04929e-05
83   1.67147   1.03673e-05
84   1.67147   1.0244e-05
85   1.67147   1.01371e-05
86   1.67147   1.0023e-05
87   1.67147   9.91299e-06
88   1.67147   9.80025e-06
89   1.67147   9.77783e-06
90   1.67147   9.66877e-06
91   1.67147   9.65688e-06
92   1.67147   9.66061e-06
93   1.67147   9.57791e-06
94   1.67147   9.4774e-06
95   1.67147   9.45452e-06
96   1.67147   9.50481e-06
97   1.67147   9.40865e-06
98   1.67147   9.41526e-06
99   1.67147   9.34996e-06
100   1.67146   9.26125e-06
