1   1.25747   0
2   1.28186   0.0243896
3   1.29184   0.0172586
4   1.29899   0.0141467
5   1.30203   0.01137
6   1.3029   0.00932499
7   1.30333   0.00789278
8   1.30373   0.00684685
9   1.30587   0.00640682
10   1.30748   0.00595165
11   1.3108   0.0063243
12   1.31351   0.00637728
13   1.31514   0.00609008
14   1.3171   0.00596749
15   1.31911   0.00590868
16   1.32045   0.00568637
17   1.32322   0.00601821
18   1.32699   0.00681126
19   1.32975   0.00700856
20   1.33062   0.00670648
21   1.33201   0.00652765
22   1.33252   0.00624533
23   1.33258   0.00596787
24   1.33249   0.00571451
25   1.33243   0.00548148
26   1.3318   0.00530423
27   1.33201   0.00510849
28   1.33233   0.00493286
29   1.33225   0.00476042
30   1.33244   0.00460301
31   1.33324   0.00452249
32   1.3342   0.0044844
33   1.33588   0.00465713
34   1.33714   0.0046908
35   1.33799   0.00463387
36   1.33934   0.00470092
37   1.34116   0.00492136
38   1.34242   0.00495254
39   1.34293   0.00485066
40   1.34304   0.00472921
41   1.34387   0.00468584
42   1.34483   0.00467424
43   1.34609   0.00473278
44   1.34771   0.0049028
45   1.34898   0.00495646
46   1.35047   0.00507187
47   1.35193   0.00517426
48   1.35253   0.00510018
49   1.35343   0.00507574
50   1.35429   0.00504747
51   1.35464   0.00495922
52   1.35474   0.00486403
53   1.35483   0.00477225
54   1.35484   0.00468306
55   1.35483   0.00459714
56   1.35503   0.0045184
57   1.3552   0.00444176
58   1.35557   0.00438021
59   1.35583   0.00431311
60   1.35597   0.00424299
61   1.3558   0.00417643
62   1.35557   0.00411452
63   1.35578   0.00405384
64   1.35644   0.00404371
65   1.35685   0.00400275
66   1.35704   0.00394623
67   1.35746   0.00390912
68   1.35756   0.00385256
69   1.35738   0.0038006
70   1.35754   0.00374934
71   1.35781   0.00370614
72   1.35809   0.00366513
73   1.35807   0.00361468
74   1.3577   0.00358401
75   1.35757   0.00353852
76   1.35782   0.00350083
77   1.35835   0.00349522
78   1.35864   0.0034621
79   1.35856   0.00341892
80   1.35838   0.0033805
81   1.3581   0.0033503
82   1.35786   0.00331777
83   1.3577   0.00328151
84   1.3576   0.00324365
85   1.35751   0.00320667
86   1.35727   0.003178
87   1.357   0.00315334
88   1.3568   0.0031233
89   1.3566   0.00309472
90   1.35626   0.00307868
91   1.35603   0.00305337
92   1.35621   0.00302497
93   1.35648   0.00300468
94   1.35633   0.00297615
95   1.35619   0.00294809
96   1.35618   0.00291723
97   1.35622   0.00288723
98   1.35623   0.00285765
99   1.35629   0.00282923
100   1.35649   0.00280815
