1   0.0663734   0
2   0.0589179   0.00745549
3   0.059335   0.00432459
4   0.0573788   0.00363015
5   0.0554754   0.00339551
6   0.0553827   0.00277397
7   0.0541038   0.00267053
8   0.0534972   0.00239098
9   0.0534013   0.00211083
10   0.0536932   0.0019104
11   0.0532127   0.00179359
12   0.0534616   0.00165613
13   0.0525929   0.00175369
14   0.0527564   0.00163181
15   0.0528841   0.00152449
16   0.053182   0.0014568
17   0.0526729   0.00146004
18   0.0531166   0.00144627
19   0.0531245   0.00136806
20   0.0539025   0.00151317
21   0.0537799   0.00144453
22   0.0537271   0.00137832
23   0.0536318   0.00132047
24   0.0535743   0.00126556
25   0.0534608   0.00121917
26   0.0535383   0.0011739
27   0.0533602   0.00114354
28   0.0533053   0.00110331
29   0.052891   0.00114237
30   0.0528288   0.00110538
31   0.0527896   0.00106985
32   0.0525786   0.00105714
33   0.0524114   0.00103816
34   0.0526005   0.00102476
35   0.0525774   0.000995319
36   0.0526435   0.000969534
37   0.0526893   0.000944076
38   0.0528138   0.000927289
39   0.0527872   0.000903591
40   0.05259   0.000902513
41   0.0524955   0.000885287
42   0.0524882   0.000863982
43   0.0523271   0.000858903
44   0.0522936   0.000839822
45   0.052305   0.000821026
46   0.0523862   0.00080708
47   0.0523182   0.000792648
48   0.0522607   0.000778082
49   0.0521311   0.000772981
50   0.0522411   0.000765302
51   0.0521002   0.000763252
52   0.0521344   0.000749208
53   0.0520885   0.000736366
54   0.0520628   0.000723057
55   0.0519963   0.000712898
56   0.0518217   0.000721495
57   0.051775   0.000710265
58   0.0517666   0.000697962
59   0.0518484   0.000690892
60   0.0518538   0.000679301
61   0.0517842   0.000671682
62   0.0516818   0.000668651
63   0.0516404   0.00065925
64   0.0517687   0.000661417
65   0.0517678   0.000651163
66   0.0517154   0.000643355
67   0.0517666   0.000635745
68   0.0516628   0.000634878
69   0.0517224   0.000628444
70   0.0515837   0.000634739
71   0.0515672   0.000625951
72   0.051626   0.000619986
73   0.0515878   0.000612626
74   0.0516402   0.000606559
75   0.0515709   0.000602425
76   0.0515693   0.000594447
77   0.0516408   0.000591014
78   0.0515909   0.000585522
79   0.0515906   0.000578063
80   0.0515487   0.000572323
81   0.0515877   0.000566557
82   0.051518   0.000563933
83   0.0515175   0.000557097
84   0.0516373   0.00056331
85   0.051639   0.000556646
86   0.0516607   0.000550562
87   0.0517118   0.000546588
88   0.0517095   0.000540346
89   0.0517241   0.000534441
90   0.051714   0.000528566
91   0.0517027   0.000522847
92   0.0517513   0.000519418
93   0.0518277   0.00051945
94   0.0518336   0.000513928
95   0.0517871   0.000510605
96   0.0517954   0.000505326
97   0.0518451   0.000502555
98   0.051846   0.000497401
99   0.0518288   0.000492653
100   0.0518348   0.000487739
