1   1.8862   0
2   1.92279   0.0365844
3   1.93776   0.0258879
4   1.94849   0.02122
5   1.95304   0.0170551
6   1.95435   0.0139875
7   1.955   0.0118392
8   1.95559   0.0102703
9   1.95881   0.00961023
10   1.96122   0.00892748
11   1.9662   0.00948644
12   1.97026   0.00956592
13   1.97271   0.00913512
14   1.97565   0.00895124
15   1.97866   0.00886302
16   1.98067   0.00852955
17   1.98483   0.00902731
18   1.99048   0.0102169
19   1.99462   0.0105128
20   1.99593   0.0100597
21   1.99801   0.00979147
22   1.99879   0.00936799
23   1.99887   0.00895181
24   1.99873   0.00857177
25   1.99865   0.00822223
26   1.9977   0.00795635
27   1.99802   0.00766273
28   1.99849   0.00739929
29   1.99837   0.00714063
30   1.99866   0.00690452
31   1.99985   0.00678373
32   2.0013   0.00672659
33   2.00381   0.00698569
34   2.0057   0.0070362
35   2.00698   0.0069508
36   2.00901   0.00705137
37   2.01174   0.00738204
38   2.01362   0.00742881
39   2.01439   0.00727599
40   2.01456   0.00709381
41   2.0158   0.00702876
42   2.01725   0.00701137
43   2.01913   0.00709917
44   2.02157   0.0073542
45   2.02347   0.0074347
46   2.02571   0.0076078
47   2.0279   0.00776139
48   2.0288   0.00765028
49   2.03015   0.0076136
50   2.03144   0.00757121
51   2.03195   0.00743883
52   2.03211   0.00729605
53   2.03225   0.00715838
54   2.03227   0.00702459
55   2.03225   0.00689571
56   2.03254   0.00677761
57   2.0328   0.00666264
58   2.03335   0.00657031
59   2.03374   0.00646967
60   2.03395   0.00636449
61   2.0337   0.00626465
62   2.03336   0.00617178
63   2.03367   0.00608076
64   2.03465   0.00606557
65   2.03528   0.00600412
66   2.03556   0.00591935
67   2.03619   0.00586367
68   2.03634   0.00577885
69   2.03607   0.00570091
70   2.03631   0.005624
71   2.03672   0.00555921
72   2.03714   0.0054977
73   2.0371   0.00542201
74   2.03656   0.00537601
75   2.03635   0.00530778
76   2.03673   0.00525124
77   2.03753   0.00524283
78   2.03796   0.00519314
79   2.03784   0.00512839
80   2.03757   0.00507075
81   2.03715   0.00502544
82   2.03679   0.00497665
83   2.03655   0.00492227
84   2.03641   0.00486548
85   2.03626   0.00481001
86   2.03591   0.004767
87   2.0355   0.00473001
88   2.03521   0.00468495
89   2.0349   0.00464209
90   2.03439   0.00461801
91   2.03405   0.00458006
92   2.03431   0.00453745
93   2.03472   0.00450701
94   2.0345   0.00446422
95   2.03428   0.00442214
96   2.03427   0.00437584
97   2.03433   0.00433084
98   2.03435   0.00428648
99   2.03444   0.00424384
100   2.03474   0.00421222
