1   131.68   0
2   131.165   0.51504
3   131.899   0.79201
4   131.764   0.576065
5   131.711   0.449406
6   132.041   0.493712
7   132.009   0.418517
8   131.95   0.367221
9   131.985   0.325717
10   131.804   0.343091
11   131.778   0.311388
12   131.814   0.286518
13   131.895   0.275755
14   131.917   0.256252
15   131.917   0.238558
16   131.892   0.22459
17   131.855   0.214194
18   131.879   0.203421
19   131.912   0.195232
20   131.906   0.185313
21   131.982   0.19178
22   131.884   0.207184
23   131.957   0.21073
24   131.956   0.201759
25   131.947   0.193774
26   131.907   0.190242
27   131.85   0.191959
28   131.927   0.200313
29   131.772   0.247625
30   131.785   0.23963
31   131.873   0.247824
32   131.805   0.249419
33   131.813   0.241866
34   131.884   0.245057
35   131.929   0.242317
36   131.89   0.238715
37   131.94   0.237482
38   131.933   0.23126
39   131.907   0.226741
40   131.925   0.22173
41   131.953   0.218066
42   131.898   0.219834
43   131.896   0.214668
44   131.913   0.210423
45   131.911   0.205704
46   131.91   0.201184
47   131.895   0.197445
48   131.884   0.193641
49   131.918   0.192752
50   131.924   0.188951
51   131.934   0.185477
52   131.928   0.181973
53   131.909   0.179534
54   131.896   0.176664
55   131.896   0.173422
56   131.862   0.173601
57   131.878   0.171278
58   131.875   0.168333
59   131.88   0.165543
60   131.921   0.167782
61   131.884   0.16911
62   131.886   0.166373
63   131.895   0.163945
64   131.858   0.165525
65   131.87   0.163435
66   131.866   0.161002
67   131.85   0.159341
68   131.885   0.160784
69   131.871   0.159032
70   131.886   0.157462
71   131.918   0.158415
72   131.907   0.156568
73   131.887   0.155691
74   131.889   0.15358
75   131.91   0.153062
76   131.896   0.151704
77   131.94   0.156139
78   131.93   0.154439
79   131.9   0.155461
80   131.925   0.155456
81   131.936   0.153961
82   131.91   0.154265
83   131.908   0.152417
84   131.934   0.152806
85   131.913   0.152442
86   131.929   0.151549
87   131.928   0.149806
88   131.916   0.148532
89   131.923   0.146998
90   131.928   0.14545
91   131.956   0.146467
92   131.937   0.14601
93   131.946   0.144704
94   131.943   0.143185
95   131.947   0.14173
96   131.953   0.140358
97   131.961   0.139127
98   131.947   0.138406
99   131.936   0.137404
100   131.956   0.137436
