1   1.03901   0
2   1.02595   0.0130606
3   1.00888   0.0186601
4   1.00073   0.0155096
5   0.999193   0.0121116
6   0.995176   0.010674
7   0.990439   0.0101891
8   0.986002   0.00987651
9   0.98398   0.00894197
10   0.983821   0.00799952
11   0.986651   0.00776936
12   0.984024   0.00756303
13   0.985493   0.00711035
14   0.986234   0.00662443
15   0.985798   0.0061824
16   0.985655   0.00578488
17   0.987044   0.00560881
18   0.986177   0.00535865
19   0.984472   0.005348
20   0.984134   0.00508481
21   0.983296   0.0049087
22   0.98259   0.00473323
23   0.981473   0.00465862
24   0.981326   0.00446271
25   0.982325   0.00439553
26   0.983895   0.00450541
27   0.985993   0.00481661
28   0.987337   0.00483206
29   0.986494   0.00473811
30   0.986048   0.00459911
31   0.986632   0.00448636
32   0.985587   0.00446764
33   0.984579   0.00444605
34   0.984714   0.00431541
35   0.983335   0.00441134
36   0.982744   0.00432753
37   0.982794   0.00420924
38   0.983468   0.00415212
39   0.983885   0.00406569
40   0.983776   0.00396424
41   0.983789   0.00386637
42   0.984155   0.00379098
43   0.98423   0.00370253
44   0.984458   0.00362453
45   0.984242   0.00354959
46   0.98497   0.003547
47   0.984949   0.00347077
48   0.985437   0.00343248
49   0.984636   0.00345577
50   0.984618   0.003386
51   0.984563   0.0033194
52   0.985104   0.00329964
53   0.985151   0.00323712
54   0.984761   0.00320056
55   0.984498   0.00315278
56   0.983533   0.00324284
57   0.983442   0.00318674
58   0.983506   0.00313197
59   0.983348   0.00308245
60   0.983499   0.00303437
61   0.983673   0.00298928
62   0.983838   0.0029453
63   0.983522   0.00291529
64   0.983938   0.0028993
65   0.983639   0.00287
66   0.983472   0.00283108
67   0.982666   0.00290256
68   0.982126   0.00291024
69   0.981583   0.00291857
70   0.981559   0.00287668
71   0.981558   0.00283587
72   0.981465   0.00279775
73   0.981476   0.00275917
74   0.981399   0.00272272
75   0.981168   0.00269604
76   0.981446   0.00267477
77   0.981357   0.00264132
78   0.981465   0.00260948
79   0.981543   0.00257743
80   0.981761   0.00255434
81   0.982273   0.00257403
82   0.982501   0.00255262
83   0.982295   0.00253001
84   0.982605   0.00251886
85   0.982741   0.00249273
86   0.982583   0.00246862
87   0.982868   0.00245665
88   0.983236   0.00245637
89   0.983525   0.00244576
90   0.984004   0.00246528
91   0.983949   0.00243866
92   0.983523   0.00244922
93   0.98343   0.00242454
94   0.983708   0.00241466
95   0.984002   0.0024072
96   0.984014   0.00238202
97   0.984381   0.00238578
98   0.984967   0.00243293
99   0.984727   0.00242017
100   0.984638   0.00239748
