1   1.55852   0
2   1.53893   0.0195909
3   1.51332   0.0279902
4   1.50109   0.0232644
5   1.49879   0.0181674
6   1.49276   0.016011
7   1.48566   0.0152836
8   1.479   0.0148148
9   1.47597   0.013413
10   1.47573   0.0119993
11   1.47998   0.011654
12   1.47604   0.0113446
13   1.47824   0.0106655
14   1.47935   0.00993665
15   1.4787   0.00927361
16   1.47848   0.00867732
17   1.48057   0.00841321
18   1.47927   0.00803798
19   1.47671   0.008022
20   1.4762   0.00762722
21   1.47494   0.00736304
22   1.47388   0.00709985
23   1.47221   0.00698793
24   1.47199   0.00669406
25   1.47349   0.0065933
26   1.47584   0.00675811
27   1.47899   0.00722492
28   1.48101   0.00724809
29   1.47974   0.00710716
30   1.47907   0.00689866
31   1.47995   0.00672954
32   1.47838   0.00670146
33   1.47687   0.00666907
34   1.47707   0.00647311
35   1.475   0.00661701
36   1.47412   0.0064913
37   1.47419   0.00631386
38   1.4752   0.00622818
39   1.47583   0.00609853
40   1.47566   0.00594636
41   1.47568   0.00579955
42   1.47623   0.00568647
43   1.47635   0.00555379
44   1.47669   0.00543679
45   1.47636   0.00532439
46   1.47746   0.0053205
47   1.47742   0.00520616
48   1.47816   0.00514871
49   1.47695   0.00518366
50   1.47693   0.005079
51   1.47684   0.00497909
52   1.47766   0.00494946
53   1.47773   0.00485569
54   1.47714   0.00480084
55   1.47675   0.00472917
56   1.4753   0.00486427
57   1.47516   0.00478012
58   1.47526   0.00469795
59   1.47502   0.00462367
60   1.47525   0.00455155
61   1.47551   0.00448392
62   1.47576   0.00441795
63   1.47528   0.00437294
64   1.47591   0.00434895
65   1.47546   0.004305
66   1.47521   0.00424662
67   1.474   0.00435384
68   1.47319   0.00436536
69   1.47238   0.00437785
70   1.47234   0.00431502
71   1.47234   0.00425381
72   1.4722   0.00419662
73   1.47221   0.00413876
74   1.4721   0.00408408
75   1.47175   0.00404405
76   1.47217   0.00401216
77   1.47203   0.00396198
78   1.4722   0.00391423
79   1.47231   0.00386614
80   1.47264   0.00383151
81   1.47341   0.00386104
82   1.47375   0.00382892
83   1.47344   0.00379502
84   1.47391   0.0037783
85   1.47411   0.00373909
86   1.47387   0.00370292
87   1.4743   0.00368497
88   1.47485   0.00368455
89   1.47529   0.00366864
90   1.47601   0.00369792
91   1.47592   0.00365799
92   1.47529   0.00367382
93   1.47514   0.00363681
94   1.47556   0.00362199
95   1.476   0.0036108
96   1.47602   0.00357303
97   1.47657   0.00357867
98   1.47745   0.00364939
99   1.47709   0.00363025
100   1.47696   0.00359622
