1   1.58579   0
2   1.68163   0.0958347
3   1.72597   0.0709057
4   1.74145   0.0524725
5   1.71379   0.0491644
6   1.72582   0.0419067
7   1.76838   0.0553762
8   1.78046   0.0494538
9   1.79138   0.0449604
10   1.78486   0.0407383
11   1.74649   0.0531994
12   1.75303   0.0490025
13   1.72738   0.051866
14   1.71135   0.0506217
15   1.69514   0.0498376
16   1.69304   0.0466659
17   1.67981   0.0457896
18   1.67986   0.0431709
19   1.68843   0.0417251
20   1.68601   0.0396578
21   1.68831   0.0377917
22   1.68977   0.0360627
23   1.6932   0.0346288
24   1.69015   0.0332945
25   1.68006   0.0334894
26   1.66409   0.0359225
27   1.65128   0.0368643
28   1.64148   0.0368499
29   1.64707   0.0359931
30   1.64875   0.0348132
31   1.64418   0.0339791
32   1.64836   0.0331641
33   1.6528   0.0324484
34   1.65155   0.0315042
35   1.66051   0.0318756
36   1.66212   0.0310192
37   1.66016   0.0302327
38   1.65653   0.0296488
39   1.65242   0.0291698
40   1.65056   0.0284917
41   1.64894   0.0278355
42   1.64429   0.0275606
43   1.64356   0.0269218
44   1.64279   0.0263142
45   1.64349   0.0257325
46   1.63915   0.0255394
47   1.64137   0.025089
48   1.6397   0.0246176
49   1.65068   0.0264915
50   1.65118   0.0259611
51   1.65079   0.02545
52   1.64659   0.0253059
53   1.64913   0.0249529
54   1.65543   0.0252831
55   1.65554   0.0248194
56   1.66184   0.0251749
57   1.66318   0.0247656
58   1.65884   0.0247193
59   1.65973   0.024313
60   1.65773   0.0239873
61   1.65833   0.0235984
62   1.65601   0.0233306
63   1.65808   0.0230509
64   1.65503   0.0228919
65   1.65649   0.0225841
66   1.65694   0.0222437
67   1.65957   0.0220664
68   1.66134   0.0218121
69   1.66144   0.0214939
70   1.66071   0.0211972
71   1.65972   0.0209199
72   1.6583   0.0206762
73   1.65774   0.0203988
74   1.65836   0.0201311
75   1.65922   0.0198791
76   1.65599   0.0198801
77   1.65614   0.0196209
78   1.65649   0.0193708
79   1.65549   0.0191502
80   1.65443   0.0189394
81   1.65033   0.0191477
82   1.64657   0.0192823
83   1.64717   0.0190579
84   1.64299   0.0192876
85   1.6416   0.0191101
86   1.64504   0.0191975
87   1.64242   0.0191552
88   1.6414   0.0189639
89   1.63954   0.0188411
90   1.6362   0.0189284
91   1.63789   0.0187958
92   1.64209   0.0190589
93   1.64261   0.0188598
94   1.6393   0.0189485
95   1.63622   0.0190001
96   1.6351   0.0188344
97   1.63336   0.0187197
98   1.63026   0.0187853
99   1.6343   0.0190279
100   1.63517   0.0188565
