1   -5.21835   0
2   -5.19798   0.0203712
3   -5.17154   0.0289379
4   -5.15918   0.0239053
5   -5.15624   0.0187502
6   -5.15004   0.0165159
7   -5.14298   0.015642
8   -5.13584   0.0153112
9   -5.13274   0.0138562
10   -5.13245   0.0123967
11   -5.13671   0.0119934
12   -5.13262   0.011685
13   -5.13486   0.010978
14   -5.13629   0.0102648
15   -5.1358   0.00956856
16   -5.13565   0.00895191
17   -5.13776   0.00866944
18   -5.13638   0.00828935
19   -5.13375   0.00826889
20   -5.13326   0.00785994
21   -5.13206   0.00757196
22   -5.13099   0.00729816
23   -5.12926   0.00718631
24   -5.12923   0.00688043
25   -5.1308   0.00678347
26   -5.13326   0.00696745
27   -5.13649   0.00744092
28   -5.1385   0.007446
29   -5.1372   0.00730013
30   -5.1365   0.00708788
31   -5.13736   0.00690975
32   -5.13581   0.00686794
33   -5.13432   0.00682076
34   -5.13452   0.00661999
35   -5.1324   0.00676826
36   -5.13155   0.00663244
37   -5.13159   0.00645084
38   -5.13259   0.00635837
39   -5.13317   0.00622007
40   -5.13298   0.0060656
41   -5.13306   0.00591635
42   -5.13367   0.00580581
43   -5.13384   0.00567183
44   -5.13417   0.00555108
45   -5.13382   0.00543754
46   -5.13492   0.00542982
47   -5.13493   0.00531305
48   -5.13574   0.00526449
49   -5.13454   0.00529335
50   -5.13452   0.00518643
51   -5.13448   0.00508389
52   -5.13534   0.00505886
53   -5.13544   0.00496346
54   -5.1348   0.00491288
55   -5.1344   0.00483921
56   -5.13294   0.00497232
57   -5.13283   0.00488541
58   -5.13297   0.00480254
59   -5.13273   0.00472654
60   -5.13295   0.00465223
61   -5.13318   0.00458123
62   -5.13341   0.00451251
63   -5.13298   0.00446129
64   -5.13364   0.00443976
65   -5.13319   0.00439411
66   -5.13295   0.00433361
67   -5.13174   0.00443444
68   -5.13089   0.00445206
69   -5.13008   0.00446151
70   -5.13004   0.00439745
71   -5.13004   0.00433507
72   -5.12993   0.00427586
73   -5.12997   0.0042171
74   -5.12988   0.00416081
75   -5.12956   0.00411737
76   -5.13001   0.00408757
77   -5.12983   0.00403789
78   -5.12996   0.00398775
79   -5.13011   0.00393998
80   -5.13047   0.00390661
81   -5.13124   0.00393491
82   -5.1316   0.00390259
83   -5.13129   0.00386723
84   -5.13175   0.00384858
85   -5.13197   0.00380914
86   -5.13174   0.00377128
87   -5.13216   0.00375109
88   -5.13268   0.00374477
89   -5.13309   0.00372515
90   -5.13383   0.00375558
91   -5.13373   0.00371532
92   -5.13311   0.00372607
93   -5.13301   0.00368735
94   -5.13345   0.00367525
95   -5.13391   0.00366498
96   -5.13392   0.00362662
97   -5.13446   0.00362965
98   -5.13533   0.00369551
99   -5.13494   0.00367931
100   -5.13479   0.00364506
