1   -3.65984   0
2   -3.65906   0.000780302
3   -3.65822   0.00095043
4   -3.65809   0.000684991
5   -3.65745   0.000833597
6   -3.65728   0.000701501
7   -3.65732   0.00059463
8   -3.65684   0.000705141
9   -3.65677   0.000626306
10   -3.65672   0.00056207
11   -3.65673   0.000508531
12   -3.65659   0.000485889
13   -3.65662   0.000447925
14   -3.65694   0.000527508
15   -3.65711   0.000517594
16   -3.65717   0.000487819
17   -3.65719   0.000458919
18   -3.65711   0.000439935
19   -3.65704   0.000421577
20   -3.65706   0.00040025
21   -3.65712   0.000385005
22   -3.65711   0.000367195
23   -3.65705   0.000355974
24   -3.65724   0.000391272
25   -3.65731   0.00038187
26   -3.65742   0.000382731
27   -3.6575   0.000376783
28   -3.65749   0.000363172
29   -3.65746   0.000351574
30   -3.65742   0.000341725
31   -3.65741   0.000330677
32   -3.65743   0.000320506
33   -3.65745   0.000311665
34   -3.65745   0.000302448
35   -3.6574   0.000297985
36   -3.65743   0.000291625
37   -3.6574   0.000285432
38   -3.65739   0.00027796
39   -3.65734   0.000274914
40   -3.65731   0.000269409
41   -3.65738   0.000269923
42   -3.65743   0.000269894
43   -3.6575   0.000270461
44   -3.65748   0.000264594
45   -3.65746   0.000259998
46   -3.65746   0.000254329
47   -3.6575   0.000252202
48   -3.65758   0.000260434
49   -3.65759   0.000255081
50   -3.6576   0.000250161
51   -3.65764   0.000248548
52   -3.65769   0.000248477
53   -3.65771   0.000245301
54   -3.65766   0.000247238
55   -3.65765   0.000242758
56   -3.65764   0.000238942
57   -3.65767   0.000236966
58   -3.65772   0.000237381
59   -3.65771   0.00023336
60   -3.6577   0.000229551
61   -3.65768   0.000227564
62   -3.65766   0.000224698
63   -3.6577   0.000224874
64   -3.65773   0.000223755
65   -3.65773   0.000220293
66   -3.65774   0.000217196
67   -3.65775   0.000214031
68   -3.6577   0.000215851
69   -3.6577   0.000212707
70   -3.6577   0.000209663
71   -3.6577   0.000206692
72   -3.65773   0.000205817
73   -3.65776   0.000204773
74   -3.65778   0.000202975
75   -3.65781   0.000201951
76   -3.65784   0.000201925
77   -3.6578   0.000203207
78   -3.65776   0.000203998
79   -3.6578   0.000204794
80   -3.65783   0.000204157
81   -3.65783   0.000201706
82   -3.65784   0.000199547
83   -3.65785   0.000197171
84   -3.65784   0.000194861
85   -3.65786   0.000192973
86   -3.65787   0.000191093
87   -3.65786   0.000189089
88   -3.65783   0.00018946
89   -3.65781   0.00018874
90   -3.65782   0.000187208
91   -3.65781   0.000185638
92   -3.65783   0.000184861
93   -3.65786   0.000185802
94   -3.65789   0.000186329
95   -3.65791   0.000184987
96   -3.6579   0.000183118
97   -3.65789   0.000181468
98   -3.65788   0.000180019
99   -3.65785   0.000181652
100   -3.65784   0.000180013
