1   -439.181   0
2   -439.087   0.0936362
3   -438.986   0.114052
4   -438.971   0.0821989
5   -438.894   0.100032
6   -438.874   0.0841801
7   -438.878   0.0713556
8   -438.821   0.0846169
9   -438.812   0.0751567
10   -438.806   0.0674484
11   -438.808   0.0610237
12   -438.791   0.0583067
13   -438.794   0.053751
14   -438.833   0.063301
15   -438.853   0.0621113
16   -438.86   0.0585383
17   -438.863   0.0550703
18   -438.853   0.0527922
19   -438.845   0.0505892
20   -438.847   0.04803
21   -438.854   0.0462006
22   -438.853   0.0440634
23   -438.846   0.0427169
24   -438.869   0.0469526
25   -438.877   0.0458244
26   -438.89   0.0459277
27   -438.9   0.045214
28   -438.899   0.0435806
29   -438.895   0.0421889
30   -438.89   0.041007
31   -438.889   0.0396812
32   -438.892   0.0384607
33   -438.894   0.0373998
34   -438.894   0.0362938
35   -438.888   0.0357582
36   -438.892   0.034995
37   -438.888   0.0342518
38   -438.887   0.0333552
39   -438.881   0.0329897
40   -438.877   0.0323291
41   -438.886   0.0323908
42   -438.892   0.0323873
43   -438.9   0.0324553
44   -438.898   0.0317513
45   -438.895   0.0311998
46   -438.895   0.0305195
47   -438.9   0.0302642
48   -438.91   0.0312521
49   -438.911   0.0306097
50   -438.912   0.0300193
51   -438.917   0.0298258
52   -438.923   0.0298172
53   -438.925   0.0294361
54   -438.919   0.0296686
55   -438.918   0.029131
56   -438.917   0.028673
57   -438.92   0.0284359
58   -438.926   0.0284857
59   -438.925   0.0280032
60   -438.924   0.0275461
61   -438.922   0.0273077
62   -438.919   0.0269638
63   -438.924   0.0269849
64   -438.928   0.0268506
65   -438.928   0.0264352
66   -438.929   0.0260635
67   -438.93   0.0256837
68   -438.924   0.0259021
69   -438.924   0.0255248
70   -438.924   0.0251596
71   -438.924   0.024803
72   -438.928   0.024698
73   -438.931   0.0245728
74   -438.934   0.024357
75   -438.937   0.0242341
76   -438.941   0.024231
77   -438.936   0.0243848
78   -438.931   0.0244798
79   -438.936   0.0245753
80   -438.94   0.0244988
81   -438.94   0.0242047
82   -438.941   0.0239456
83   -438.942   0.0236605
84   -438.941   0.0233833
85   -438.943   0.0231568
86   -438.944   0.0229312
87   -438.943   0.0226907
88   -438.94   0.0227352
89   -438.937   0.0226488
90   -438.938   0.022465
91   -438.937   0.0222766
92   -438.94   0.0221833
93   -438.943   0.0222962
94   -438.947   0.0223595
95   -438.949   0.0221984
96   -438.948   0.0219742
97   -438.947   0.0217762
98   -438.946   0.0216023
99   -438.942   0.0217982
100   -438.941   0.0216016
