1   187.022   0
2   184.672   2.35091
3   181.598   3.35882
4   180.131   2.79173
5   179.855   2.18009
6   179.131   1.92132
7   178.279   1.83403
8   177.48   1.77778
9   177.116   1.60956
10   177.088   1.43992
11   177.598   1.39848
12   177.125   1.36135
13   177.389   1.27986
14   177.522   1.1924
15   177.444   1.11283
16   177.418   1.04128
17   177.668   1.00959
18   177.512   0.964558
19   177.205   0.96264
20   177.144   0.915266
21   176.993   0.883565
22   176.866   0.851982
23   176.665   0.838552
24   176.639   0.803287
25   176.819   0.791196
26   177.101   0.810973
27   177.479   0.86699
28   177.721   0.869771
29   177.569   0.852859
30   177.488   0.827839
31   177.594   0.807545
32   177.406   0.804175
33   177.224   0.800288
34   177.248   0.776773
35   177   0.794041
36   176.894   0.778956
37   176.903   0.757663
38   177.024   0.747382
39   177.1   0.731824
40   177.079   0.713563
41   177.082   0.695946
42   177.148   0.682376
43   177.162   0.666455
44   177.203   0.652415
45   177.163   0.638927
46   177.295   0.63846
47   177.29   0.624739
48   177.379   0.617845
49   177.234   0.622039
50   177.232   0.60948
51   177.221   0.597491
52   177.319   0.593935
53   177.328   0.582683
54   177.257   0.576101
55   177.21   0.5675
56   177.036   0.583712
57   177.019   0.573614
58   177.031   0.563754
59   177.002   0.55484
60   177.03   0.546186
61   177.061   0.53807
62   177.091   0.530154
63   177.034   0.524753
64   177.109   0.521874
65   177.055   0.5166
66   177.025   0.509594
67   176.88   0.522461
68   176.783   0.523843
69   176.686   0.525342
70   176.681   0.517802
71   176.681   0.510457
72   176.664   0.503594
73   176.665   0.496651
74   176.652   0.49009
75   176.61   0.485286
76   176.66   0.481459
77   176.644   0.475438
78   176.664   0.469708
79   176.677   0.463937
80   176.717   0.459781
81   176.809   0.463325
82   176.85   0.45947
83   176.813   0.455402
84   176.869   0.453396
85   176.893   0.448691
86   176.864   0.44435
87   176.916   0.442196
88   176.982   0.442146
89   177.035   0.440237
90   177.121   0.44375
91   177.11   0.438959
92   177.035   0.440858
93   177.017   0.436417
94   177.067   0.434639
95   177.12   0.433296
96   177.122   0.428764
97   177.188   0.42944
98   177.294   0.437927
99   177.251   0.43563
100   177.235   0.431546
