1   -626.202   0
2   -623.758   2.44454
3   -620.585   3.47255
4   -619.102   2.86864
5   -618.749   2.25002
6   -618.005   1.98191
7   -617.158   1.87704
8   -616.301   1.83734
9   -615.929   1.66274
10   -615.894   1.4876
11   -616.405   1.43921
12   -615.914   1.4022
13   -616.183   1.31736
14   -616.355   1.23178
15   -616.296   1.14823
16   -616.278   1.07423
17   -616.531   1.04033
18   -616.366   0.994722
19   -616.05   0.992267
20   -615.991   0.943193
21   -615.847   0.908635
22   -615.719   0.875779
23   -615.511   0.862357
24   -615.508   0.825652
25   -615.696   0.814016
26   -615.991   0.836094
27   -616.379   0.89291
28   -616.62   0.89352
29   -616.464   0.876016
30   -616.38   0.850546
31   -616.483   0.82917
32   -616.297   0.824153
33   -616.118   0.818491
34   -616.142   0.794399
35   -615.888   0.812191
36   -615.786   0.795893
37   -615.791   0.774101
38   -615.911   0.763004
39   -615.98   0.746408
40   -615.958   0.727872
41   -615.967   0.709962
42   -616.04   0.696697
43   -616.061   0.68062
44   -616.1   0.66613
45   -616.058   0.652505
46   -616.19   0.651578
47   -616.192   0.637566
48   -616.289   0.631739
49   -616.145   0.635202
50   -616.142   0.622372
51   -616.138   0.610067
52   -616.241   0.607063
53   -616.253   0.595615
54   -616.176   0.589546
55   -616.128   0.580705
56   -615.953   0.596678
57   -615.94   0.586249
58   -615.956   0.576305
59   -615.928   0.567185
60   -615.954   0.558268
61   -615.982   0.549748
62   -616.009   0.541501
63   -615.958   0.535355
64   -616.037   0.532771
65   -615.983   0.527293
66   -615.954   0.520033
67   -615.809   0.532133
68   -615.707   0.534247
69   -615.61   0.535381
70   -615.605   0.527694
71   -615.605   0.520208
72   -615.592   0.513103
73   -615.596   0.506052
74   -615.586   0.499297
75   -615.547   0.494084
76   -615.601   0.490508
77   -615.58   0.484547
78   -615.595   0.47853
79   -615.613   0.472798
80   -615.656   0.468793
81   -615.749   0.472189
82   -615.792   0.468311
83   -615.755   0.464068
84   -615.81   0.46183
85   -615.836   0.457097
86   -615.809   0.452554
87   -615.859   0.450131
88   -615.922   0.449372
89   -615.971   0.447018
90   -616.06   0.45067
91   -616.048   0.445838
92   -615.973   0.447128
93   -615.961   0.442482
94   -616.014   0.44103
95   -616.069   0.439798
96   -616.07   0.435194
97   -616.135   0.435558
98   -616.24   0.443461
99   -616.193   0.441517
100   -616.175   0.437407
