1   -505.194   0
2   -533.244   462.654
3   -542.796   362.351
4   -547.506   306.39
5   -550.297   269.826
6   -552.204   243.681
7   -553.554   223.816
8   -554.494   208.054
9   -555.311   195.217
10   -555.96   184.477
11   -556.511   175.331
12   -556.97   167.414
13   -557.361   160.478
14   -557.664   154.326
15   -557.913   148.824
16   -558.133   143.871
17   -558.346   139.384
18   -558.536   135.292
19   -558.704   131.539
20   -558.874   128.085
21   -559.035   124.891
22   -559.176   121.923
23   -559.309   119.158
24   -559.445   116.575
25   -559.563   114.152
26   -559.673   111.873
27   -559.757   109.722
28   -559.844   107.692
29   -559.932   105.772
30   -560.004   103.95
31   -560.065   102.217
32   -560.122   100.567
33   -560.183   98.9968
34   -560.231   97.4957
35   -560.281   96.0619
36   -560.347   94.6925
37   -560.406   93.3796
38   -560.455   92.1185
39   -560.496   90.9062
40   -560.529   89.7397
41   -560.555   88.6161
42   -560.586   87.5345
43   -560.614   86.4915
44   -560.65   85.4861
45   -560.683   84.5148
46   -560.706   83.5746
47   -560.734   82.6658
48   -560.754   81.7852
49   -560.793   80.9348
50   -560.818   80.1089
51   -560.842   79.3078
52   -560.87   78.5306
53   -560.888   77.7749
54   -560.908   77.0405
55   -560.916   76.3254
56   -560.936   75.6312
57   -560.954   74.9557
58   -560.972   74.2979
59   -560.988   73.6572
60   -561.003   73.0323
61   -561.016   72.4231
62   -561.024   71.8284
63   -561.033   71.2478
64   -561.042   70.6817
65   -561.047   70.128
66   -561.055   69.5877
67   -561.06   69.0594
68   -561.065   68.5427
69   -561.07   68.0375
70   -561.077   67.5436
71   -561.078   67.0598
72   -561.083   66.5865
73   -561.087   66.123
74   -561.095   65.6697
75   -561.103   65.2254
76   -561.11   64.79
77   -561.121   64.3638
78   -561.134   63.9461
79   -561.141   63.5357
80   -561.147   63.1331
81   -561.16   62.7389
82   -561.17   62.3515
83   -561.18   61.9713
84   -561.183   61.5971
85   -561.192   61.2304
86   -561.195   60.8696
87   -561.205   60.5157
88   -561.218   60.1683
89   -561.226   59.8265
90   -561.236   59.4907
91   -561.247   59.1604
92   -561.26   58.8358
93   -561.272   58.5165
94   -561.282   58.2021
95   -561.293   57.8928
96   -561.303   57.5884
97   -561.316   57.289
98   -561.326   56.9939
99   -561.329   56.7028
100   -561.334   56.4163
