1.20439
1.19497
1.21983
1.20146
1.20272
1.2228
1.20562
1.20308
1.20972
1.1906
1.20295
1.20923
1.21526
1.20919
1.20658
1.20285
1.20057
1.21002
1.21195
1.2054
1.22097
1.18755
1.22145
1.20688
1.20465
1.19752
1.1922
1.22563
1.16559
1.20903
1.23023
1.18624
1.20785
1.22758
1.22091
1.19379
1.22321
1.20428
1.19745
1.21304
1.21715
1.18571
1.20564
1.21322
1.20568
1.20625
1.19996
1.20122
1.22169
1.20927
1.21128
1.20388
1.19736
1.20002
1.20644
1.1891
1.21441
1.20442
1.20909
1.22858
1.18594
1.20742
1.21132
1.18476
1.21343
1.20341
1.19656
1.22757
1.19759
1.21576
1.22681
1.19949
1.19315
1.20725
1.22117
1.1966
1.23757
1.19974
1.18476
1.22437
1.21521
1.1873
1.2045
1.22639
1.19043
1.21942
1.20538
1.19747
1.21185
1.21091
1.22963
1.19156
1.2143
1.20438
1.21038
1.21177
1.21388
1.19445
1.1973
1.22471
