9.62169
9.67979
9.52995
9.61267
9.60394
9.53842
9.60272
9.62903
9.57297
9.67547
9.62657
9.57888
9.5539
9.5938
9.58765
9.6283
9.62339
9.56313
9.55553
9.61689
9.51675
9.71377
9.5088
9.60955
9.58515
9.6198
9.68212
9.46863
9.81687
9.60958
9.45742
9.70376
9.56504
9.46098
9.50067
9.64408
9.48914
9.63256
9.66087
9.57432
9.5519
9.70753
9.58902
9.58622
9.5999
9.58362
9.64877
9.63409
9.54053
9.57731
9.58725
9.63238
9.68215
9.66365
9.61559
9.71612
9.54648
9.62051
9.58729
9.47223
9.71849
9.57722
9.53493
9.69357
9.58823
9.602
9.63807
9.47245
9.67073
9.54879
9.50599
9.63604
9.66639
9.61707
9.54401
9.67745
9.40436
9.62904
9.71684
9.50635
9.54957
9.73958
9.64001
9.47832
9.71415
9.55334
9.63988
9.65229
9.57249
9.56255
9.4437
9.67488
9.56584
9.6181
9.58541
9.58711
9.55103
9.65628
9.63842
9.48356
