1   -545.875   0
2   -570.901   495.048
3   -581.3   387.942
4   -587.264   328.586
5   -588.98   288.746
6   -588.658   259.727
7   -591.68   239.213
8   -593.411   222.647
9   -594.295   208.914
10   -596.052   197.78
11   -597.187   188.148
12   -598.448   179.887
13   -599.173   172.523
14   -599.478   165.902
15   -599.536   159.931
16   -599.504   154.54
17   -599.692   149.71
18   -599.719   145.271
19   -599.088   141.05
20   -599.365   137.369
21   -599.906   134.027
22   -600.284   130.891
23   -599.879   127.806
24   -600.376   125.11
25   -600.515   122.51
26   -600.866   120.113
27   -600.78   117.768
28   -600.661   115.549
29   -600.823   113.502
30   -600.858   111.537
31   -600.827   109.66
32   -600.781   107.871
33   -600.936   106.203
34   -600.932   104.583
35   -601.009   103.048
36   -601.043   101.573
37   -601.541   100.238
38   -601.886   98.9332
39   -601.998   97.6421
40   -601.956   96.3767
41   -601.956   95.1654
42   -601.853   93.9824
43   -601.844   92.8565
44   -601.99   91.7934
45   -602.327   90.7963
46   -602.677   89.8355
47   -602.676   88.854
48   -602.666   87.9028
49   -602.708   86.9888
50   -603.04   86.1451
51   -603.074   85.2845
52   -603.019   84.437
53   -603.025   83.6222
54   -603.148   82.8469
55   -603.232   82.0879
56   -603.28   81.345
57   -603.686   80.6711
58   -603.938   79.9942
59   -604.091   79.3219
60   -604.178   78.6586
61   -604.115   77.9922
62   -604.111   77.35
63   -604.066   76.718
64   -604.127   76.1146
65   -604.14   75.5194
66   -603.944   74.9123
67   -603.667   74.309
68   -603.512   73.7338
69   -603.484   73.1862
70   -603.288   72.6307
71   -603.167   72.0958
72   -603.073   71.5752
73   -602.998   71.0676
74   -603.013   70.581
75   -602.98   70.0986
76   -602.917   69.6226
77   -602.833   69.1535
78   -602.879   68.7082
79   -602.954   68.275
80   -602.84   67.8287
81   -602.9   67.4102
82   -602.885   66.9912
83   -602.97   66.5909
84   -602.971   66.1886
85   -603.006   65.7973
86   -603.058   65.4148
87   -603.056   65.0333
88   -603.137   64.667
89   -603.239   64.3094
90   -603.34   63.958
91   -603.336   63.6012
92   -603.502   63.2683
93   -603.665   62.9408
94   -603.743   62.6098
95   -603.647   62.266
96   -603.542   61.9267
97   -603.386   61.5876
98   -603.5   61.2809
99   -603.605   60.9781
100   -603.571   60.666
