1   -369.654   0
2   -390.179   338.527
3   -397.168   265.135
4   -400.614   224.188
5   -402.656   197.434
6   -404.052   178.303
7   -405.04   163.768
8   -405.727   152.234
9   -406.325   142.842
10   -406.8   134.983
11   -407.203   128.291
12   -407.539   122.498
13   -407.825   117.423
14   -408.047   112.922
15   -408.229   108.896
16   -408.39   105.271
17   -408.546   101.989
18   -408.685   98.9941
19   -408.808   96.2478
20   -408.932   93.7211
21   -409.05   91.384
22   -409.153   89.2121
23   -409.25   87.1885
24   -409.35   85.2988
25   -409.436   83.5255
26   -409.517   81.8584
27   -409.578   80.2844
28   -409.642   78.7992
29   -409.706   77.3945
30   -409.759   76.0607
31   -409.804   74.7926
32   -409.846   73.5859
33   -409.89   72.4367
34   -409.925   71.3383
35   -409.962   70.2892
36   -410.01   69.2872
37   -410.053   68.3266
38   -410.089   67.4038
39   -410.119   66.5167
40   -410.143   65.6632
41   -410.162   64.841
42   -410.185   64.0496
43   -410.206   63.2864
44   -410.232   62.5508
45   -410.256   61.8401
46   -410.273   61.1521
47   -410.293   60.4872
48   -410.308   59.8428
49   -410.336   59.2206
50   -410.354   58.6163
51   -410.372   58.0301
52   -410.393   57.4614
53   -410.406   56.9084
54   -410.42   56.3711
55   -410.426   55.8479
56   -410.441   55.3399
57   -410.454   54.8456
58   -410.467   54.3643
59   -410.479   53.8955
60   -410.49   53.4383
61   -410.5   52.9925
62   -410.506   52.5574
63   -410.512   52.1326
64   -410.519   51.7183
65   -410.522   51.3132
66   -410.528   50.9178
67   -410.532   50.5313
68   -410.536   50.1532
69   -410.539   49.7836
70   -410.544   49.4221
71   -410.545   49.0681
72   -410.549   48.7218
73   -410.551   48.3827
74   -410.557   48.051
75   -410.563   47.7259
76   -410.568   47.4073
77   -410.576   47.0954
78   -410.586   46.7898
79   -410.591   46.4896
80   -410.596   46.195
81   -410.605   45.9065
82   -410.612   45.623
83   -410.62   45.3449
84   -410.622   45.071
85   -410.628   44.8027
86   -410.63   44.5387
87   -410.638   44.2798
88   -410.647   44.0256
89   -410.653   43.7755
90   -410.66   43.5298
91   -410.669   43.2881
92   -410.678   43.0506
93   -410.687   42.817
94   -410.694   42.5869
95   -410.702   42.3606
96   -410.71   42.1379
97   -410.719   41.9188
98   -410.726   41.7029
99   -410.729   41.4899
100   -410.732   41.2802
