1   176.221   0
2   180.722   156.575
3   184.132   122.83
4   186.65   104.415
5   186.323   91.3309
6   184.606   81.4602
7   186.641   75.4852
8   187.684   70.4461
9   187.97   66.1003
10   189.253   62.827
11   189.984   59.8846
12   190.909   57.4165
13   191.348   55.1244
14   191.43   53.0027
15   191.306   51.0557
16   191.116   49.2865
17   191.146   47.7377
18   191.034   46.2923
19   190.28   44.8226
20   190.432   43.6662
21   190.856   42.6608
22   191.132   41.6964
23   190.628   40.636
24   191.026   39.8292
25   191.078   39.0028
26   191.35   38.2709
27   191.202   37.5001
28   191.02   36.7652
29   191.117   36.122
30   191.099   35.491
31   191.023   34.8811
32   190.936   34.2986
33   191.045   33.7784
34   191.008   33.2563
35   191.047   32.7707
36   191.034   32.297
37   191.486   31.9242
38   191.797   31.5424
39   191.879   31.1378
40   191.813   30.7255
41   191.794   30.336
42   191.666   29.9442
43   191.639   29.5811
44   191.758   29.2535
45   192.07   28.9678
46   192.404   28.6958
47   192.383   28.3788
48   192.358   28.0716
49   192.372   27.7795
50   192.685   27.541
51   192.701   27.2662
52   192.626   26.987
53   192.619   26.7251
54   192.728   26.4868
55   192.805   26.2508
56   192.839   26.0155
57   193.232   25.8376
58   193.471   25.6424
59   193.61   25.4389
60   193.69   25.2325
61   193.615   25.0117
62   193.606   24.8044
63   193.555   24.597
64   193.608   24.4074
65   193.619   24.2172
66   193.416   24.0058
67   193.135   23.7901
68   192.977   23.593
69   192.944   23.4148
70   192.745   23.2211
71   192.622   23.04
72   192.524   22.8656
73   192.448   22.6972
74   192.456   22.5419
75   192.416   22.3843
76   192.349   22.2268
77   192.257   22.0696
78   192.293   21.9298
79   192.362   21.7966
80   192.245   21.645
81   192.295   21.5148
82   192.272   21.379
83   192.35   21.2567
84   192.349   21.128
85   192.379   21.0049
86   192.427   20.8862
87   192.42   20.7635
88   192.49   20.6513
89   192.586   20.5438
90   192.678   20.438
91   192.667   20.3228
92   192.823   20.2277
93   192.978   20.134
94   193.049   20.0328
95   192.946   19.9154
96   192.833   19.7989
97   192.667   19.6793
98   192.774   19.5884
99   192.876   19.4988
100   192.839   19.3962
