1   117.481   0
2   120.481   104.383
3   122.755   81.8863
4   124.433   69.61
5   124.216   60.8873
6   123.071   54.3068
7   124.427   50.3234
8   125.122   46.964
9   125.314   44.0669
10   126.168   41.8847
11   126.656   39.923
12   127.273   38.2777
13   127.566   36.7496
14   127.62   35.3352
15   127.537   34.0372
16   127.41   32.8577
17   127.43   31.8252
18   127.356   30.8616
19   126.854   29.8818
20   126.954   29.1108
21   127.237   28.4406
22   127.421   27.7976
23   127.086   27.0906
24   127.35   26.5528
25   127.386   26.0018
26   127.566   25.5139
27   127.468   25.0001
28   127.346   24.5101
29   127.411   24.0814
30   127.399   23.6606
31   127.349   23.2541
32   127.29   22.8658
33   127.363   22.519
34   127.338   22.171
35   127.364   21.8471
36   127.356   21.5314
37   127.658   21.2827
38   127.865   21.0282
39   127.919   20.7586
40   127.876   20.4836
41   127.862   20.224
42   127.778   19.9628
43   127.759   19.7208
44   127.838   19.5023
45   128.047   19.3118
46   128.269   19.1305
47   128.255   18.9192
48   128.239   18.7144
49   128.248   18.5196
50   128.456   18.3606
51   128.467   18.1775
52   128.418   17.9914
53   128.412   17.8166
54   128.485   17.6579
55   128.537   17.5006
56   128.56   17.3437
57   128.821   17.225
58   128.981   17.095
59   129.074   16.9592
60   129.126   16.8216
61   129.077   16.6745
62   129.07   16.5362
63   129.037   16.398
64   129.072   16.2716
65   129.079   16.1448
66   128.944   16.0038
67   128.756   15.86
68   128.651   15.7286
69   128.629   15.6098
70   128.496   15.4807
71   128.414   15.36
72   128.35   15.2438
73   128.298   15.1314
74   128.304   15.028
75   128.278   14.923
76   128.232   14.8178
77   128.171   14.713
78   128.195   14.6198
79   128.242   14.531
80   128.162   14.43
81   128.196   14.3431
82   128.182   14.2526
83   128.233   14.1712
84   128.233   14.0854
85   128.252   14.0033
86   128.285   13.9241
87   128.28   13.8422
88   128.327   13.7675
89   128.39   13.6958
90   128.453   13.6254
91   128.444   13.5485
92   128.549   13.4851
93   128.652   13.4226
94   128.699   13.3552
95   128.63   13.2769
96   128.555   13.1993
97   128.446   13.1195
98   128.516   13.059
99   128.584   12.9991
100   128.56   12.9307
