1   727.946   0
2   831.575   727.584
3   842.396   564.881
4   834.196   468.378
5   857.718   422.217
6   897.397   399.124
7   884.929   360.477
8   886.743   334.883
9   895.775   316.807
10   886.972   296.074
11   882.034   279.457
12   870.211   263.227
13   864.915   250.561
14   865.659   240.924
15   872.569   234.078
16   883.723   229.246
17   891.818   224.084
18   900.03   219.482
19   915.003   217.271
20   913.634   211.106
21   906.183   204.188
22   901.27   198.206
23   907.768   195.073
24   900.725   189.406
25   898.304   184.889
26   893.811   180.267
27   896.29   177.215
28   899.739   174.548
29   898.229   171.084
30   897.459   167.928
31   896.998   164.985
32   897.984   162.446
33   896.415   159.588
34   896.856   157.198
35   896.153   154.722
36   895.904   152.428
37   888.752   149.259
38   884.567   146.577
39   885.183   144.709
40   888.078   143.304
41   890.025   141.795
42   892.925   140.51
43   893.69   138.923
44   891.906   137.018
45   887.288   134.819
46   882.425   132.661
47   883.149   131.296
48   884.804   130.12
49   885.674   128.864
50   881.759   127.028
51   881.106   125.642
52   881.11   124.385
53   880.395   123.069
54   878.385   121.628
55   877.674   120.385
56   877.77   119.282
57   871.908   117.566
58   867.606   116.028
59   864.761   114.67
60   862.785   113.439
61   863.575   112.575
62   864.519   111.755
63   866.504   111.101
64   867.086   110.274
65   868.596   109.591
66   873.376   109.421
67   879.084   109.418
68   882.766   109.088
69   884.613   108.502
70   888.511   108.23
71   890.895   107.745
72   892.575   107.177
73   893.678   106.547
74   893.674   105.798
75   894.859   105.208
76   896.977   104.752
77   899.128   104.312
78   899.086   103.613
79   898.371   102.855
80   900.176   102.404
81   899.053   101.631
82   898.953   100.977
83   897.634   100.211
84   897.276   99.5552
85   896.478   98.8654
86   895.45   98.1648
87   894.664   97.5005
88   892.455   96.7179
89   890.408   95.9612
90   889.106   95.2814
91   889.227   94.7523
92   886.481   93.9747
93   883.382   93.1835
94   881.605   92.5045
95   882.599   92.1072
96   883.723   91.7303
97   885.183   91.4
98   882.583   90.6932
99   880.274   90.0176
100   879.958   89.5201
