-5.25853
-5.85024
-5.84699
-5.8428
-5.84442
-5.84683
-5.84698
-5.84855
-5.846
-5.8478
-5.84198
-5.84298
-5.84542
-5.84815
-5.84655
-5.84614
-5.84378
-5.84556
-5.84207
-5.8442
-5.84701
-5.84642
-5.84475
-5.84672
-5.84407
-5.84457
-5.84647
-5.84472
-5.84494
-5.84829
-5.84451
-5.84759
-5.84382
-5.84988
-5.84736
-5.84384
-5.84067
-5.84609
-5.84848
-5.84803
-5.84363
-5.84281
-5.84123
-5.84355
-5.84552
-5.84628
-5.84456
-5.843
-5.84424
-5.84557
-5.84665
-5.847
-5.84612
-5.84491
-5.84456
-5.84619
-5.84414
-5.84741
-5.8461
-5.84428
-5.84507
-5.84775
-5.84318
-5.85348
-5.84624
-5.84653
-5.84657
-5.84791
-5.84569
-5.84862
-5.84688
-5.84367
-5.84535
-5.84002
-5.84523
-5.84522
-5.84741
-5.84396
-5.8485
-5.84886
-5.84263
-5.84405
-5.84369
-5.84554
-5.84728
-5.84167
-5.84337
-5.84274
-5.84506
-5.84602
-5.84643
-5.84678
-5.84809
-5.84596
-5.84268
-5.84534
-5.84585
-5.84271
-5.84928
-5.8481
