0.92741
0.96958
0.948727
0.98909
0.938354
1.04262
1.06828
1.01497
0.96849
0.945131
1.01358
0.995758
0.97255
1.03805
1.06692
0.903363
0.918023
0.998844
1.06936
0.979959
1.0524
0.970155
1.01234
1.01406
0.965519
1.00351
1.06207
0.988449
0.953231
1.04528
0.959461
0.977055
1.06531
1.01002
1.05617
0.939886
0.977244
0.935321
1.04137
1.0066
1.04506
0.988807
0.910222
1.0419
1.02743
0.974557
1.01308
0.996689
0.98557
1.04581
0.950241
1.00552
1.06693
0.921671
0.998867
0.980396
1.04137
0.946859
1.08327
0.94201
0.989353
1.10009
0.888524
1.0285
1.08823
0.985903
0.95502
1.03149
1.00644
0.993294
1.04597
0.961133
1.05632
0.993933
0.92428
1.01692
1.01809
1.01615
0.995587
1.07747
0.941184
0.965962
0.921048
1.04221
1.09857
0.995271
0.991971
0.933841
0.982307
0.970116
1.02577
0.980644
1.02953
1.06973
0.971817
1.03194
0.991204
0.988595
1.00681
1.07658
