7.49793
8.64621
8.74766
8.50888
8.80166
8.24769
8.09344
8.38571
8.65557
8.73327
8.36692
8.47284
8.6028
8.20873
8.1088
9.00586
8.91609
8.47145
8.0617
8.54765
8.14263
8.6703
8.4326
8.36451
8.66782
8.4309
8.10585
8.54373
8.75979
8.21229
8.67826
8.56925
8.12007
8.41397
8.14756
8.80175
8.59635
8.86467
8.23719
8.45553
8.24101
8.53576
8.97387
8.24472
8.33298
8.60371
8.3905
8.50506
8.55441
8.17354
8.73394
8.42962
8.1105
8.95373
8.5049
8.54831
8.26178
8.75979
7.99497
8.81224
8.53632
7.906
9.14635
8.28382
8.01446
8.59719
8.74427
8.30616
8.45309
8.47989
8.23484
8.73316
8.16259
8.54413
8.8899
8.34187
8.39069
8.40506
8.45229
8.0304
8.81788
8.6526
8.9251
8.24719
7.93045
8.55543
8.54212
8.86382
8.58909
8.64181
8.35446
8.63062
8.29278
8.06134
8.64602
8.28707
8.51759
8.58426
8.48158
8.09944
