0.618273
0.646387
0.632484
0.659393
0.62557
0.695082
0.712187
0.67665
0.64566
0.630087
0.675717
0.663839
0.648367
0.692032
0.711279
0.602242
0.612016
0.665896
0.712904
0.653306
0.701602
0.64677
0.674892
0.676039
0.643679
0.669009
0.708044
0.658966
0.635487
0.69685
0.639641
0.65137
0.710207
0.673347
0.704113
0.626591
0.651496
0.623547
0.694248
0.671069
0.696706
0.659205
0.606815
0.694598
0.684955
0.649705
0.675387
0.664459
0.657046
0.69721
0.633494
0.67035
0.711288
0.614447
0.665911
0.653597
0.694245
0.631239
0.72218
0.628007
0.659568
0.733396
0.59235
0.685665
0.725484
0.657268
0.63668
0.68766
0.67096
0.662196
0.697316
0.640755
0.704217
0.662622
0.616187
0.677944
0.67873
0.677432
0.663725
0.718314
0.627456
0.643975
0.614032
0.694804
0.732383
0.663514
0.661314
0.62256
0.654871
0.646744
0.683846
0.653762
0.686351
0.713156
0.647878
0.687959
0.660803
0.659063
0.671206
0.717722
