-6.18594
-6.81982
-6.79572
-6.83189
-6.78277
-6.88945
-6.91526
-6.86353
-6.81449
-6.79293
-6.85555
-6.83874
-6.81798
-6.8862
-6.91347
-6.74951
-6.7618
-6.8444
-6.91143
-6.82416
-6.89941
-6.81658
-6.85709
-6.86078
-6.80959
-6.84808
-6.90854
-6.83316
-6.79817
-6.89357
-6.80397
-6.82465
-6.90913
-6.8599
-6.90352
-6.78372
-6.81791
-6.78142
-6.88985
-6.85464
-6.88869
-6.83161
-6.75146
-6.88545
-6.87295
-6.82083
-6.85764
-6.83969
-6.82981
-6.89138
-6.79689
-6.85253
-6.91306
-6.76658
-6.84343
-6.82659
-6.8855
-6.79427
-6.92937
-6.78629
-6.83443
-6.94784
-6.7317
-6.88197
-6.93447
-6.83243
-6.80159
-6.87939
-6.85213
-6.84191
-6.89285
-6.8048
-6.90167
-6.83395
-6.76951
-6.86213
-6.86551
-6.86011
-6.84409
-6.92633
-6.78381
-6.81001
-6.76474
-6.88775
-6.94585
-6.83694
-6.83534
-6.77658
-6.82737
-6.81613
-6.8722
-6.82743
-6.87762
-6.9157
-6.8145
-6.87728
-6.83705
-6.8313
-6.85609
-6.92468
