1   1.99057   0
2   1.74814   0.242426
3   1.68878   0.15203
4   1.63748   0.119117
5   1.63477   0.0923073
6   1.62247   0.0763649
7   1.60123   0.0679452
8   1.59321   0.0593869
9   1.57928   0.0541955
10   1.56539   0.050425
11   1.56261   0.0456959
12   1.55823   0.0419436
13   1.5512   0.0392177
14   1.54206   0.0374417
15   1.53625   0.0353364
16   1.53425   0.0331147
17   1.53031   0.031354
18   1.52803   0.0296491
19   1.52668   0.0280774
20   1.52716   0.0266408
21   1.52595   0.0253692
22   1.5275   0.0242382
23   1.52344   0.0235139
24   1.5259   0.0226468
25   1.5237   0.0218328
26   1.52365   0.0209763
27   1.5224   0.020223
28   1.52222   0.0194882
29   1.52445   0.0189363
30   1.52264   0.0183836
31   1.52214   0.0177878
32   1.52221   0.0172232
33   1.52294   0.016709
34   1.52175   0.0162541
35   1.52194   0.015784
36   1.52207   0.0153399
37   1.52108   0.0149526
38   1.5189   0.0147161
39   1.52063   0.0144387
40   1.51861   0.0142185
41   1.51825   0.0138718
42   1.51869   0.0135446
43   1.51858   0.0132263
44   1.51844   0.012923
45   1.5179   0.0126437
46   1.51705   0.0123955
47   1.51708   0.0121289
48   1.51708   0.0118736
49   1.51718   0.0116292
50   1.51654   0.0114124
51   1.51581   0.0112102
52   1.51622   0.0110002
53   1.51606   0.0107919
54   1.51485   0.0106596
55   1.51387   0.0105091
56   1.51507   0.0103887
57   1.51502   0.010205
58   1.51518   0.0100288
59   1.51589   0.00988301
60   1.51676   0.00975612
61   1.5163   0.00960589
62   1.51615   0.00945096
63   1.51614   0.00929973
64   1.51589   0.00915684
65   1.51571   0.00901658
66   1.5147   0.00893599
67   1.51417   0.00881774
68   1.51449   0.00869287
69   1.5143   0.00856794
70   1.51456   0.00844854
71   1.51356   0.00838836
72   1.51245   0.0083451
73   1.51226   0.00823221
74   1.51143   0.00816205
75   1.51051   0.00810552
76   1.5092   0.0081042
77   1.50942   0.00800127
78   1.50988   0.00791112
79   1.50951   0.00781914
80   1.50923   0.00772556
81   1.50854   0.00766078
82   1.50889   0.00757454
83   1.50899   0.00748349
84   1.50899   0.00739387
85   1.50911   0.0073073
86   1.5084   0.00725622
87   1.50838   0.00717237
88   1.50776   0.00711736
89   1.50787   0.00703784
90   1.50784   0.00695927
91   1.50831   0.00689843
92   1.50815   0.00682497
93   1.50907   0.00681376
94   1.50828   0.00678657
95   1.50813   0.00671658
96   1.50752   0.00667442
97   1.5075   0.00660527
98   1.50753   0.00653758
99   1.50762   0.00647182
100   1.50702   0.00643439
