1   244.219   0
2   258.026   223.883
3   261.304   174.416
4   264.055   147.763
5   265.101   129.98
6   265.004   116.935
7   265.537   107.357
8   266.22   99.8857
9   266.88   93.8187
10   267.343   88.7079
11   267.399   84.2435
12   267.838   80.5071
13   268.366   77.2709
14   268.835   74.3989
15   269.068   71.7772
16   269.236   69.4035
17   269.585   67.3017
18   269.847   65.3673
19   270.023   63.5759
20   270.1   61.9054
21   270.343   60.3989
22   270.513   58.9857
23   270.648   57.6631
24   270.748   56.4201
25   270.884   55.2634
26   270.812   54.1353
27   270.787   53.0816
28   271.033   52.1392
29   271.146   51.2229
30   271.343   50.3706
31   271.532   49.56
32   271.755   48.7959
33   272.114   48.0933
34   272.366   47.4045
35   272.64   46.7507
36   273.034   46.1468
37   273.434   45.5704
38   273.869   45.0242
39   274.323   44.5044
40   274.684   43.9897
41   275.018   43.4905
42   275.471   43.0302
43   275.945   42.5906
44   276.261   42.1416
45   276.568   41.7075
46   276.909   41.2934
47   277.165   40.8806
48   277.288   40.4613
49   277.409   40.0554
50   277.514   39.6593
51   277.637   39.2783
52   277.678   38.8969
53   277.641   38.5157
54   277.572   38.141
55   277.547   37.7828
56   277.472   37.4276
57   277.452   37.0891
58   277.478   36.7657
59   277.437   36.4419
60   277.445   36.1328
61   277.501   35.8374
62   277.632   35.5593
63   277.742   35.2854
64   277.852   35.0181
65   277.977   34.7591
66   278.051   34.4999
67   278.185   34.2542
68   278.315   34.0136
69   278.447   33.7788
70   278.595   33.5511
71   278.772   33.332
72   278.954   33.1185
73   279.02   32.8953
74   279.102   32.6788
75   279.24   32.4735
76   279.392   32.2739
77   279.53   32.0769
78   279.641   31.8808
79   279.766   31.69
80   279.909   31.5049
81   280.076   31.3266
82   280.245   31.1515
83   280.365   30.9745
84   280.488   30.8008
85   280.681   30.6386
86   280.863   30.4779
87   281.081   30.3244
88   281.301   30.1737
89   281.44   30.0169
90   281.585   29.8633
91   281.762   29.716
92   281.931   29.5702
93   282.065   29.4232
94   282.173   29.276
95   282.244   29.1271
96   282.331   28.9822
97   282.397   28.8374
98   282.438   28.6925
99   282.495   28.5514
100   282.542   28.4115
