1   195.045   0
2   205.913   178.657
3   209.507   139.858
4   211.317   118.254
5   212.414   104.152
6   213.131   94.0514
7   213.643   86.3806
8   214.028   80.3067
9   214.33   75.3467
10   214.576   71.1996
11   214.773   67.6646
12   214.933   64.6048
13   215.073   61.9248
14   215.193   59.5515
15   215.299   57.4315
16   215.388   55.5207
17   215.468   53.7887
18   215.54   52.2094
19   215.604   50.7608
20   215.662   49.4262
21   215.712   48.1912
22   215.762   47.0445
23   215.804   45.9758
24   215.844   44.9767
25   215.881   44.0397
26   215.917   43.1596
27   215.945   42.3291
28   215.975   41.5451
29   216.003   40.8034
30   216.027   40.0995
31   216.052   39.4312
32   216.073   38.7949
33   216.093   38.1884
34   216.114   37.61
35   216.132   37.0563
36   216.149   36.5267
37   216.165   36.0192
38   216.18   35.5321
39   216.196   35.0645
40   216.211   34.615
41   216.224   34.182
42   216.236   33.7648
43   216.25   33.3628
44   216.264   32.975
45   216.273   32.5999
46   216.285   32.2376
47   216.296   31.8872
48   216.306   31.5479
49   216.316   31.219
50   216.324   30.9002
51   216.332   30.5912
52   216.342   30.2913
53   216.35   29.9999
54   216.359   29.7166
55   216.365   29.4414
56   216.373   29.1736
57   216.378   28.9129
58   216.385   28.6592
59   216.391   28.412
60   216.398   28.1709
61   216.403   27.9359
62   216.408   27.7068
63   216.414   27.4833
64   216.418   27.265
65   216.424   27.052
66   216.429   26.8437
67   216.434   26.6402
68   216.439   26.4412
69   216.442   26.2467
70   216.447   26.0563
71   216.45   25.87
72   216.457   25.688
73   216.46   25.5095
74   216.464   25.3346
75   216.469   25.1633
76   216.472   24.9954
77   216.475   24.8309
78   216.48   24.6697
79   216.483   24.5114
80   216.487   24.3563
81   216.49   24.2038
82   216.493   24.0544
83   216.496   23.9078
84   216.5   23.7636
85   216.501   23.6221
86   216.505   23.483
87   216.508   23.3464
88   216.511   23.2122
89   216.514   23.0804
90   216.516   22.9507
91   216.519   22.8231
92   216.523   22.6976
93   216.524   22.5741
94   216.528   22.4527
95   216.531   22.3334
96   216.532   22.2158
97   216.536   22.1
98   216.537   21.986
99   216.539   21.8738
100   216.542   21.7633
